<?xml version="1.0" encoding="utf-8"?>
<CoverageSession xmlns:xsd="http://www.w3.org/2001/XMLSchema" xmlns:xsi="http://www.w3.org/2001/XMLSchema-instance" Version="0.0.0.0">
  <Summary numSequencePoints="2614" visitedSequencePoints="1201" numBranchPoints="0" visitedBranchPoints="0" sequenceCoverage="45.94" branchCoverage="0.0" maxCyclomaticComplexity="0" minCyclomaticComplexity="0" maxCrapScore="0" minCrapScore="0" visitedClasses="56" numClasses="123" visitedMethods="185" numMethods="443" />
  <Modules>
    <Module>
      <Summary numSequencePoints="1185" visitedSequencePoints="1016" numBranchPoints="0" visitedBranchPoints="0" sequenceCoverage="85.74" branchCoverage="0.0" maxCyclomaticComplexity="0" minCyclomaticComplexity="0" maxCrapScore="0" minCrapScore="0" visitedClasses="45" numClasses="46" visitedMethods="145" numMethods="148" />
      <ModuleTime>0001-01-01T00:00:00</ModuleTime>
      <ModuleName>Assembly-CSharp</ModuleName>
      <Files>
        <File uid="1" fullPath="C:/Users/kk/Desktop/repositories/Mabworld/Assets/Scripts/Actor.cs" />
        <File uid="2" fullPath="C:/Users/kk/Desktop/repositories/Mabworld/Assets/Scripts/ActorMovementStateMachine.cs" />
        <File uid="3" fullPath="C:/Users/kk/Desktop/repositories/Mabworld/Assets/Scripts/ActorSkillStateMachine.cs" />
        <File uid="4" fullPath="C:/Users/kk/Desktop/repositories/Mabworld/Assets/Scripts/AudioController.cs" />
        <File uid="5" fullPath="C:/Users/kk/Desktop/repositories/Mabworld/Assets/Scripts/EventManager.cs" />
        <File uid="6" fullPath="C:/Users/kk/Desktop/repositories/Mabworld/Assets/Scripts/GameManager.cs" />
        <File uid="7" fullPath="C:/Users/kk/Desktop/repositories/Mabworld/Assets/Scripts/InputController.cs" />
        <File uid="8" fullPath="C:/Users/kk/Desktop/repositories/Mabworld/Assets/Scripts/InventoryBag.cs" />
        <File uid="9" fullPath="C:/Users/kk/Desktop/repositories/Mabworld/Assets/Scripts/InventoryItem.cs" />
        <File uid="10" fullPath="C:/Users/kk/Desktop/repositories/Mabworld/Assets/Scripts/InventoryManager.cs" />
        <File uid="11" fullPath="C:/Users/kk/Desktop/repositories/Mabworld/Assets/Scripts/Item.cs" />
        <File uid="12" fullPath="C:/Users/kk/Desktop/repositories/Mabworld/Assets/Scripts/LightController.cs" />
        <File uid="13" fullPath="C:/Users/kk/Desktop/repositories/Mabworld/Assets/Scripts/LootGenerator.cs" />
        <File uid="14" fullPath="C:/Users/kk/Desktop/repositories/Mabworld/Assets/Scripts/MapResource.cs" />
        <File uid="15" fullPath="C:/Users/kk/Desktop/repositories/Mabworld/Assets/Scripts/Mob.cs" />
        <File uid="16" fullPath="C:/Users/kk/Desktop/repositories/Mabworld/Assets/Scripts/MobStateMachine.cs" />
        <File uid="17" fullPath="C:/Users/kk/Desktop/repositories/Mabworld/Assets/Scripts/NumberRangeValidator.cs" />
        <File uid="18" fullPath="C:/Users/kk/Desktop/repositories/Mabworld/Assets/Scripts/Player.cs" />
        <File uid="19" fullPath="C:/Users/kk/Desktop/repositories/Mabworld/Assets/Scripts/PlayerStateMachine.cs" />
        <File uid="20" fullPath="C:/Users/kk/Desktop/repositories/Mabworld/Assets/Scripts/PrefabFactory.cs" />
        <File uid="21" fullPath="C:/Users/kk/Desktop/repositories/Mabworld/Assets/Scripts/ProgressBar.cs" />
        <File uid="22" fullPath="C:/Users/kk/Desktop/repositories/Mabworld/Assets/Scripts/ResultHandler.cs" />
        <File uid="23" fullPath="C:/Users/kk/Desktop/repositories/Mabworld/Assets/Scripts/ShadowCaster2DCreator.cs" />
        <File uid="24" fullPath="C:/Users/kk/Desktop/repositories/Mabworld/Assets/Scripts/Skill.cs" />
        <File uid="25" fullPath="C:/Users/kk/Desktop/repositories/Mabworld/Assets/Scripts/SkillBubble.cs" />
        <File uid="26" fullPath="C:/Users/kk/Desktop/repositories/Mabworld/Assets/Scripts/SkillManager.cs" />
        <File uid="27" fullPath="C:/Users/kk/Desktop/repositories/Mabworld/Assets/Scripts/SkillSlot.cs" />
        <File uid="28" fullPath="C:/Users/kk/Desktop/repositories/Mabworld/Assets/Scripts/SkillTrainingMethod.cs" />
        <File uid="29" fullPath="C:/Users/kk/Desktop/repositories/Mabworld/Assets/Scripts/StateMachine.cs" />
        <File uid="30" fullPath="C:/Users/kk/Desktop/repositories/Mabworld/Assets/Scripts/Window.cs" />
        <File uid="31" fullPath="C:/Users/kk/Desktop/repositories/Mabworld/Assets/Scripts/WindowCharacter.cs" />
        <File uid="32" fullPath="C:/Users/kk/Desktop/repositories/Mabworld/Assets/Scripts/WindowInventory.cs" />
        <File uid="33" fullPath="C:/Users/kk/Desktop/repositories/Mabworld/Assets/Scripts/WindowInventoryItem.cs" />
        <File uid="34" fullPath="C:/Users/kk/Desktop/repositories/Mabworld/Assets/Scripts/WindowInventoryItemTooltip.cs" />
        <File uid="35" fullPath="C:/Users/kk/Desktop/repositories/Mabworld/Assets/Scripts/WindowInventorySplitStack.cs" />
        <File uid="36" fullPath="C:/Users/kk/Desktop/repositories/Mabworld/Assets/Scripts/WindowSkill.cs" />
        <File uid="37" fullPath="C:/Users/kk/Desktop/repositories/Mabworld/Assets/Scripts/WindowSkillAdvance.cs" />
        <File uid="38" fullPath="C:/Users/kk/Desktop/repositories/Mabworld/Assets/Scripts/WindowSkillDetailed.cs" />
        <File uid="39" fullPath="C:/Users/kk/Desktop/repositories/Mabworld/Assets/Scripts/WindowSkillRow.cs" />
        <File uid="40" fullPath="C:/Users/kk/Desktop/repositories/Mabworld/Assets/Scripts/WindowSkillStat.cs" />
        <File uid="41" fullPath="C:/Users/kk/Desktop/repositories/Mabworld/Assets/Scripts/WindowSkillTrainingMethod.cs" />
      </Files>
      <Classes>
        <Class>
          <Summary numSequencePoints="48" visitedSequencePoints="48" numBranchPoints="0" visitedBranchPoints="0" sequenceCoverage="100.0" branchCoverage="0.0" maxCyclomaticComplexity="0" minCyclomaticComplexity="0" maxCrapScore="0" minCrapScore="0" visitedClasses="1" numClasses="1" visitedMethods="4" numMethods="4" />
          <FullName>Actor</FullName>
          <Methods>
            <Method visited="true" cyclomaticComplexity="0" nPathComplexity="0" sequenceCoverage="100.0" branchCoverage="0" crapScore="0" isConstructor="false" isStatic="false" isGetter="false" isSetter="false">
              <Summary numSequencePoints="21" visitedSequencePoints="21" numBranchPoints="0" visitedBranchPoints="0" sequenceCoverage="100.0" branchCoverage="0" maxCyclomaticComplexity="0" minCyclomaticComplexity="0" maxCrapScore="0" minCrapScore="0" visitedClasses="0" numClasses="0" visitedMethods="1" numMethods="1" />
              <MetadataToken>100663297</MetadataToken>
              <Name>System.Void Actor::Awake()</Name>
              <FileRef uid="1" />
              <SequencePoints>
                <SequencePoint vc="7" uspid="1" ordinal="0" offset="0" sl="55" sc="5" el="55" ec="5" bec="0" bev="0" fileid="1" />
                <SequencePoint vc="7" uspid="2" ordinal="0" offset="1" sl="56" sc="9" el="56" ec="9" bec="0" bev="0" fileid="1" />
                <SequencePoint vc="7" uspid="3" ordinal="0" offset="24" sl="57" sc="9" el="57" ec="9" bec="0" bev="0" fileid="1" />
                <SequencePoint vc="7" uspid="4" ordinal="0" offset="47" sl="58" sc="9" el="58" ec="9" bec="0" bev="0" fileid="1" />
                <SequencePoint vc="7" uspid="5" ordinal="0" offset="70" sl="59" sc="9" el="59" ec="9" bec="0" bev="0" fileid="1" />
                <SequencePoint vc="7" uspid="6" ordinal="0" offset="93" sl="60" sc="9" el="60" ec="9" bec="0" bev="0" fileid="1" />
                <SequencePoint vc="7" uspid="7" ordinal="0" offset="116" sl="61" sc="9" el="61" ec="9" bec="0" bev="0" fileid="1" />
                <SequencePoint vc="7" uspid="8" ordinal="0" offset="139" sl="63" sc="9" el="63" ec="9" bec="0" bev="0" fileid="1" />
                <SequencePoint vc="7" uspid="9" ordinal="0" offset="162" sl="64" sc="9" el="64" ec="9" bec="0" bev="0" fileid="1" />
                <SequencePoint vc="7" uspid="10" ordinal="0" offset="185" sl="65" sc="9" el="65" ec="9" bec="0" bev="0" fileid="1" />
                <SequencePoint vc="7" uspid="11" ordinal="0" offset="208" sl="66" sc="9" el="66" ec="9" bec="0" bev="0" fileid="1" />
                <SequencePoint vc="7" uspid="12" ordinal="0" offset="231" sl="68" sc="9" el="68" ec="9" bec="0" bev="0" fileid="1" />
                <SequencePoint vc="7" uspid="13" ordinal="0" offset="253" sl="69" sc="9" el="69" ec="9" bec="0" bev="0" fileid="1" />
                <SequencePoint vc="7" uspid="14" ordinal="0" offset="265" sl="70" sc="9" el="70" ec="9" bec="0" bev="0" fileid="1" />
                <SequencePoint vc="7" uspid="15" ordinal="0" offset="282" sl="72" sc="9" el="72" ec="9" bec="0" bev="0" fileid="1" />
                <SequencePoint vc="7" uspid="16" ordinal="0" offset="294" sl="73" sc="9" el="73" ec="9" bec="0" bev="0" fileid="1" />
                <SequencePoint vc="7" uspid="17" ordinal="0" offset="306" sl="74" sc="9" el="74" ec="9" bec="0" bev="0" fileid="1" />
                <SequencePoint vc="7" uspid="18" ordinal="0" offset="319" sl="75" sc="9" el="75" ec="9" bec="0" bev="0" fileid="1" />
                <SequencePoint vc="7" uspid="19" ordinal="0" offset="332" sl="76" sc="9" el="76" ec="9" bec="0" bev="0" fileid="1" />
                <SequencePoint vc="7" uspid="20" ordinal="0" offset="345" sl="77" sc="9" el="77" ec="9" bec="0" bev="0" fileid="1" />
                <SequencePoint vc="7" uspid="21" ordinal="0" offset="362" sl="78" sc="5" el="78" ec="5" bec="0" bev="0" fileid="1" />
              </SequencePoints>
              <BranchPoints />
            </Method>
            <Method visited="true" cyclomaticComplexity="0" nPathComplexity="0" sequenceCoverage="100.0" branchCoverage="0" crapScore="0" isConstructor="false" isStatic="false" isGetter="false" isSetter="false">
              <Summary numSequencePoints="5" visitedSequencePoints="5" numBranchPoints="0" visitedBranchPoints="0" sequenceCoverage="100.0" branchCoverage="0" maxCyclomaticComplexity="0" minCyclomaticComplexity="0" maxCrapScore="0" minCrapScore="0" visitedClasses="0" numClasses="0" visitedMethods="1" numMethods="1" />
              <MetadataToken>100663298</MetadataToken>
              <Name>System.Void Actor::OnEnable()</Name>
              <FileRef uid="1" />
              <SequencePoints>
                <SequencePoint vc="7" uspid="22" ordinal="0" offset="0" sl="84" sc="5" el="84" ec="5" bec="0" bev="0" fileid="1" />
                <SequencePoint vc="7" uspid="23" ordinal="0" offset="1" sl="85" sc="9" el="85" ec="9" bec="0" bev="0" fileid="1" />
                <SequencePoint vc="7" uspid="24" ordinal="0" offset="25" sl="86" sc="9" el="86" ec="9" bec="0" bev="0" fileid="1" />
                <SequencePoint vc="7" uspid="25" ordinal="0" offset="49" sl="87" sc="9" el="87" ec="9" bec="0" bev="0" fileid="1" />
                <SequencePoint vc="7" uspid="26" ordinal="0" offset="73" sl="88" sc="5" el="88" ec="5" bec="0" bev="0" fileid="1" />
              </SequencePoints>
              <BranchPoints />
            </Method>
            <Method visited="true" cyclomaticComplexity="0" nPathComplexity="0" sequenceCoverage="100.0" branchCoverage="0" crapScore="0" isConstructor="false" isStatic="false" isGetter="false" isSetter="false">
              <Summary numSequencePoints="5" visitedSequencePoints="5" numBranchPoints="0" visitedBranchPoints="0" sequenceCoverage="100.0" branchCoverage="0" maxCyclomaticComplexity="0" minCyclomaticComplexity="0" maxCrapScore="0" minCrapScore="0" visitedClasses="0" numClasses="0" visitedMethods="1" numMethods="1" />
              <MetadataToken>100663299</MetadataToken>
              <Name>System.Void Actor::OnDisable()</Name>
              <FileRef uid="1" />
              <SequencePoints>
                <SequencePoint vc="7" uspid="27" ordinal="0" offset="0" sl="94" sc="5" el="94" ec="5" bec="0" bev="0" fileid="1" />
                <SequencePoint vc="7" uspid="28" ordinal="0" offset="1" sl="95" sc="9" el="95" ec="9" bec="0" bev="0" fileid="1" />
                <SequencePoint vc="7" uspid="29" ordinal="0" offset="25" sl="96" sc="9" el="96" ec="9" bec="0" bev="0" fileid="1" />
                <SequencePoint vc="7" uspid="30" ordinal="0" offset="49" sl="97" sc="9" el="97" ec="9" bec="0" bev="0" fileid="1" />
                <SequencePoint vc="7" uspid="31" ordinal="0" offset="73" sl="98" sc="5" el="98" ec="5" bec="0" bev="0" fileid="1" />
              </SequencePoints>
              <BranchPoints />
            </Method>
            <Method visited="true" cyclomaticComplexity="0" nPathComplexity="0" sequenceCoverage="100.0" branchCoverage="0" crapScore="0" isConstructor="true" isStatic="false" isGetter="false" isSetter="false">
              <Summary numSequencePoints="17" visitedSequencePoints="17" numBranchPoints="0" visitedBranchPoints="0" sequenceCoverage="100.0" branchCoverage="0" maxCyclomaticComplexity="0" minCyclomaticComplexity="0" maxCrapScore="0" minCrapScore="0" visitedClasses="0" numClasses="0" visitedMethods="1" numMethods="1" />
              <MetadataToken>100663303</MetadataToken>
              <Name>Actor::Actor()</Name>
              <FileRef uid="1" />
              <SequencePoints>
                <SequencePoint vc="14" uspid="41" ordinal="0" offset="0" sl="18" sc="5" el="18" ec="5" bec="0" bev="0" fileid="1" />
                <SequencePoint vc="14" uspid="42" ordinal="0" offset="16" sl="19" sc="5" el="19" ec="5" bec="0" bev="0" fileid="1" />
                <SequencePoint vc="14" uspid="43" ordinal="0" offset="28" sl="22" sc="5" el="22" ec="5" bec="0" bev="0" fileid="1" />
                <SequencePoint vc="14" uspid="44" ordinal="0" offset="54" sl="23" sc="5" el="23" ec="5" bec="0" bev="0" fileid="1" />
                <SequencePoint vc="14" uspid="45" ordinal="0" offset="80" sl="26" sc="5" el="26" ec="5" bec="0" bev="0" fileid="1" />
                <SequencePoint vc="14" uspid="46" ordinal="0" offset="106" sl="27" sc="5" el="27" ec="5" bec="0" bev="0" fileid="1" />
                <SequencePoint vc="14" uspid="47" ordinal="0" offset="132" sl="28" sc="5" el="28" ec="5" bec="0" bev="0" fileid="1" />
                <SequencePoint vc="14" uspid="48" ordinal="0" offset="158" sl="29" sc="5" el="29" ec="5" bec="0" bev="0" fileid="1" />
                <SequencePoint vc="14" uspid="49" ordinal="0" offset="184" sl="32" sc="5" el="32" ec="5" bec="0" bev="0" fileid="1" />
                <SequencePoint vc="14" uspid="50" ordinal="0" offset="210" sl="33" sc="5" el="33" ec="5" bec="0" bev="0" fileid="1" />
                <SequencePoint vc="14" uspid="51" ordinal="0" offset="236" sl="34" sc="5" el="34" ec="5" bec="0" bev="0" fileid="1" />
                <SequencePoint vc="14" uspid="52" ordinal="0" offset="262" sl="35" sc="5" el="35" ec="5" bec="0" bev="0" fileid="1" />
                <SequencePoint vc="14" uspid="53" ordinal="0" offset="288" sl="38" sc="5" el="38" ec="5" bec="0" bev="0" fileid="1" />
                <SequencePoint vc="14" uspid="54" ordinal="0" offset="299" sl="39" sc="5" el="39" ec="5" bec="0" bev="0" fileid="1" />
                <SequencePoint vc="14" uspid="55" ordinal="0" offset="310" sl="42" sc="5" el="42" ec="5" bec="0" bev="0" fileid="1" />
                <SequencePoint vc="14" uspid="56" ordinal="0" offset="318" sl="44" sc="5" el="44" ec="5" bec="0" bev="0" fileid="1" />
                <SequencePoint vc="14" uspid="57" ordinal="0" offset="326" sl="46" sc="5" el="46" ec="5" bec="0" bev="0" fileid="1" />
              </SequencePoints>
              <BranchPoints />
            </Method>
          </Methods>
        </Class>
        <Class>
          <Summary numSequencePoints="10" visitedSequencePoints="10" numBranchPoints="0" visitedBranchPoints="0" sequenceCoverage="100.0" branchCoverage="0.0" maxCyclomaticComplexity="0" minCyclomaticComplexity="0" maxCrapScore="0" minCrapScore="0" visitedClasses="1" numClasses="1" visitedMethods="3" numMethods="3" />
          <FullName>IdleState</FullName>
          <Methods>
            <Method visited="true" cyclomaticComplexity="0" nPathComplexity="0" sequenceCoverage="100.0" branchCoverage="0" crapScore="0" isConstructor="false" isStatic="false" isGetter="false" isSetter="false">
              <Summary numSequencePoints="3" visitedSequencePoints="3" numBranchPoints="0" visitedBranchPoints="0" sequenceCoverage="100.0" branchCoverage="0" maxCyclomaticComplexity="0" minCyclomaticComplexity="0" maxCrapScore="0" minCrapScore="0" visitedClasses="0" numClasses="0" visitedMethods="1" numMethods="1" />
              <MetadataToken>100663305</MetadataToken>
              <Name>System.Void IdleState::OnEnter()</Name>
              <FileRef uid="2" />
              <SequencePoints>
                <SequencePoint vc="324" uspid="58" ordinal="0" offset="0" sl="15" sc="5" el="15" ec="5" bec="0" bev="0" fileid="2" />
                <SequencePoint vc="324" uspid="59" ordinal="0" offset="1" sl="16" sc="9" el="16" ec="9" bec="0" bev="0" fileid="2" />
                <SequencePoint vc="324" uspid="60" ordinal="0" offset="13" sl="17" sc="5" el="17" ec="5" bec="0" bev="0" fileid="2" />
              </SequencePoints>
              <BranchPoints />
            </Method>
            <Method visited="true" cyclomaticComplexity="0" nPathComplexity="0" sequenceCoverage="100.0" branchCoverage="0" crapScore="0" isConstructor="false" isStatic="false" isGetter="false" isSetter="false">
              <Summary numSequencePoints="3" visitedSequencePoints="3" numBranchPoints="0" visitedBranchPoints="0" sequenceCoverage="100.0" branchCoverage="0" maxCyclomaticComplexity="0" minCyclomaticComplexity="0" maxCrapScore="0" minCrapScore="0" visitedClasses="0" numClasses="0" visitedMethods="1" numMethods="1" />
              <MetadataToken>100663307</MetadataToken>
              <Name>System.Void IdleState::OnExit()</Name>
              <FileRef uid="2" />
              <SequencePoints>
                <SequencePoint vc="25" uspid="61" ordinal="0" offset="0" sl="25" sc="5" el="25" ec="5" bec="0" bev="0" fileid="2" />
                <SequencePoint vc="25" uspid="62" ordinal="0" offset="1" sl="26" sc="9" el="26" ec="9" bec="0" bev="0" fileid="2" />
                <SequencePoint vc="25" uspid="63" ordinal="0" offset="13" sl="27" sc="5" el="27" ec="5" bec="0" bev="0" fileid="2" />
              </SequencePoints>
              <BranchPoints />
            </Method>
            <Method visited="true" cyclomaticComplexity="0" nPathComplexity="0" sequenceCoverage="100.0" branchCoverage="0" crapScore="0" isConstructor="true" isStatic="false" isGetter="false" isSetter="false">
              <Summary numSequencePoints="4" visitedSequencePoints="4" numBranchPoints="0" visitedBranchPoints="0" sequenceCoverage="100.0" branchCoverage="0" maxCyclomaticComplexity="0" minCyclomaticComplexity="0" maxCrapScore="0" minCrapScore="0" visitedClasses="0" numClasses="0" visitedMethods="1" numMethods="1" />
              <MetadataToken>100663304</MetadataToken>
              <Name>IdleState::IdleState(StateMachine)</Name>
              <FileRef uid="2" />
              <SequencePoints>
                <SequencePoint vc="8" uspid="64" ordinal="0" offset="0" sl="9" sc="5" el="9" ec="5" bec="0" bev="0" fileid="2" />
                <SequencePoint vc="8" uspid="65" ordinal="0" offset="7" sl="10" sc="5" el="10" ec="5" bec="0" bev="0" fileid="2" />
                <SequencePoint vc="8" uspid="66" ordinal="0" offset="8" sl="11" sc="9" el="11" ec="9" bec="0" bev="0" fileid="2" />
                <SequencePoint vc="8" uspid="67" ordinal="0" offset="15" sl="12" sc="5" el="12" ec="5" bec="0" bev="0" fileid="2" />
              </SequencePoints>
              <BranchPoints />
            </Method>
          </Methods>
        </Class>
        <Class>
          <Summary numSequencePoints="12" visitedSequencePoints="12" numBranchPoints="0" visitedBranchPoints="0" sequenceCoverage="100.0" branchCoverage="0.0" maxCyclomaticComplexity="0" minCyclomaticComplexity="0" maxCrapScore="0" minCrapScore="0" visitedClasses="1" numClasses="1" visitedMethods="3" numMethods="3" />
          <FullName>MoveState</FullName>
          <Methods>
            <Method visited="true" cyclomaticComplexity="0" nPathComplexity="0" sequenceCoverage="100.0" branchCoverage="0" crapScore="0" isConstructor="false" isStatic="false" isGetter="false" isSetter="false">
              <Summary numSequencePoints="3" visitedSequencePoints="3" numBranchPoints="0" visitedBranchPoints="0" sequenceCoverage="100.0" branchCoverage="0" maxCyclomaticComplexity="0" minCyclomaticComplexity="0" maxCrapScore="0" minCrapScore="0" visitedClasses="0" numClasses="0" visitedMethods="1" numMethods="1" />
              <MetadataToken>100663309</MetadataToken>
              <Name>System.Void MoveState::OnEnter()</Name>
              <FileRef uid="2" />
              <SequencePoints>
                <SequencePoint vc="321" uspid="68" ordinal="0" offset="0" sl="42" sc="5" el="42" ec="5" bec="0" bev="0" fileid="2" />
                <SequencePoint vc="321" uspid="69" ordinal="0" offset="1" sl="43" sc="9" el="43" ec="9" bec="0" bev="0" fileid="2" />
                <SequencePoint vc="321" uspid="70" ordinal="0" offset="13" sl="44" sc="5" el="44" ec="5" bec="0" bev="0" fileid="2" />
              </SequencePoints>
              <BranchPoints />
            </Method>
            <Method visited="true" cyclomaticComplexity="0" nPathComplexity="0" sequenceCoverage="100.0" branchCoverage="0" crapScore="0" isConstructor="false" isStatic="false" isGetter="false" isSetter="false">
              <Summary numSequencePoints="4" visitedSequencePoints="4" numBranchPoints="0" visitedBranchPoints="0" sequenceCoverage="100.0" branchCoverage="0" maxCyclomaticComplexity="0" minCyclomaticComplexity="0" maxCrapScore="0" minCrapScore="0" visitedClasses="0" numClasses="0" visitedMethods="1" numMethods="1" />
              <MetadataToken>100663311</MetadataToken>
              <Name>System.Void MoveState::OnExit()</Name>
              <FileRef uid="2" />
              <SequencePoints>
                <SequencePoint vc="10" uspid="71" ordinal="0" offset="0" sl="73" sc="5" el="73" ec="5" bec="0" bev="0" fileid="2" />
                <SequencePoint vc="10" uspid="72" ordinal="0" offset="1" sl="74" sc="9" el="74" ec="9" bec="0" bev="0" fileid="2" />
                <SequencePoint vc="10" uspid="73" ordinal="0" offset="13" sl="75" sc="9" el="75" ec="9" bec="0" bev="0" fileid="2" />
                <SequencePoint vc="10" uspid="74" ordinal="0" offset="36" sl="76" sc="5" el="76" ec="5" bec="0" bev="0" fileid="2" />
              </SequencePoints>
              <BranchPoints />
            </Method>
            <Method visited="true" cyclomaticComplexity="0" nPathComplexity="0" sequenceCoverage="100.0" branchCoverage="0" crapScore="0" isConstructor="true" isStatic="false" isGetter="false" isSetter="false">
              <Summary numSequencePoints="5" visitedSequencePoints="5" numBranchPoints="0" visitedBranchPoints="0" sequenceCoverage="100.0" branchCoverage="0" maxCyclomaticComplexity="0" minCyclomaticComplexity="0" maxCrapScore="0" minCrapScore="0" visitedClasses="0" numClasses="0" visitedMethods="1" numMethods="1" />
              <MetadataToken>100663308</MetadataToken>
              <Name>MoveState::MoveState(MovementStateMachine)</Name>
              <FileRef uid="2" />
              <SequencePoints>
                <SequencePoint vc="1495" uspid="75" ordinal="0" offset="0" sl="35" sc="5" el="35" ec="5" bec="0" bev="0" fileid="2" />
                <SequencePoint vc="1495" uspid="76" ordinal="0" offset="7" sl="36" sc="5" el="36" ec="5" bec="0" bev="0" fileid="2" />
                <SequencePoint vc="1495" uspid="77" ordinal="0" offset="8" sl="37" sc="9" el="37" ec="9" bec="0" bev="0" fileid="2" />
                <SequencePoint vc="1495" uspid="78" ordinal="0" offset="15" sl="38" sc="9" el="38" ec="9" bec="0" bev="0" fileid="2" />
                <SequencePoint vc="1495" uspid="79" ordinal="0" offset="27" sl="39" sc="5" el="39" ec="5" bec="0" bev="0" fileid="2" />
              </SequencePoints>
              <BranchPoints />
            </Method>
          </Methods>
        </Class>
        <Class>
          <Summary numSequencePoints="12" visitedSequencePoints="12" numBranchPoints="0" visitedBranchPoints="0" sequenceCoverage="100.0" branchCoverage="0.0" maxCyclomaticComplexity="0" minCyclomaticComplexity="0" maxCrapScore="0" minCrapScore="0" visitedClasses="1" numClasses="1" visitedMethods="4" numMethods="4" />
          <FullName>MovementStateMachine</FullName>
          <Methods>
            <Method visited="true" cyclomaticComplexity="0" nPathComplexity="0" sequenceCoverage="100.0" branchCoverage="0" crapScore="0" isConstructor="false" isStatic="false" isGetter="true" isSetter="false">
              <Summary numSequencePoints="1" visitedSequencePoints="1" numBranchPoints="0" visitedBranchPoints="0" sequenceCoverage="100.0" branchCoverage="0" maxCyclomaticComplexity="0" minCyclomaticComplexity="0" maxCrapScore="0" minCrapScore="0" visitedClasses="0" numClasses="0" visitedMethods="1" numMethods="1" />
              <MetadataToken>100663312</MetadataToken>
              <Name>State MovementStateMachine::get_DefaultState()</Name>
              <FileRef uid="2" />
              <SequencePoints>
                <SequencePoint vc="9337" uspid="80" ordinal="0" offset="0" sl="84" sc="49" el="84" ec="49" bec="0" bev="0" fileid="2" />
              </SequencePoints>
              <BranchPoints />
            </Method>
            <Method visited="true" cyclomaticComplexity="0" nPathComplexity="0" sequenceCoverage="100.0" branchCoverage="0" crapScore="0" isConstructor="false" isStatic="false" isGetter="false" isSetter="false">
              <Summary numSequencePoints="5" visitedSequencePoints="5" numBranchPoints="0" visitedBranchPoints="0" sequenceCoverage="100.0" branchCoverage="0" maxCyclomaticComplexity="0" minCyclomaticComplexity="0" maxCrapScore="0" minCrapScore="0" visitedClasses="0" numClasses="0" visitedMethods="1" numMethods="1" />
              <MetadataToken>100663313</MetadataToken>
              <Name>System.Void MovementStateMachine::SetActor(Actor)</Name>
              <FileRef uid="2" />
              <SequencePoints>
                <SequencePoint vc="7" uspid="81" ordinal="0" offset="0" sl="87" sc="5" el="87" ec="5" bec="0" bev="0" fileid="2" />
                <SequencePoint vc="7" uspid="82" ordinal="0" offset="1" sl="88" sc="9" el="88" ec="9" bec="0" bev="0" fileid="2" />
                <SequencePoint vc="7" uspid="83" ordinal="0" offset="8" sl="89" sc="9" el="89" ec="9" bec="0" bev="0" fileid="2" />
                <SequencePoint vc="7" uspid="84" ordinal="0" offset="20" sl="90" sc="9" el="90" ec="9" bec="0" bev="0" fileid="2" />
                <SequencePoint vc="7" uspid="85" ordinal="0" offset="33" sl="91" sc="5" el="91" ec="5" bec="0" bev="0" fileid="2" />
              </SequencePoints>
              <BranchPoints />
            </Method>
            <Method visited="true" cyclomaticComplexity="0" nPathComplexity="0" sequenceCoverage="100.0" branchCoverage="0" crapScore="0" isConstructor="false" isStatic="false" isGetter="false" isSetter="false">
              <Summary numSequencePoints="3" visitedSequencePoints="3" numBranchPoints="0" visitedBranchPoints="0" sequenceCoverage="100.0" branchCoverage="0" maxCyclomaticComplexity="0" minCyclomaticComplexity="0" maxCrapScore="0" minCrapScore="0" visitedClasses="0" numClasses="0" visitedMethods="1" numMethods="1" />
              <MetadataToken>100663314</MetadataToken>
              <Name>System.Void MovementStateMachine::PathToPosition(UnityEngine.Vector3)</Name>
              <FileRef uid="2" />
              <SequencePoints>
                <SequencePoint vc="625" uspid="86" ordinal="0" offset="0" sl="94" sc="5" el="94" ec="5" bec="0" bev="0" fileid="2" />
                <SequencePoint vc="625" uspid="87" ordinal="0" offset="1" sl="95" sc="9" el="95" ec="9" bec="0" bev="0" fileid="2" />
                <SequencePoint vc="625" uspid="88" ordinal="0" offset="25" sl="96" sc="5" el="96" ec="5" bec="0" bev="0" fileid="2" />
              </SequencePoints>
              <BranchPoints />
            </Method>
            <Method visited="true" cyclomaticComplexity="0" nPathComplexity="0" sequenceCoverage="100.0" branchCoverage="0" crapScore="0" isConstructor="false" isStatic="false" isGetter="false" isSetter="false">
              <Summary numSequencePoints="3" visitedSequencePoints="3" numBranchPoints="0" visitedBranchPoints="0" sequenceCoverage="100.0" branchCoverage="0" maxCyclomaticComplexity="0" minCyclomaticComplexity="0" maxCrapScore="0" minCrapScore="0" visitedClasses="0" numClasses="0" visitedMethods="1" numMethods="1" />
              <MetadataToken>100663315</MetadataToken>
              <Name>System.Void MovementStateMachine::PathToPosition(UnityEngine.Vector2)</Name>
              <FileRef uid="2" />
              <SequencePoints>
                <SequencePoint vc="625" uspid="89" ordinal="0" offset="0" sl="99" sc="5" el="99" ec="5" bec="0" bev="0" fileid="2" />
                <SequencePoint vc="625" uspid="90" ordinal="0" offset="1" sl="100" sc="9" el="100" ec="9" bec="0" bev="0" fileid="2" />
                <SequencePoint vc="625" uspid="91" ordinal="0" offset="24" sl="101" sc="5" el="101" ec="5" bec="0" bev="0" fileid="2" />
              </SequencePoints>
              <BranchPoints />
            </Method>
          </Methods>
        </Class>
        <Class>
          <Summary numSequencePoints="7" visitedSequencePoints="7" numBranchPoints="0" visitedBranchPoints="0" sequenceCoverage="100.0" branchCoverage="0.0" maxCyclomaticComplexity="0" minCyclomaticComplexity="0" maxCrapScore="0" minCrapScore="0" visitedClasses="1" numClasses="1" visitedMethods="2" numMethods="2" />
          <FullName>SkillStateMachine</FullName>
          <Methods>
            <Method visited="true" cyclomaticComplexity="0" nPathComplexity="0" sequenceCoverage="100.0" branchCoverage="0" crapScore="0" isConstructor="false" isStatic="false" isGetter="true" isSetter="false">
              <Summary numSequencePoints="1" visitedSequencePoints="1" numBranchPoints="0" visitedBranchPoints="0" sequenceCoverage="100.0" branchCoverage="0" maxCyclomaticComplexity="0" minCyclomaticComplexity="0" maxCrapScore="0" minCrapScore="0" visitedClasses="0" numClasses="0" visitedMethods="1" numMethods="1" />
              <MetadataToken>100663329</MetadataToken>
              <Name>State SkillStateMachine::get_DefaultState()</Name>
              <FileRef uid="3" />
              <SequencePoints>
                <SequencePoint vc="1" uspid="129" ordinal="0" offset="0" sl="95" sc="49" el="95" ec="49" bec="0" bev="0" fileid="3" />
              </SequencePoints>
              <BranchPoints />
            </Method>
            <Method visited="true" cyclomaticComplexity="0" nPathComplexity="0" sequenceCoverage="100.0" branchCoverage="0" crapScore="0" isConstructor="false" isStatic="false" isGetter="false" isSetter="false">
              <Summary numSequencePoints="6" visitedSequencePoints="6" numBranchPoints="0" visitedBranchPoints="0" sequenceCoverage="100.0" branchCoverage="0" maxCyclomaticComplexity="0" minCyclomaticComplexity="0" maxCrapScore="0" minCrapScore="0" visitedClasses="0" numClasses="0" visitedMethods="1" numMethods="1" />
              <MetadataToken>100663330</MetadataToken>
              <Name>System.Void SkillStateMachine::SetActor(Actor)</Name>
              <FileRef uid="3" />
              <SequencePoints>
                <SequencePoint vc="1" uspid="130" ordinal="0" offset="0" sl="98" sc="5" el="98" ec="5" bec="0" bev="0" fileid="3" />
                <SequencePoint vc="1" uspid="131" ordinal="0" offset="1" sl="99" sc="9" el="99" ec="9" bec="0" bev="0" fileid="3" />
                <SequencePoint vc="1" uspid="132" ordinal="0" offset="8" sl="100" sc="9" el="100" ec="9" bec="0" bev="0" fileid="3" />
                <SequencePoint vc="1" uspid="133" ordinal="0" offset="20" sl="102" sc="9" el="102" ec="9" bec="0" bev="0" fileid="3" />
                <SequencePoint vc="1" uspid="134" ordinal="0" offset="32" sl="104" sc="9" el="104" ec="9" bec="0" bev="0" fileid="3" />
                <SequencePoint vc="1" uspid="135" ordinal="0" offset="45" sl="105" sc="5" el="105" ec="5" bec="0" bev="0" fileid="3" />
              </SequencePoints>
              <BranchPoints />
            </Method>
          </Methods>
        </Class>
        <Class>
          <Summary numSequencePoints="29" visitedSequencePoints="17" numBranchPoints="0" visitedBranchPoints="0" sequenceCoverage="58.62" branchCoverage="0.0" maxCyclomaticComplexity="0" minCyclomaticComplexity="0" maxCrapScore="0" minCrapScore="0" visitedClasses="1" numClasses="1" visitedMethods="6" numMethods="7" />
          <FullName>AudioController</FullName>
          <Methods>
            <Method visited="true" cyclomaticComplexity="0" nPathComplexity="0" sequenceCoverage="100.0" branchCoverage="0" crapScore="0" isConstructor="false" isStatic="true" isGetter="true" isSetter="false">
              <Summary numSequencePoints="1" visitedSequencePoints="1" numBranchPoints="0" visitedBranchPoints="0" sequenceCoverage="100.0" branchCoverage="0" maxCyclomaticComplexity="0" minCyclomaticComplexity="0" maxCrapScore="0" minCrapScore="0" visitedClasses="0" numClasses="0" visitedMethods="1" numMethods="1" />
              <MetadataToken>100663333</MetadataToken>
              <Name>static AudioController AudioController::get_Instance()</Name>
              <FileRef uid="4" />
              <SequencePoints>
                <SequencePoint vc="5" uspid="139" ordinal="0" offset="0" sl="5" sc="45" el="5" ec="45" bec="0" bev="0" fileid="4" />
              </SequencePoints>
              <BranchPoints />
            </Method>
            <Method visited="true" cyclomaticComplexity="0" nPathComplexity="0" sequenceCoverage="100.0" branchCoverage="0" crapScore="0" isConstructor="false" isStatic="true" isGetter="false" isSetter="true">
              <Summary numSequencePoints="1" visitedSequencePoints="1" numBranchPoints="0" visitedBranchPoints="0" sequenceCoverage="100.0" branchCoverage="0" maxCyclomaticComplexity="0" minCyclomaticComplexity="0" maxCrapScore="0" minCrapScore="0" visitedClasses="0" numClasses="0" visitedMethods="1" numMethods="1" />
              <MetadataToken>100663334</MetadataToken>
              <Name>static System.Void AudioController::set_Instance(AudioController)</Name>
              <FileRef uid="4" />
              <SequencePoints>
                <SequencePoint vc="1" uspid="140" ordinal="0" offset="0" sl="5" sc="50" el="5" ec="50" bec="0" bev="0" fileid="4" />
              </SequencePoints>
              <BranchPoints />
            </Method>
            <Method visited="true" cyclomaticComplexity="0" nPathComplexity="0" sequenceCoverage="66.67" branchCoverage="0" crapScore="0" isConstructor="false" isStatic="false" isGetter="false" isSetter="false">
              <Summary numSequencePoints="9" visitedSequencePoints="6" numBranchPoints="0" visitedBranchPoints="0" sequenceCoverage="66.67" branchCoverage="0" maxCyclomaticComplexity="0" minCyclomaticComplexity="0" maxCrapScore="0" minCrapScore="0" visitedClasses="0" numClasses="0" visitedMethods="1" numMethods="1" />
              <MetadataToken>100663335</MetadataToken>
              <Name>System.Void AudioController::Awake()</Name>
              <FileRef uid="4" />
              <SequencePoints>
                <SequencePoint vc="1" uspid="141" ordinal="0" offset="0" sl="16" sc="5" el="16" ec="5" bec="0" bev="0" fileid="4" />
                <SequencePoint vc="1" uspid="142" ordinal="0" offset="1" sl="18" sc="9" el="18" ec="9" bec="0" bev="0" fileid="4" />
                <SequencePoint vc="1" uspid="143" ordinal="0" offset="16" sl="19" sc="9" el="19" ec="9" bec="0" bev="0" fileid="4" />
                <SequencePoint vc="1" uspid="144" ordinal="0" offset="17" sl="20" sc="13" el="20" ec="13" bec="0" bev="0" fileid="4" />
                <SequencePoint vc="1" uspid="145" ordinal="0" offset="24" sl="21" sc="9" el="21" ec="9" bec="0" bev="0" fileid="4" />
                <SequencePoint vc="0" uspid="146" ordinal="0" offset="27" sl="23" sc="9" el="23" ec="9" bec="0" bev="0" fileid="4" />
                <SequencePoint vc="0" uspid="147" ordinal="0" offset="28" sl="24" sc="13" el="24" ec="13" bec="0" bev="0" fileid="4" />
                <SequencePoint vc="0" uspid="148" ordinal="0" offset="40" sl="25" sc="9" el="25" ec="9" bec="0" bev="0" fileid="4" />
                <SequencePoint vc="1" uspid="149" ordinal="0" offset="41" sl="26" sc="5" el="26" ec="5" bec="0" bev="0" fileid="4" />
              </SequencePoints>
              <BranchPoints />
            </Method>
            <Method visited="true" cyclomaticComplexity="0" nPathComplexity="0" sequenceCoverage="100.0" branchCoverage="0" crapScore="0" isConstructor="false" isStatic="false" isGetter="false" isSetter="false">
              <Summary numSequencePoints="3" visitedSequencePoints="3" numBranchPoints="0" visitedBranchPoints="0" sequenceCoverage="100.0" branchCoverage="0" maxCyclomaticComplexity="0" minCyclomaticComplexity="0" maxCrapScore="0" minCrapScore="0" visitedClasses="0" numClasses="0" visitedMethods="1" numMethods="1" />
              <MetadataToken>100663336</MetadataToken>
              <Name>System.Void AudioController::Start()</Name>
              <FileRef uid="4" />
              <SequencePoints>
                <SequencePoint vc="1" uspid="150" ordinal="0" offset="0" sl="29" sc="5" el="29" ec="5" bec="0" bev="0" fileid="4" />
                <SequencePoint vc="1" uspid="151" ordinal="0" offset="1" sl="30" sc="9" el="30" ec="9" bec="0" bev="0" fileid="4" />
                <SequencePoint vc="1" uspid="152" ordinal="0" offset="22" sl="31" sc="5" el="31" ec="5" bec="0" bev="0" fileid="4" />
              </SequencePoints>
              <BranchPoints />
            </Method>
            <Method visited="true" cyclomaticComplexity="0" nPathComplexity="0" sequenceCoverage="100.0" branchCoverage="0" crapScore="0" isConstructor="false" isStatic="false" isGetter="false" isSetter="false">
              <Summary numSequencePoints="3" visitedSequencePoints="3" numBranchPoints="0" visitedBranchPoints="0" sequenceCoverage="100.0" branchCoverage="0" maxCyclomaticComplexity="0" minCyclomaticComplexity="0" maxCrapScore="0" minCrapScore="0" visitedClasses="0" numClasses="0" visitedMethods="1" numMethods="1" />
              <MetadataToken>100663337</MetadataToken>
              <Name>System.Void AudioController::OnEnable()</Name>
              <FileRef uid="4" />
              <SequencePoints>
                <SequencePoint vc="1" uspid="153" ordinal="0" offset="0" sl="34" sc="5" el="34" ec="5" bec="0" bev="0" fileid="4" />
                <SequencePoint vc="1" uspid="154" ordinal="0" offset="1" sl="35" sc="9" el="35" ec="9" bec="0" bev="0" fileid="4" />
                <SequencePoint vc="1" uspid="155" ordinal="0" offset="24" sl="36" sc="5" el="36" ec="5" bec="0" bev="0" fileid="4" />
              </SequencePoints>
              <BranchPoints />
            </Method>
            <Method visited="true" cyclomaticComplexity="0" nPathComplexity="0" sequenceCoverage="100.0" branchCoverage="0" crapScore="0" isConstructor="false" isStatic="false" isGetter="false" isSetter="false">
              <Summary numSequencePoints="3" visitedSequencePoints="3" numBranchPoints="0" visitedBranchPoints="0" sequenceCoverage="100.0" branchCoverage="0" maxCyclomaticComplexity="0" minCyclomaticComplexity="0" maxCrapScore="0" minCrapScore="0" visitedClasses="0" numClasses="0" visitedMethods="1" numMethods="1" />
              <MetadataToken>100663338</MetadataToken>
              <Name>System.Void AudioController::OnDisable()</Name>
              <FileRef uid="4" />
              <SequencePoints>
                <SequencePoint vc="1" uspid="156" ordinal="0" offset="0" sl="39" sc="5" el="39" ec="5" bec="0" bev="0" fileid="4" />
                <SequencePoint vc="1" uspid="157" ordinal="0" offset="1" sl="40" sc="9" el="40" ec="9" bec="0" bev="0" fileid="4" />
                <SequencePoint vc="1" uspid="158" ordinal="0" offset="24" sl="41" sc="5" el="41" ec="5" bec="0" bev="0" fileid="4" />
              </SequencePoints>
              <BranchPoints />
            </Method>
            <Method visited="false" cyclomaticComplexity="0" nPathComplexity="0" sequenceCoverage="0.0" branchCoverage="0" crapScore="0" isConstructor="false" isStatic="false" isGetter="false" isSetter="false">
              <Summary numSequencePoints="9" visitedSequencePoints="0" numBranchPoints="0" visitedBranchPoints="0" sequenceCoverage="0.0" branchCoverage="0" maxCyclomaticComplexity="0" minCyclomaticComplexity="0" maxCrapScore="0" minCrapScore="0" visitedClasses="0" numClasses="0" visitedMethods="0" numMethods="1" />
              <MetadataToken>100663339</MetadataToken>
              <Name>System.Void AudioController::PlayResultSFX[T](T)</Name>
              <FileRef uid="4" />
              <SequencePoints>
                <SequencePoint vc="0" uspid="159" ordinal="0" offset="0" sl="44" sc="0" el="44" ec="0" bec="0" bev="0" fileid="4" />
                <SequencePoint vc="0" uspid="160" ordinal="0" offset="1" sl="45" sc="0" el="45" ec="0" bec="0" bev="0" fileid="4" />
                <SequencePoint vc="0" uspid="161" ordinal="0" offset="16" sl="46" sc="0" el="46" ec="0" bec="0" bev="0" fileid="4" />
                <SequencePoint vc="0" uspid="162" ordinal="0" offset="17" sl="47" sc="0" el="47" ec="0" bec="0" bev="0" fileid="4" />
                <SequencePoint vc="0" uspid="163" ordinal="0" offset="35" sl="48" sc="0" el="48" ec="0" bec="0" bev="0" fileid="4" />
                <SequencePoint vc="0" uspid="164" ordinal="0" offset="38" sl="50" sc="0" el="50" ec="0" bec="0" bev="0" fileid="4" />
                <SequencePoint vc="0" uspid="165" ordinal="0" offset="39" sl="51" sc="0" el="51" ec="0" bec="0" bev="0" fileid="4" />
                <SequencePoint vc="0" uspid="166" ordinal="0" offset="57" sl="52" sc="0" el="52" ec="0" bec="0" bev="0" fileid="4" />
                <SequencePoint vc="0" uspid="167" ordinal="0" offset="58" sl="53" sc="0" el="53" ec="0" bec="0" bev="0" fileid="4" />
              </SequencePoints>
              <BranchPoints />
            </Method>
          </Methods>
        </Class>
        <Class>
          <Summary numSequencePoints="6" visitedSequencePoints="6" numBranchPoints="0" visitedBranchPoints="0" sequenceCoverage="100.0" branchCoverage="0.0" maxCyclomaticComplexity="0" minCyclomaticComplexity="0" maxCrapScore="0" minCrapScore="0" visitedClasses="1" numClasses="1" visitedMethods="2" numMethods="2" />
          <FullName>EventManager</FullName>
          <Methods>
            <Method visited="true" cyclomaticComplexity="0" nPathComplexity="0" sequenceCoverage="100.0" branchCoverage="0" crapScore="0" isConstructor="false" isStatic="false" isGetter="false" isSetter="false">
              <Summary numSequencePoints="3" visitedSequencePoints="3" numBranchPoints="0" visitedBranchPoints="0" sequenceCoverage="100.0" branchCoverage="0" maxCyclomaticComplexity="0" minCyclomaticComplexity="0" maxCrapScore="0" minCrapScore="0" visitedClasses="0" numClasses="0" visitedMethods="1" numMethods="1" />
              <MetadataToken>100663344</MetadataToken>
              <Name>System.Void EventManager::RaiseOnChange()</Name>
              <FileRef uid="5" />
              <SequencePoints>
                <SequencePoint vc="453" uspid="171" ordinal="0" offset="0" sl="8" sc="5" el="8" ec="5" bec="0" bev="0" fileid="5" />
                <SequencePoint vc="453" uspid="172" ordinal="0" offset="1" sl="9" sc="9" el="9" ec="9" bec="0" bev="0" fileid="5" />
                <SequencePoint vc="453" uspid="173" ordinal="0" offset="19" sl="10" sc="5" el="10" ec="5" bec="0" bev="0" fileid="5" />
              </SequencePoints>
              <BranchPoints />
            </Method>
            <Method visited="true" cyclomaticComplexity="0" nPathComplexity="0" sequenceCoverage="100.0" branchCoverage="0" crapScore="0" isConstructor="false" isStatic="false" isGetter="false" isSetter="false">
              <Summary numSequencePoints="3" visitedSequencePoints="3" numBranchPoints="0" visitedBranchPoints="0" sequenceCoverage="100.0" branchCoverage="0" maxCyclomaticComplexity="0" minCyclomaticComplexity="0" maxCrapScore="0" minCrapScore="0" visitedClasses="0" numClasses="0" visitedMethods="1" numMethods="1" />
              <MetadataToken>100663345</MetadataToken>
              <Name>System.Void EventManager::Clear()</Name>
              <FileRef uid="5" />
              <SequencePoints>
                <SequencePoint vc="205" uspid="174" ordinal="0" offset="0" sl="13" sc="5" el="13" ec="5" bec="0" bev="0" fileid="5" />
                <SequencePoint vc="205" uspid="175" ordinal="0" offset="1" sl="14" sc="9" el="14" ec="9" bec="0" bev="0" fileid="5" />
                <SequencePoint vc="205" uspid="176" ordinal="0" offset="8" sl="15" sc="5" el="15" ec="5" bec="0" bev="0" fileid="5" />
              </SequencePoints>
              <BranchPoints />
            </Method>
          </Methods>
        </Class>
        <Class>
          <Summary numSequencePoints="11" visitedSequencePoints="11" numBranchPoints="0" visitedBranchPoints="0" sequenceCoverage="100.0" branchCoverage="0.0" maxCyclomaticComplexity="0" minCyclomaticComplexity="0" maxCrapScore="0" minCrapScore="0" visitedClasses="1" numClasses="1" visitedMethods="3" numMethods="3" />
          <FullName>IntManager</FullName>
          <Methods>
            <Method visited="true" cyclomaticComplexity="0" nPathComplexity="0" sequenceCoverage="100.0" branchCoverage="0" crapScore="0" isConstructor="false" isStatic="false" isGetter="true" isSetter="false">
              <Summary numSequencePoints="3" visitedSequencePoints="3" numBranchPoints="0" visitedBranchPoints="0" sequenceCoverage="100.0" branchCoverage="0" maxCyclomaticComplexity="0" minCyclomaticComplexity="0" maxCrapScore="0" minCrapScore="0" visitedClasses="0" numClasses="0" visitedMethods="1" numMethods="1" />
              <MetadataToken>100663347</MetadataToken>
              <Name>System.Int32 IntManager::get_Value()</Name>
              <FileRef uid="5" />
              <SequencePoints>
                <SequencePoint vc="120" uspid="177" ordinal="0" offset="0" sl="23" sc="13" el="23" ec="13" bec="0" bev="0" fileid="5" />
                <SequencePoint vc="120" uspid="178" ordinal="0" offset="1" sl="23" sc="14" el="23" ec="14" bec="0" bev="0" fileid="5" />
                <SequencePoint vc="120" uspid="179" ordinal="0" offset="10" sl="23" sc="28" el="23" ec="28" bec="0" bev="0" fileid="5" />
              </SequencePoints>
              <BranchPoints />
            </Method>
            <Method visited="true" cyclomaticComplexity="0" nPathComplexity="0" sequenceCoverage="100.0" branchCoverage="0" crapScore="0" isConstructor="false" isStatic="false" isGetter="false" isSetter="true">
              <Summary numSequencePoints="4" visitedSequencePoints="4" numBranchPoints="0" visitedBranchPoints="0" sequenceCoverage="100.0" branchCoverage="0" maxCyclomaticComplexity="0" minCyclomaticComplexity="0" maxCrapScore="0" minCrapScore="0" visitedClasses="0" numClasses="0" visitedMethods="1" numMethods="1" />
              <MetadataToken>100663348</MetadataToken>
              <Name>System.Void IntManager::set_Value(System.Int32)</Name>
              <FileRef uid="5" />
              <SequencePoints>
                <SequencePoint vc="133" uspid="180" ordinal="0" offset="0" sl="24" sc="13" el="24" ec="13" bec="0" bev="0" fileid="5" />
                <SequencePoint vc="133" uspid="181" ordinal="0" offset="1" sl="24" sc="14" el="24" ec="14" bec="0" bev="0" fileid="5" />
                <SequencePoint vc="133" uspid="182" ordinal="0" offset="8" sl="24" sc="30" el="24" ec="30" bec="0" bev="0" fileid="5" />
                <SequencePoint vc="133" uspid="183" ordinal="0" offset="15" sl="24" sc="46" el="24" ec="46" bec="0" bev="0" fileid="5" />
              </SequencePoints>
              <BranchPoints />
            </Method>
            <Method visited="true" cyclomaticComplexity="0" nPathComplexity="0" sequenceCoverage="100.0" branchCoverage="0" crapScore="0" isConstructor="true" isStatic="false" isGetter="false" isSetter="false">
              <Summary numSequencePoints="4" visitedSequencePoints="4" numBranchPoints="0" visitedBranchPoints="0" sequenceCoverage="100.0" branchCoverage="0" maxCyclomaticComplexity="0" minCyclomaticComplexity="0" maxCrapScore="0" minCrapScore="0" visitedClasses="0" numClasses="0" visitedMethods="1" numMethods="1" />
              <MetadataToken>100663349</MetadataToken>
              <Name>IntManager::IntManager(System.Int32)</Name>
              <FileRef uid="5" />
              <SequencePoints>
                <SequencePoint vc="128" uspid="184" ordinal="0" offset="0" sl="27" sc="5" el="27" ec="5" bec="0" bev="0" fileid="5" />
                <SequencePoint vc="128" uspid="185" ordinal="0" offset="7" sl="28" sc="5" el="28" ec="5" bec="0" bev="0" fileid="5" />
                <SequencePoint vc="128" uspid="186" ordinal="0" offset="8" sl="29" sc="9" el="29" ec="9" bec="0" bev="0" fileid="5" />
                <SequencePoint vc="128" uspid="187" ordinal="0" offset="16" sl="30" sc="5" el="30" ec="5" bec="0" bev="0" fileid="5" />
              </SequencePoints>
              <BranchPoints />
            </Method>
          </Methods>
        </Class>
        <Class>
          <Summary numSequencePoints="11" visitedSequencePoints="11" numBranchPoints="0" visitedBranchPoints="0" sequenceCoverage="100.0" branchCoverage="0.0" maxCyclomaticComplexity="0" minCyclomaticComplexity="0" maxCrapScore="0" minCrapScore="0" visitedClasses="1" numClasses="1" visitedMethods="3" numMethods="3" />
          <FullName>FloatManager</FullName>
          <Methods>
            <Method visited="true" cyclomaticComplexity="0" nPathComplexity="0" sequenceCoverage="100.0" branchCoverage="0" crapScore="0" isConstructor="false" isStatic="false" isGetter="true" isSetter="false">
              <Summary numSequencePoints="3" visitedSequencePoints="3" numBranchPoints="0" visitedBranchPoints="0" sequenceCoverage="100.0" branchCoverage="0" maxCyclomaticComplexity="0" minCyclomaticComplexity="0" maxCrapScore="0" minCrapScore="0" visitedClasses="0" numClasses="0" visitedMethods="1" numMethods="1" />
              <MetadataToken>100663350</MetadataToken>
              <Name>System.Single FloatManager::get_Value()</Name>
              <FileRef uid="5" />
              <SequencePoints>
                <SequencePoint vc="38" uspid="188" ordinal="0" offset="0" sl="38" sc="13" el="38" ec="13" bec="0" bev="0" fileid="5" />
                <SequencePoint vc="38" uspid="189" ordinal="0" offset="1" sl="38" sc="14" el="38" ec="14" bec="0" bev="0" fileid="5" />
                <SequencePoint vc="38" uspid="190" ordinal="0" offset="10" sl="38" sc="28" el="38" ec="28" bec="0" bev="0" fileid="5" />
              </SequencePoints>
              <BranchPoints />
            </Method>
            <Method visited="true" cyclomaticComplexity="0" nPathComplexity="0" sequenceCoverage="100.0" branchCoverage="0" crapScore="0" isConstructor="false" isStatic="false" isGetter="false" isSetter="true">
              <Summary numSequencePoints="4" visitedSequencePoints="4" numBranchPoints="0" visitedBranchPoints="0" sequenceCoverage="100.0" branchCoverage="0" maxCyclomaticComplexity="0" minCyclomaticComplexity="0" maxCrapScore="0" minCrapScore="0" visitedClasses="0" numClasses="0" visitedMethods="1" numMethods="1" />
              <MetadataToken>100663351</MetadataToken>
              <Name>System.Void FloatManager::set_Value(System.Single)</Name>
              <FileRef uid="5" />
              <SequencePoints>
                <SequencePoint vc="305" uspid="191" ordinal="0" offset="0" sl="39" sc="13" el="39" ec="13" bec="0" bev="0" fileid="5" />
                <SequencePoint vc="305" uspid="192" ordinal="0" offset="1" sl="39" sc="14" el="39" ec="14" bec="0" bev="0" fileid="5" />
                <SequencePoint vc="305" uspid="193" ordinal="0" offset="8" sl="39" sc="30" el="39" ec="30" bec="0" bev="0" fileid="5" />
                <SequencePoint vc="305" uspid="194" ordinal="0" offset="15" sl="39" sc="46" el="39" ec="46" bec="0" bev="0" fileid="5" />
              </SequencePoints>
              <BranchPoints />
            </Method>
            <Method visited="true" cyclomaticComplexity="0" nPathComplexity="0" sequenceCoverage="100.0" branchCoverage="0" crapScore="0" isConstructor="true" isStatic="false" isGetter="false" isSetter="false">
              <Summary numSequencePoints="4" visitedSequencePoints="4" numBranchPoints="0" visitedBranchPoints="0" sequenceCoverage="100.0" branchCoverage="0" maxCyclomaticComplexity="0" minCyclomaticComplexity="0" maxCrapScore="0" minCrapScore="0" visitedClasses="0" numClasses="0" visitedMethods="1" numMethods="1" />
              <MetadataToken>100663352</MetadataToken>
              <Name>FloatManager::FloatManager(System.Single)</Name>
              <FileRef uid="5" />
              <SequencePoints>
                <SequencePoint vc="154" uspid="195" ordinal="0" offset="0" sl="42" sc="5" el="42" ec="5" bec="0" bev="0" fileid="5" />
                <SequencePoint vc="154" uspid="196" ordinal="0" offset="7" sl="43" sc="5" el="43" ec="5" bec="0" bev="0" fileid="5" />
                <SequencePoint vc="154" uspid="197" ordinal="0" offset="8" sl="44" sc="9" el="44" ec="9" bec="0" bev="0" fileid="5" />
                <SequencePoint vc="154" uspid="198" ordinal="0" offset="16" sl="45" sc="5" el="45" ec="5" bec="0" bev="0" fileid="5" />
              </SequencePoints>
              <BranchPoints />
            </Method>
          </Methods>
        </Class>
        <Class>
          <Summary numSequencePoints="11" visitedSequencePoints="11" numBranchPoints="0" visitedBranchPoints="0" sequenceCoverage="100.0" branchCoverage="0.0" maxCyclomaticComplexity="0" minCyclomaticComplexity="0" maxCrapScore="0" minCrapScore="0" visitedClasses="1" numClasses="1" visitedMethods="3" numMethods="3" />
          <FullName>StringManager</FullName>
          <Methods>
            <Method visited="true" cyclomaticComplexity="0" nPathComplexity="0" sequenceCoverage="100.0" branchCoverage="0" crapScore="0" isConstructor="false" isStatic="false" isGetter="true" isSetter="false">
              <Summary numSequencePoints="3" visitedSequencePoints="3" numBranchPoints="0" visitedBranchPoints="0" sequenceCoverage="100.0" branchCoverage="0" maxCyclomaticComplexity="0" minCyclomaticComplexity="0" maxCrapScore="0" minCrapScore="0" visitedClasses="0" numClasses="0" visitedMethods="1" numMethods="1" />
              <MetadataToken>100663353</MetadataToken>
              <Name>System.String StringManager::get_Value()</Name>
              <FileRef uid="5" />
              <SequencePoints>
                <SequencePoint vc="3" uspid="199" ordinal="0" offset="0" sl="53" sc="13" el="53" ec="13" bec="0" bev="0" fileid="5" />
                <SequencePoint vc="3" uspid="200" ordinal="0" offset="1" sl="53" sc="14" el="53" ec="14" bec="0" bev="0" fileid="5" />
                <SequencePoint vc="3" uspid="201" ordinal="0" offset="10" sl="53" sc="28" el="53" ec="28" bec="0" bev="0" fileid="5" />
              </SequencePoints>
              <BranchPoints />
            </Method>
            <Method visited="true" cyclomaticComplexity="0" nPathComplexity="0" sequenceCoverage="100.0" branchCoverage="0" crapScore="0" isConstructor="false" isStatic="false" isGetter="false" isSetter="true">
              <Summary numSequencePoints="4" visitedSequencePoints="4" numBranchPoints="0" visitedBranchPoints="0" sequenceCoverage="100.0" branchCoverage="0" maxCyclomaticComplexity="0" minCyclomaticComplexity="0" maxCrapScore="0" minCrapScore="0" visitedClasses="0" numClasses="0" visitedMethods="1" numMethods="1" />
              <MetadataToken>100663354</MetadataToken>
              <Name>System.Void StringManager::set_Value(System.String)</Name>
              <FileRef uid="5" />
              <SequencePoints>
                <SequencePoint vc="15" uspid="202" ordinal="0" offset="0" sl="54" sc="13" el="54" ec="13" bec="0" bev="0" fileid="5" />
                <SequencePoint vc="15" uspid="203" ordinal="0" offset="1" sl="54" sc="14" el="54" ec="14" bec="0" bev="0" fileid="5" />
                <SequencePoint vc="15" uspid="204" ordinal="0" offset="8" sl="54" sc="30" el="54" ec="30" bec="0" bev="0" fileid="5" />
                <SequencePoint vc="15" uspid="205" ordinal="0" offset="15" sl="54" sc="46" el="54" ec="46" bec="0" bev="0" fileid="5" />
              </SequencePoints>
              <BranchPoints />
            </Method>
            <Method visited="true" cyclomaticComplexity="0" nPathComplexity="0" sequenceCoverage="100.0" branchCoverage="0" crapScore="0" isConstructor="true" isStatic="false" isGetter="false" isSetter="false">
              <Summary numSequencePoints="4" visitedSequencePoints="4" numBranchPoints="0" visitedBranchPoints="0" sequenceCoverage="100.0" branchCoverage="0" maxCyclomaticComplexity="0" minCyclomaticComplexity="0" maxCrapScore="0" minCrapScore="0" visitedClasses="0" numClasses="0" visitedMethods="1" numMethods="1" />
              <MetadataToken>100663355</MetadataToken>
              <Name>StringManager::StringManager(System.String)</Name>
              <FileRef uid="5" />
              <SequencePoints>
                <SequencePoint vc="14" uspid="206" ordinal="0" offset="0" sl="57" sc="5" el="57" ec="5" bec="0" bev="0" fileid="5" />
                <SequencePoint vc="14" uspid="207" ordinal="0" offset="7" sl="58" sc="5" el="58" ec="5" bec="0" bev="0" fileid="5" />
                <SequencePoint vc="14" uspid="208" ordinal="0" offset="8" sl="59" sc="9" el="59" ec="9" bec="0" bev="0" fileid="5" />
                <SequencePoint vc="14" uspid="209" ordinal="0" offset="16" sl="60" sc="5" el="60" ec="5" bec="0" bev="0" fileid="5" />
              </SequencePoints>
              <BranchPoints />
            </Method>
          </Methods>
        </Class>
        <Class>
          <Summary numSequencePoints="23" visitedSequencePoints="23" numBranchPoints="0" visitedBranchPoints="0" sequenceCoverage="100.0" branchCoverage="0.0" maxCyclomaticComplexity="0" minCyclomaticComplexity="0" maxCrapScore="0" minCrapScore="0" visitedClasses="1" numClasses="1" visitedMethods="6" numMethods="6" />
          <FullName>StatManager</FullName>
          <Methods>
            <Method visited="true" cyclomaticComplexity="0" nPathComplexity="0" sequenceCoverage="100.0" branchCoverage="0" crapScore="0" isConstructor="false" isStatic="false" isGetter="true" isSetter="false">
              <Summary numSequencePoints="3" visitedSequencePoints="3" numBranchPoints="0" visitedBranchPoints="0" sequenceCoverage="100.0" branchCoverage="0" maxCyclomaticComplexity="0" minCyclomaticComplexity="0" maxCrapScore="0" minCrapScore="0" visitedClasses="0" numClasses="0" visitedMethods="1" numMethods="1" />
              <MetadataToken>100663363</MetadataToken>
              <Name>System.Single StatManager::get_Maximum()</Name>
              <FileRef uid="5" />
              <SequencePoints>
                <SequencePoint vc="9" uspid="221" ordinal="0" offset="0" sl="90" sc="13" el="90" ec="13" bec="0" bev="0" fileid="5" />
                <SequencePoint vc="9" uspid="222" ordinal="0" offset="1" sl="90" sc="14" el="90" ec="14" bec="0" bev="0" fileid="5" />
                <SequencePoint vc="9" uspid="223" ordinal="0" offset="10" sl="90" sc="30" el="90" ec="30" bec="0" bev="0" fileid="5" />
              </SequencePoints>
              <BranchPoints />
            </Method>
            <Method visited="true" cyclomaticComplexity="0" nPathComplexity="0" sequenceCoverage="100.0" branchCoverage="0" crapScore="0" isConstructor="false" isStatic="false" isGetter="false" isSetter="true">
              <Summary numSequencePoints="4" visitedSequencePoints="4" numBranchPoints="0" visitedBranchPoints="0" sequenceCoverage="100.0" branchCoverage="0" maxCyclomaticComplexity="0" minCyclomaticComplexity="0" maxCrapScore="0" minCrapScore="0" visitedClasses="0" numClasses="0" visitedMethods="1" numMethods="1" />
              <MetadataToken>100663364</MetadataToken>
              <Name>System.Void StatManager::set_Maximum(System.Single)</Name>
              <FileRef uid="5" />
              <SequencePoints>
                <SequencePoint vc="142" uspid="224" ordinal="0" offset="0" sl="91" sc="13" el="91" ec="13" bec="0" bev="0" fileid="5" />
                <SequencePoint vc="142" uspid="225" ordinal="0" offset="1" sl="92" sc="13" el="92" ec="13" bec="0" bev="0" fileid="5" />
                <SequencePoint vc="142" uspid="226" ordinal="0" offset="8" sl="93" sc="13" el="93" ec="13" bec="0" bev="0" fileid="5" />
                <SequencePoint vc="142" uspid="227" ordinal="0" offset="15" sl="94" sc="9" el="94" ec="9" bec="0" bev="0" fileid="5" />
              </SequencePoints>
              <BranchPoints />
            </Method>
            <Method visited="true" cyclomaticComplexity="0" nPathComplexity="0" sequenceCoverage="100.0" branchCoverage="0" crapScore="0" isConstructor="false" isStatic="false" isGetter="false" isSetter="true">
              <Summary numSequencePoints="4" visitedSequencePoints="4" numBranchPoints="0" visitedBranchPoints="0" sequenceCoverage="100.0" branchCoverage="0" maxCyclomaticComplexity="0" minCyclomaticComplexity="0" maxCrapScore="0" minCrapScore="0" visitedClasses="0" numClasses="0" visitedMethods="1" numMethods="1" />
              <MetadataToken>100663366</MetadataToken>
              <Name>System.Void StatManager::set_BaseMaximum(System.Single)</Name>
              <FileRef uid="5" />
              <SequencePoints>
                <SequencePoint vc="142" uspid="231" ordinal="0" offset="0" sl="101" sc="13" el="101" ec="13" bec="0" bev="0" fileid="5" />
                <SequencePoint vc="142" uspid="232" ordinal="0" offset="1" sl="102" sc="13" el="102" ec="13" bec="0" bev="0" fileid="5" />
                <SequencePoint vc="142" uspid="233" ordinal="0" offset="8" sl="103" sc="13" el="103" ec="13" bec="0" bev="0" fileid="5" />
                <SequencePoint vc="142" uspid="234" ordinal="0" offset="15" sl="104" sc="9" el="104" ec="9" bec="0" bev="0" fileid="5" />
              </SequencePoints>
              <BranchPoints />
            </Method>
            <Method visited="true" cyclomaticComplexity="0" nPathComplexity="0" sequenceCoverage="100.0" branchCoverage="0" crapScore="0" isConstructor="false" isStatic="false" isGetter="false" isSetter="false">
              <Summary numSequencePoints="3" visitedSequencePoints="3" numBranchPoints="0" visitedBranchPoints="0" sequenceCoverage="100.0" branchCoverage="0" maxCyclomaticComplexity="0" minCyclomaticComplexity="0" maxCrapScore="0" minCrapScore="0" visitedClasses="0" numClasses="0" visitedMethods="1" numMethods="1" />
              <MetadataToken>100663368</MetadataToken>
              <Name>System.Void StatManager::RaiseOnMaximumValueChange()</Name>
              <FileRef uid="5" />
              <SequencePoints>
                <SequencePoint vc="142" uspid="235" ordinal="0" offset="0" sl="124" sc="5" el="124" ec="5" bec="0" bev="0" fileid="5" />
                <SequencePoint vc="142" uspid="236" ordinal="0" offset="1" sl="125" sc="9" el="125" ec="9" bec="0" bev="0" fileid="5" />
                <SequencePoint vc="142" uspid="237" ordinal="0" offset="19" sl="126" sc="5" el="126" ec="5" bec="0" bev="0" fileid="5" />
              </SequencePoints>
              <BranchPoints />
            </Method>
            <Method visited="true" cyclomaticComplexity="0" nPathComplexity="0" sequenceCoverage="100.0" branchCoverage="0" crapScore="0" isConstructor="false" isStatic="false" isGetter="false" isSetter="false">
              <Summary numSequencePoints="3" visitedSequencePoints="3" numBranchPoints="0" visitedBranchPoints="0" sequenceCoverage="100.0" branchCoverage="0" maxCyclomaticComplexity="0" minCyclomaticComplexity="0" maxCrapScore="0" minCrapScore="0" visitedClasses="0" numClasses="0" visitedMethods="1" numMethods="1" />
              <MetadataToken>100663369</MetadataToken>
              <Name>System.Void StatManager::RaiseOnBaseMaximumValueChange()</Name>
              <FileRef uid="5" />
              <SequencePoints>
                <SequencePoint vc="142" uspid="238" ordinal="0" offset="0" sl="132" sc="5" el="132" ec="5" bec="0" bev="0" fileid="5" />
                <SequencePoint vc="142" uspid="239" ordinal="0" offset="1" sl="133" sc="9" el="133" ec="9" bec="0" bev="0" fileid="5" />
                <SequencePoint vc="142" uspid="240" ordinal="0" offset="19" sl="134" sc="5" el="134" ec="5" bec="0" bev="0" fileid="5" />
              </SequencePoints>
              <BranchPoints />
            </Method>
            <Method visited="true" cyclomaticComplexity="0" nPathComplexity="0" sequenceCoverage="100.0" branchCoverage="0" crapScore="0" isConstructor="true" isStatic="false" isGetter="false" isSetter="false">
              <Summary numSequencePoints="6" visitedSequencePoints="6" numBranchPoints="0" visitedBranchPoints="0" sequenceCoverage="100.0" branchCoverage="0" maxCyclomaticComplexity="0" minCyclomaticComplexity="0" maxCrapScore="0" minCrapScore="0" visitedClasses="0" numClasses="0" visitedMethods="1" numMethods="1" />
              <MetadataToken>100663367</MetadataToken>
              <Name>StatManager::StatManager(System.Single, System.Single, System.Single)</Name>
              <FileRef uid="5" />
              <SequencePoints>
                <SequencePoint vc="142" uspid="246" ordinal="0" offset="0" sl="113" sc="85" el="113" ec="85" bec="0" bev="0" fileid="5" />
                <SequencePoint vc="142" uspid="247" ordinal="0" offset="8" sl="114" sc="5" el="114" ec="5" bec="0" bev="0" fileid="5" />
                <SequencePoint vc="142" uspid="248" ordinal="0" offset="9" sl="115" sc="9" el="115" ec="9" bec="0" bev="0" fileid="5" />
                <SequencePoint vc="142" uspid="249" ordinal="0" offset="17" sl="116" sc="9" el="116" ec="9" bec="0" bev="0" fileid="5" />
                <SequencePoint vc="142" uspid="250" ordinal="0" offset="25" sl="117" sc="9" el="117" ec="9" bec="0" bev="0" fileid="5" />
                <SequencePoint vc="142" uspid="251" ordinal="0" offset="33" sl="118" sc="5" el="118" ec="5" bec="0" bev="0" fileid="5" />
              </SequencePoints>
              <BranchPoints />
            </Method>
          </Methods>
        </Class>
        <Class>
          <Summary numSequencePoints="185" visitedSequencePoints="164" numBranchPoints="0" visitedBranchPoints="0" sequenceCoverage="88.65" branchCoverage="0.0" maxCyclomaticComplexity="0" minCyclomaticComplexity="0" maxCrapScore="0" minCrapScore="0" visitedClasses="1" numClasses="1" visitedMethods="13" numMethods="13" />
          <FullName>GameManager</FullName>
          <Methods>
            <Method visited="true" cyclomaticComplexity="0" nPathComplexity="0" sequenceCoverage="100.0" branchCoverage="0" crapScore="0" isConstructor="false" isStatic="true" isGetter="true" isSetter="false">
              <Summary numSequencePoints="1" visitedSequencePoints="1" numBranchPoints="0" visitedBranchPoints="0" sequenceCoverage="100.0" branchCoverage="0" maxCyclomaticComplexity="0" minCyclomaticComplexity="0" maxCrapScore="0" minCrapScore="0" visitedClasses="0" numClasses="0" visitedMethods="1" numMethods="1" />
              <MetadataToken>100663371</MetadataToken>
              <Name>static GameManager GameManager::get_Instance()</Name>
              <FileRef uid="6" />
              <SequencePoints>
                <SequencePoint vc="2736" uspid="252" ordinal="0" offset="0" sl="20" sc="41" el="20" ec="41" bec="0" bev="0" fileid="6" />
              </SequencePoints>
              <BranchPoints />
            </Method>
            <Method visited="true" cyclomaticComplexity="0" nPathComplexity="0" sequenceCoverage="100.0" branchCoverage="0" crapScore="0" isConstructor="false" isStatic="true" isGetter="false" isSetter="true">
              <Summary numSequencePoints="1" visitedSequencePoints="1" numBranchPoints="0" visitedBranchPoints="0" sequenceCoverage="100.0" branchCoverage="0" maxCyclomaticComplexity="0" minCyclomaticComplexity="0" maxCrapScore="0" minCrapScore="0" visitedClasses="0" numClasses="0" visitedMethods="1" numMethods="1" />
              <MetadataToken>100663372</MetadataToken>
              <Name>static System.Void GameManager::set_Instance(GameManager)</Name>
              <FileRef uid="6" />
              <SequencePoints>
                <SequencePoint vc="1" uspid="253" ordinal="0" offset="0" sl="20" sc="46" el="20" ec="46" bec="0" bev="0" fileid="6" />
              </SequencePoints>
              <BranchPoints />
            </Method>
            <Method visited="true" cyclomaticComplexity="0" nPathComplexity="0" sequenceCoverage="72.73" branchCoverage="0" crapScore="0" isConstructor="false" isStatic="false" isGetter="false" isSetter="false">
              <Summary numSequencePoints="11" visitedSequencePoints="8" numBranchPoints="0" visitedBranchPoints="0" sequenceCoverage="72.73" branchCoverage="0" maxCyclomaticComplexity="0" minCyclomaticComplexity="0" maxCrapScore="0" minCrapScore="0" visitedClasses="0" numClasses="0" visitedMethods="1" numMethods="1" />
              <MetadataToken>100663373</MetadataToken>
              <Name>System.Void GameManager::Awake()</Name>
              <FileRef uid="6" />
              <SequencePoints>
                <SequencePoint vc="1" uspid="254" ordinal="0" offset="0" sl="64" sc="5" el="64" ec="5" bec="0" bev="0" fileid="6" />
                <SequencePoint vc="1" uspid="255" ordinal="0" offset="1" sl="66" sc="9" el="66" ec="9" bec="0" bev="0" fileid="6" />
                <SequencePoint vc="1" uspid="256" ordinal="0" offset="16" sl="67" sc="9" el="67" ec="9" bec="0" bev="0" fileid="6" />
                <SequencePoint vc="1" uspid="257" ordinal="0" offset="17" sl="68" sc="13" el="68" ec="13" bec="0" bev="0" fileid="6" />
                <SequencePoint vc="1" uspid="258" ordinal="0" offset="24" sl="69" sc="9" el="69" ec="9" bec="0" bev="0" fileid="6" />
                <SequencePoint vc="0" uspid="259" ordinal="0" offset="27" sl="71" sc="9" el="71" ec="9" bec="0" bev="0" fileid="6" />
                <SequencePoint vc="0" uspid="260" ordinal="0" offset="28" sl="72" sc="13" el="72" ec="13" bec="0" bev="0" fileid="6" />
                <SequencePoint vc="0" uspid="261" ordinal="0" offset="40" sl="73" sc="9" el="73" ec="9" bec="0" bev="0" fileid="6" />
                <SequencePoint vc="1" uspid="262" ordinal="0" offset="41" sl="75" sc="9" el="75" ec="9" bec="0" bev="0" fileid="6" />
                <SequencePoint vc="1" uspid="263" ordinal="0" offset="53" sl="77" sc="9" el="77" ec="9" bec="0" bev="0" fileid="6" />
                <SequencePoint vc="1" uspid="264" ordinal="0" offset="70" sl="78" sc="5" el="78" ec="5" bec="0" bev="0" fileid="6" />
              </SequencePoints>
              <BranchPoints />
            </Method>
            <Method visited="true" cyclomaticComplexity="0" nPathComplexity="0" sequenceCoverage="100.0" branchCoverage="0" crapScore="0" isConstructor="false" isStatic="false" isGetter="false" isSetter="false">
              <Summary numSequencePoints="8" visitedSequencePoints="8" numBranchPoints="0" visitedBranchPoints="0" sequenceCoverage="100.0" branchCoverage="0" maxCyclomaticComplexity="0" minCyclomaticComplexity="0" maxCrapScore="0" minCrapScore="0" visitedClasses="0" numClasses="0" visitedMethods="1" numMethods="1" />
              <MetadataToken>100663374</MetadataToken>
              <Name>System.Void GameManager::Start()</Name>
              <FileRef uid="6" />
              <SequencePoints>
                <SequencePoint vc="1" uspid="265" ordinal="0" offset="0" sl="84" sc="5" el="84" ec="5" bec="0" bev="0" fileid="6" />
                <SequencePoint vc="1" uspid="266" ordinal="0" offset="1" sl="85" sc="9" el="85" ec="9" bec="0" bev="0" fileid="6" />
                <SequencePoint vc="1" uspid="267" ordinal="0" offset="13" sl="86" sc="9" el="86" ec="9" bec="0" bev="0" fileid="6" />
                <SequencePoint vc="1" uspid="268" ordinal="0" offset="25" sl="87" sc="9" el="87" ec="9" bec="0" bev="0" fileid="6" />
                <SequencePoint vc="1" uspid="269" ordinal="0" offset="37" sl="88" sc="9" el="88" ec="9" bec="0" bev="0" fileid="6" />
                <SequencePoint vc="1" uspid="270" ordinal="0" offset="60" sl="89" sc="9" el="89" ec="9" bec="0" bev="0" fileid="6" />
                <SequencePoint vc="1" uspid="271" ordinal="0" offset="83" sl="90" sc="9" el="90" ec="9" bec="0" bev="0" fileid="6" />
                <SequencePoint vc="1" uspid="272" ordinal="0" offset="106" sl="91" sc="5" el="91" ec="5" bec="0" bev="0" fileid="6" />
              </SequencePoints>
              <BranchPoints />
            </Method>
            <Method visited="true" cyclomaticComplexity="0" nPathComplexity="0" sequenceCoverage="100.0" branchCoverage="0" crapScore="0" isConstructor="false" isStatic="false" isGetter="false" isSetter="false">
              <Summary numSequencePoints="4" visitedSequencePoints="4" numBranchPoints="0" visitedBranchPoints="0" sequenceCoverage="100.0" branchCoverage="0" maxCyclomaticComplexity="0" minCyclomaticComplexity="0" maxCrapScore="0" minCrapScore="0" visitedClasses="0" numClasses="0" visitedMethods="1" numMethods="1" />
              <MetadataToken>100663375</MetadataToken>
              <Name>System.Void GameManager::Update()</Name>
              <FileRef uid="6" />
              <SequencePoints>
                <SequencePoint vc="1886" uspid="273" ordinal="0" offset="0" sl="97" sc="5" el="97" ec="5" bec="0" bev="0" fileid="6" />
                <SequencePoint vc="1886" uspid="274" ordinal="0" offset="1" sl="98" sc="9" el="98" ec="9" bec="0" bev="0" fileid="6" />
                <SequencePoint vc="1886" uspid="275" ordinal="0" offset="23" sl="99" sc="9" el="99" ec="9" bec="0" bev="0" fileid="6" />
                <SequencePoint vc="1886" uspid="276" ordinal="0" offset="45" sl="100" sc="5" el="100" ec="5" bec="0" bev="0" fileid="6" />
              </SequencePoints>
              <BranchPoints />
            </Method>
            <Method visited="true" cyclomaticComplexity="0" nPathComplexity="0" sequenceCoverage="100.0" branchCoverage="0" crapScore="0" isConstructor="false" isStatic="false" isGetter="false" isSetter="false">
              <Summary numSequencePoints="35" visitedSequencePoints="35" numBranchPoints="0" visitedBranchPoints="0" sequenceCoverage="100.0" branchCoverage="0" maxCyclomaticComplexity="0" minCyclomaticComplexity="0" maxCrapScore="0" minCrapScore="0" visitedClasses="0" numClasses="0" visitedMethods="1" numMethods="1" />
              <MetadataToken>100663376</MetadataToken>
              <Name>System.Data.DataTable GameManager::QueryDatabase(System.String, System.ValueTuple`2[[System.String, mscorlib, Version=4.0.0.0, Culture=neutral, PublicKeyToken=b77a5c561934e089],[System.Object, mscorlib, Version=4.0.0.0, Culture=neutral, PublicKeyToken=b77a5c561934e089]][])</Name>
              <FileRef uid="6" />
              <SequencePoints>
                <SequencePoint vc="114" uspid="277" ordinal="0" offset="0" sl="109" sc="5" el="109" ec="5" bec="0" bev="0" fileid="6" />
                <SequencePoint vc="114" uspid="278" ordinal="0" offset="1" sl="111" sc="9" el="111" ec="9" bec="0" bev="0" fileid="6" />
                <SequencePoint vc="114" uspid="279" ordinal="0" offset="3" sl="113" sc="9" el="113" ec="9" bec="0" bev="0" fileid="6" />
                <SequencePoint vc="114" uspid="280" ordinal="0" offset="4" sl="113" sc="38" el="113" ec="38" bec="0" bev="0" fileid="6" />
                <SequencePoint vc="118" uspid="281" ordinal="0" offset="12" sl="113" sc="18" el="113" ec="18" bec="0" bev="0" fileid="6" />
                <SequencePoint vc="118" uspid="282" ordinal="0" offset="36" sl="114" sc="9" el="114" ec="9" bec="0" bev="0" fileid="6" />
                <SequencePoint vc="118" uspid="283" ordinal="0" offset="37" sl="115" sc="13" el="115" ec="13" bec="0" bev="0" fileid="6" />
                <SequencePoint vc="118" uspid="284" ordinal="0" offset="58" sl="116" sc="9" el="116" ec="9" bec="0" bev="0" fileid="6" />
                <SequencePoint vc="232" uspid="285" ordinal="0" offset="65" sl="113" sc="35" el="113" ec="35" bec="0" bev="0" fileid="6" />
                <SequencePoint vc="114" uspid="286" ordinal="0" offset="73" sl="119" sc="9" el="119" ec="9" bec="0" bev="0" fileid="6" />
                <SequencePoint vc="92" uspid="287" ordinal="0" offset="91" sl="120" sc="9" el="120" ec="9" bec="0" bev="0" fileid="6" />
                <SequencePoint vc="92" uspid="288" ordinal="0" offset="92" sl="121" sc="13" el="121" ec="13" bec="0" bev="0" fileid="6" />
                <SequencePoint vc="22" uspid="289" ordinal="0" offset="111" sl="125" sc="9" el="125" ec="9" bec="0" bev="0" fileid="6" />
                <SequencePoint vc="22" uspid="290" ordinal="0" offset="132" sl="128" sc="9" el="128" ec="9" bec="0" bev="0" fileid="6" />
                <SequencePoint vc="22" uspid="291" ordinal="0" offset="139" sl="131" sc="9" el="131" ec="9" bec="0" bev="0" fileid="6" />
                <SequencePoint vc="22" uspid="292" ordinal="0" offset="146" sl="133" sc="9" el="133" ec="9" bec="0" bev="0" fileid="6" />
                <SequencePoint vc="22" uspid="293" ordinal="0" offset="154" sl="136" sc="9" el="136" ec="9" bec="0" bev="0" fileid="6" />
                <SequencePoint vc="22" uspid="294" ordinal="0" offset="155" sl="136" sc="38" el="136" ec="38" bec="0" bev="0" fileid="6" />
                <SequencePoint vc="26" uspid="295" ordinal="0" offset="163" sl="136" sc="18" el="136" ec="18" bec="0" bev="0" fileid="6" />
                <SequencePoint vc="26" uspid="296" ordinal="0" offset="187" sl="137" sc="9" el="137" ec="9" bec="0" bev="0" fileid="6" />
                <SequencePoint vc="26" uspid="297" ordinal="0" offset="188" sl="138" sc="13" el="138" ec="13" bec="0" bev="0" fileid="6" />
                <SequencePoint vc="26" uspid="298" ordinal="0" offset="196" sl="139" sc="13" el="139" ec="13" bec="0" bev="0" fileid="6" />
                <SequencePoint vc="26" uspid="299" ordinal="0" offset="206" sl="140" sc="13" el="140" ec="13" bec="0" bev="0" fileid="6" />
                <SequencePoint vc="26" uspid="300" ordinal="0" offset="216" sl="141" sc="13" el="141" ec="13" bec="0" bev="0" fileid="6" />
                <SequencePoint vc="26" uspid="301" ordinal="0" offset="230" sl="142" sc="9" el="142" ec="9" bec="0" bev="0" fileid="6" />
[...]
                <SequencePoint vc="4" uspid="13653" ordinal="0" offset="66" sl="45" sc="13" el="45" ec="13" bec="0" bev="0" fileid="234" />
                <SequencePoint vc="0" uspid="13654" ordinal="0" offset="69" sl="47" sc="13" el="47" ec="13" bec="0" bev="0" fileid="234" />
                <SequencePoint vc="0" uspid="13655" ordinal="0" offset="70" sl="48" sc="17" el="48" ec="17" bec="0" bev="0" fileid="234" />
                <SequencePoint vc="0" uspid="13656" ordinal="0" offset="84" sl="49" sc="13" el="49" ec="13" bec="0" bev="0" fileid="234" />
                <SequencePoint vc="4" uspid="13657" ordinal="0" offset="85" sl="50" sc="9" el="50" ec="9" bec="0" bev="0" fileid="234" />
              </SequencePoints>
              <BranchPoints />
            </Method>
            <Method visited="true" cyclomaticComplexity="0" nPathComplexity="0" sequenceCoverage="100.0" branchCoverage="0" crapScore="0" isConstructor="false" isStatic="false" isGetter="false" isSetter="false">
              <Summary numSequencePoints="3" visitedSequencePoints="3" numBranchPoints="0" visitedBranchPoints="0" sequenceCoverage="100.0" branchCoverage="0" maxCyclomaticComplexity="0" minCyclomaticComplexity="0" maxCrapScore="0" minCrapScore="0" visitedClasses="0" numClasses="0" visitedMethods="1" numMethods="1" />
              <MetadataToken>100663518</MetadataToken>
              <Name>System.Void NavMeshPlus.Extensions.NavMeshExtensionsProvider::Remove(NavMeshPlus.Extensions.NavMeshExtension)</Name>
              <FileRef uid="234" />
              <SequencePoints>
                <SequencePoint vc="4" uspid="13658" ordinal="0" offset="13" sl="53" sc="9" el="53" ec="9" bec="0" bev="0" fileid="234" />
                <SequencePoint vc="4" uspid="13659" ordinal="0" offset="14" sl="54" sc="13" el="54" ec="13" bec="0" bev="0" fileid="234" />
                <SequencePoint vc="4" uspid="13660" ordinal="0" offset="38" sl="55" sc="9" el="55" ec="9" bec="0" bev="0" fileid="234" />
              </SequencePoints>
              <BranchPoints />
            </Method>
            <Method visited="true" cyclomaticComplexity="0" nPathComplexity="0" sequenceCoverage="100.0" branchCoverage="0" crapScore="0" isConstructor="true" isStatic="false" isGetter="false" isSetter="false">
              <Summary numSequencePoints="1" visitedSequencePoints="1" numBranchPoints="0" visitedBranchPoints="0" sequenceCoverage="100.0" branchCoverage="0" maxCyclomaticComplexity="0" minCyclomaticComplexity="0" maxCrapScore="0" minCrapScore="0" visitedClasses="0" numClasses="0" visitedMethods="1" numMethods="1" />
              <MetadataToken>100663519</MetadataToken>
              <Name>NavMeshPlus.Extensions.NavMeshExtensionsProvider::NavMeshExtensionsProvider()</Name>
              <FileRef uid="234" />
              <SequencePoints>
                <SequencePoint vc="4" uspid="13661" ordinal="0" offset="0" sl="31" sc="9" el="31" ec="9" bec="0" bev="0" fileid="234" />
              </SequencePoints>
              <BranchPoints />
            </Method>
          </Methods>
        </Class>
        <Class>
          <Summary numSequencePoints="1" visitedSequencePoints="1" numBranchPoints="0" visitedBranchPoints="0" sequenceCoverage="100.0" branchCoverage="0.0" maxCyclomaticComplexity="0" minCyclomaticComplexity="0" maxCrapScore="0" minCrapScore="0" visitedClasses="1" numClasses="1" visitedMethods="1" numMethods="1" />
          <FullName>NavMeshPlus.Components.NavMeshModifierTilemap/MatchingTileComparator</FullName>
          <Methods>
            <Method visited="true" cyclomaticComplexity="0" nPathComplexity="0" sequenceCoverage="100.0" branchCoverage="0" crapScore="0" isConstructor="false" isStatic="false" isGetter="false" isSetter="false">
              <Summary numSequencePoints="1" visitedSequencePoints="1" numBranchPoints="0" visitedBranchPoints="0" sequenceCoverage="100.0" branchCoverage="0" maxCyclomaticComplexity="0" minCyclomaticComplexity="0" maxCrapScore="0" minCrapScore="0" visitedClasses="0" numClasses="0" visitedMethods="1" numMethods="1" />
              <MetadataToken>100663534</MetadataToken>
              <Name>System.Int32 NavMeshPlus.Components.NavMeshModifierTilemap/MatchingTileComparator::GetHashCode(NavMeshPlus.Components.NavMeshModifierTilemap/TileModifier)</Name>
              <FileRef uid="222" />
              <SequencePoints>
                <SequencePoint vc="52" uspid="13709" ordinal="0" offset="0" sl="32" sc="66" el="32" ec="66" bec="0" bev="0" fileid="222" />
              </SequencePoints>
              <BranchPoints />
            </Method>
          </Methods>
        </Class>
        <Class>
          <Summary numSequencePoints="2" visitedSequencePoints="2" numBranchPoints="0" visitedBranchPoints="0" sequenceCoverage="100.0" branchCoverage="0.0" maxCyclomaticComplexity="0" minCyclomaticComplexity="0" maxCrapScore="0" minCrapScore="0" visitedClasses="1" numClasses="1" visitedMethods="2" numMethods="2" />
          <FullName>NavMeshPlus.Components.NavMeshModifierTilemap/&lt;&gt;c</FullName>
          <Methods>
            <Method visited="true" cyclomaticComplexity="0" nPathComplexity="0" sequenceCoverage="100.0" branchCoverage="0" crapScore="0" isConstructor="false" isStatic="false" isGetter="false" isSetter="false">
              <Summary numSequencePoints="1" visitedSequencePoints="1" numBranchPoints="0" visitedBranchPoints="0" sequenceCoverage="100.0" branchCoverage="0" maxCyclomaticComplexity="0" minCyclomaticComplexity="0" maxCrapScore="0" minCrapScore="0" visitedClasses="0" numClasses="0" visitedMethods="1" numMethods="1" />
              <MetadataToken>100663539</MetadataToken>
              <Name>System.Boolean NavMeshPlus.Components.NavMeshModifierTilemap/&lt;&gt;c::&lt;GetModifierMap&gt;b__5_0(NavMeshPlus.Components.NavMeshModifierTilemap/TileModifier)</Name>
              <FileRef uid="222" />
              <SequencePoints>
                <SequencePoint vc="52" uspid="13711" ordinal="0" offset="0" sl="45" sc="100" el="45" ec="100" bec="0" bev="0" fileid="222" />
              </SequencePoints>
              <BranchPoints />
            </Method>
            <Method visited="true" cyclomaticComplexity="0" nPathComplexity="0" sequenceCoverage="100.0" branchCoverage="0" crapScore="0" isConstructor="false" isStatic="false" isGetter="false" isSetter="false">
              <Summary numSequencePoints="1" visitedSequencePoints="1" numBranchPoints="0" visitedBranchPoints="0" sequenceCoverage="100.0" branchCoverage="0" maxCyclomaticComplexity="0" minCyclomaticComplexity="0" maxCrapScore="0" minCrapScore="0" visitedClasses="0" numClasses="0" visitedMethods="1" numMethods="1" />
              <MetadataToken>100663540</MetadataToken>
              <Name>UnityEngine.Tilemaps.TileBase NavMeshPlus.Components.NavMeshModifierTilemap/&lt;&gt;c::&lt;GetModifierMap&gt;b__5_1(NavMeshPlus.Components.NavMeshModifierTilemap/TileModifier)</Name>
              <FileRef uid="222" />
              <SequencePoints>
                <SequencePoint vc="52" uspid="13712" ordinal="0" offset="0" sl="45" sc="180" el="45" ec="180" bec="0" bev="0" fileid="222" />
              </SequencePoints>
              <BranchPoints />
            </Method>
          </Methods>
        </Class>
        <Class>
          <Summary numSequencePoints="1" visitedSequencePoints="1" numBranchPoints="0" visitedBranchPoints="0" sequenceCoverage="100.0" branchCoverage="0.0" maxCyclomaticComplexity="0" minCyclomaticComplexity="0" maxCrapScore="0" minCrapScore="0" visitedClasses="1" numClasses="1" visitedMethods="1" numMethods="1" />
          <FullName>NavMeshPlus.Extensions.NavMeshExtensionsProvider/&lt;&gt;c__DisplayClass7_0</FullName>
          <Methods>
            <Method visited="true" cyclomaticComplexity="0" nPathComplexity="0" sequenceCoverage="100.0" branchCoverage="0" crapScore="0" isConstructor="false" isStatic="false" isGetter="false" isSetter="false">
              <Summary numSequencePoints="1" visitedSequencePoints="1" numBranchPoints="0" visitedBranchPoints="0" sequenceCoverage="100.0" branchCoverage="0" maxCyclomaticComplexity="0" minCyclomaticComplexity="0" maxCrapScore="0" minCrapScore="0" visitedClasses="0" numClasses="0" visitedMethods="1" numMethods="1" />
              <MetadataToken>100663551</MetadataToken>
              <Name>System.Boolean NavMeshPlus.Extensions.NavMeshExtensionsProvider/&lt;&gt;c__DisplayClass7_0::&lt;Remove&gt;b__0(NavMeshPlus.Extensions.NavMeshExtensionMeta)</Name>
              <FileRef uid="234" />
              <SequencePoints>
                <SequencePoint vc="4" uspid="13718" ordinal="0" offset="0" sl="54" sc="40" el="54" ec="40" bec="0" bev="0" fileid="234" />
              </SequencePoints>
              <BranchPoints />
            </Method>
          </Methods>
        </Class>
      </Classes>
    </Module>
    <Module>
      <Summary numSequencePoints="37" visitedSequencePoints="26" numBranchPoints="0" visitedBranchPoints="0" sequenceCoverage="70.27" branchCoverage="0.0" maxCyclomaticComplexity="0" minCyclomaticComplexity="0" maxCrapScore="0" minCrapScore="0" visitedClasses="1" numClasses="1" visitedMethods="3" numMethods="3" />
      <ModuleTime>0001-01-01T00:00:00</ModuleTime>
      <ModuleName>NavMeshPlusEditor</ModuleName>
      <Files>
        <File uid="238" fullPath="C:/Users/kk/Desktop/repositories/Mabworld/Assets/NavMeshComponents/Editor/NavMeshAssetManager.cs" />
        <File uid="239" fullPath="C:/Users/kk/Desktop/repositories/Mabworld/Assets/NavMeshComponents/Editor/NavMeshComponentsGUIUtility.cs" />
        <File uid="240" fullPath="C:/Users/kk/Desktop/repositories/Mabworld/Assets/NavMeshComponents/Editor/NavMeshLinkEditor.cs" />
        <File uid="241" fullPath="C:/Users/kk/Desktop/repositories/Mabworld/Assets/NavMeshComponents/Editor/NavMeshModifierEditor.cs" />
        <File uid="242" fullPath="C:/Users/kk/Desktop/repositories/Mabworld/Assets/NavMeshComponents/Editor/NavMeshModifierTilemapEditor.cs" />
        <File uid="243" fullPath="C:/Users/kk/Desktop/repositories/Mabworld/Assets/NavMeshComponents/Editor/NavMeshModifierVolumeEditor.cs" />
        <File uid="244" fullPath="C:/Users/kk/Desktop/repositories/Mabworld/Assets/NavMeshComponents/Editor/NavMeshSurfaceEditor.cs" />
        <File uid="245" fullPath="C:/Users/kk/Desktop/repositories/Mabworld/Assets/NavMeshComponents/Editor/AgentOverride2dEditor.cs" />
        <File uid="246" fullPath="C:/Users/kk/Desktop/repositories/Mabworld/Assets/NavMeshComponents/Editor/CollectSources2dEditor.cs" />
        <File uid="247" fullPath="C:/Users/kk/Desktop/repositories/Mabworld/Assets/NavMeshComponents/Editor/CollectSourcesCache2dEditor.cs" />
        <File uid="248" fullPath="C:/Users/kk/Desktop/repositories/Mabworld/Assets/NavMeshComponents/Editor/NavMeshAgentAttributePropertyDrawer.cs" />
        <File uid="249" fullPath="C:/Users/kk/Desktop/repositories/Mabworld/Assets/NavMeshComponents/Editor/NavMeshAreaAttributePropertyDrawer.cs" />
        <File uid="250" fullPath="C:/Users/kk/Desktop/repositories/Mabworld/Assets/NavMeshComponents/Editor/RootSources2dEditor.cs" />
      </Files>
      <Classes>
        <Class>
          <Summary numSequencePoints="37" visitedSequencePoints="26" numBranchPoints="0" visitedBranchPoints="0" sequenceCoverage="70.27" branchCoverage="0.0" maxCyclomaticComplexity="0" minCyclomaticComplexity="0" maxCrapScore="0" minCrapScore="0" visitedClasses="1" numClasses="1" visitedMethods="3" numMethods="3" />
          <FullName>NavMeshPlus.Components.Editors.NavMeshSurfaceEditor</FullName>
          <Methods>
            <Method visited="true" cyclomaticComplexity="0" nPathComplexity="0" sequenceCoverage="100.0" branchCoverage="0" crapScore="0" isConstructor="false" isStatic="true" isGetter="false" isSetter="false">
              <Summary numSequencePoints="3" visitedSequencePoints="3" numBranchPoints="0" visitedBranchPoints="0" sequenceCoverage="100.0" branchCoverage="0" maxCyclomaticComplexity="0" minCyclomaticComplexity="0" maxCrapScore="0" minCrapScore="0" visitedClasses="0" numClasses="0" visitedMethods="1" numMethods="1" />
              <MetadataToken>100663362</MetadataToken>
              <Name>static System.Void NavMeshPlus.Components.Editors.NavMeshSurfaceEditor::RenderBoxGizmoNotSelected(NavMeshPlus.Components.NavMeshSurface, UnityEditor.GizmoType)</Name>
              <FileRef uid="244" />
              <SequencePoints>
                <SequencePoint vc="190" uspid="14756" ordinal="0" offset="0" sl="316" sc="9" el="316" ec="9" bec="0" bev="0" fileid="244" />
                <SequencePoint vc="190" uspid="14757" ordinal="0" offset="1" sl="317" sc="17" el="317" ec="17" bec="0" bev="0" fileid="244" />
                <SequencePoint vc="190" uspid="14758" ordinal="0" offset="10" sl="318" sc="9" el="318" ec="9" bec="0" bev="0" fileid="244" />
              </SequencePoints>
              <BranchPoints />
            </Method>
            <Method visited="true" cyclomaticComplexity="0" nPathComplexity="0" sequenceCoverage="64.52" branchCoverage="0" crapScore="0" isConstructor="false" isStatic="true" isGetter="false" isSetter="false">
              <Summary numSequencePoints="31" visitedSequencePoints="20" numBranchPoints="0" visitedBranchPoints="0" sequenceCoverage="64.52" branchCoverage="0" maxCyclomaticComplexity="0" minCyclomaticComplexity="0" maxCrapScore="0" minCrapScore="0" visitedClasses="0" numClasses="0" visitedMethods="1" numMethods="1" />
              <MetadataToken>100663363</MetadataToken>
              <Name>static System.Void NavMeshPlus.Components.Editors.NavMeshSurfaceEditor::RenderBoxGizmo(NavMeshPlus.Components.NavMeshSurface, UnityEditor.GizmoType, System.Boolean)</Name>
              <FileRef uid="244" />
              <SequencePoints>
                <SequencePoint vc="190" uspid="14759" ordinal="0" offset="0" sl="321" sc="9" el="321" ec="9" bec="0" bev="0" fileid="244" />
                <SequencePoint vc="190" uspid="14760" ordinal="0" offset="1" sl="322" sc="13" el="322" ec="13" bec="0" bev="0" fileid="244" />
                <SequencePoint vc="190" uspid="14761" ordinal="0" offset="17" sl="323" sc="13" el="323" ec="13" bec="0" bev="0" fileid="244" />
                <SequencePoint vc="0" uspid="14762" ordinal="0" offset="32" sl="324" sc="17" el="324" ec="17" bec="0" bev="0" fileid="244" />
                <SequencePoint vc="190" uspid="14763" ordinal="0" offset="38" sl="326" sc="13" el="326" ec="13" bec="0" bev="0" fileid="244" />
                <SequencePoint vc="190" uspid="14764" ordinal="0" offset="44" sl="327" sc="13" el="327" ec="13" bec="0" bev="0" fileid="244" />
                <SequencePoint vc="190" uspid="14765" ordinal="0" offset="50" sl="330" sc="13" el="330" ec="13" bec="0" bev="0" fileid="244" />
                <SequencePoint vc="190" uspid="14766" ordinal="0" offset="83" sl="331" sc="13" el="331" ec="13" bec="0" bev="0" fileid="244" />
                <SequencePoint vc="190" uspid="14767" ordinal="0" offset="90" sl="333" sc="13" el="333" ec="13" bec="0" bev="0" fileid="244" />
                <SequencePoint vc="0" uspid="14768" ordinal="0" offset="108" sl="334" sc="13" el="334" ec="13" bec="0" bev="0" fileid="244" />
                <SequencePoint vc="0" uspid="14769" ordinal="0" offset="109" sl="335" sc="17" el="335" ec="17" bec="0" bev="0" fileid="244" />
                <SequencePoint vc="0" uspid="14770" ordinal="0" offset="116" sl="336" sc="17" el="336" ec="17" bec="0" bev="0" fileid="244" />
                <SequencePoint vc="0" uspid="14771" ordinal="0" offset="134" sl="338" sc="17" el="338" ec="17" bec="0" bev="0" fileid="244" />
                <SequencePoint vc="0" uspid="14772" ordinal="0" offset="152" sl="339" sc="17" el="339" ec="17" bec="0" bev="0" fileid="244" />
                <SequencePoint vc="0" uspid="14773" ordinal="0" offset="153" sl="340" sc="21" el="340" ec="21" bec="0" bev="0" fileid="244" />
                <SequencePoint vc="0" uspid="14774" ordinal="0" offset="208" sl="341" sc="21" el="341" ec="21" bec="0" bev="0" fileid="244" />
                <SequencePoint vc="0" uspid="14775" ordinal="0" offset="216" sl="342" sc="21" el="342" ec="21" bec="0" bev="0" fileid="244" />
                <SequencePoint vc="0" uspid="14776" ordinal="0" offset="234" sl="343" sc="17" el="343" ec="17" bec="0" bev="0" fileid="244" />
                <SequencePoint vc="0" uspid="14777" ordinal="0" offset="235" sl="344" sc="13" el="344" ec="13" bec="0" bev="0" fileid="244" />
                <SequencePoint vc="190" uspid="14778" ordinal="0" offset="238" sl="346" sc="13" el="346" ec="13" bec="0" bev="0" fileid="244" />
                <SequencePoint vc="190" uspid="14779" ordinal="0" offset="239" sl="347" sc="17" el="347" ec="17" bec="0" bev="0" fileid="244" />
                <SequencePoint vc="190" uspid="14780" ordinal="0" offset="257" sl="348" sc="17" el="348" ec="17" bec="0" bev="0" fileid="244" />
                <SequencePoint vc="190" uspid="14781" ordinal="0" offset="258" sl="349" sc="21" el="349" ec="21" bec="0" bev="0" fileid="244" />
                <SequencePoint vc="190" uspid="14782" ordinal="0" offset="271" sl="350" sc="21" el="350" ec="21" bec="0" bev="0" fileid="244" />
                <SequencePoint vc="190" uspid="14783" ordinal="0" offset="282" sl="351" sc="21" el="351" ec="21" bec="0" bev="0" fileid="244" />
                <SequencePoint vc="190" uspid="14784" ordinal="0" offset="302" sl="352" sc="17" el="352" ec="17" bec="0" bev="0" fileid="244" />
                <SequencePoint vc="190" uspid="14785" ordinal="0" offset="303" sl="353" sc="13" el="353" ec="13" bec="0" bev="0" fileid="244" />
                <SequencePoint vc="190" uspid="14786" ordinal="0" offset="304" sl="355" sc="13" el="355" ec="13" bec="0" bev="0" fileid="244" />
                <SequencePoint vc="190" uspid="14787" ordinal="0" offset="311" sl="356" sc="13" el="356" ec="13" bec="0" bev="0" fileid="244" />
                <SequencePoint vc="190" uspid="14788" ordinal="0" offset="318" sl="358" sc="13" el="358" ec="13" bec="0" bev="0" fileid="244" />
                <SequencePoint vc="190" uspid="14789" ordinal="0" offset="341" sl="359" sc="9" el="359" ec="9" bec="0" bev="0" fileid="244" />
              </SequencePoints>
              <BranchPoints />
            </Method>
            <Method visited="true" cyclomaticComplexity="0" nPathComplexity="0" sequenceCoverage="100.0" branchCoverage="0" crapScore="0" isConstructor="true" isStatic="true" isGetter="false" isSetter="false">
              <Summary numSequencePoints="3" visitedSequencePoints="3" numBranchPoints="0" visitedBranchPoints="0" sequenceCoverage="100.0" branchCoverage="0" maxCyclomaticComplexity="0" minCyclomaticComplexity="0" maxCrapScore="0" minCrapScore="0" visitedClasses="0" numClasses="0" visitedMethods="1" numMethods="1" />
              <MetadataToken>100663367</MetadataToken>
              <Name>static NavMeshPlus.Components.Editors.NavMeshSurfaceEditor::NavMeshSurfaceEditor()</Name>
              <FileRef uid="244" />
              <SequencePoints>
                <SequencePoint vc="1" uspid="14822" ordinal="0" offset="0" sl="52" sc="9" el="52" ec="9" bec="0" bev="0" fileid="244" />
                <SequencePoint vc="1" uspid="14823" ordinal="0" offset="40" sl="53" sc="9" el="53" ec="9" bec="0" bev="0" fileid="244" />
                <SequencePoint vc="1" uspid="14824" ordinal="0" offset="80" sl="54" sc="9" el="54" ec="9" bec="0" bev="0" fileid="244" />
              </SequencePoints>
              <BranchPoints />
            </Method>
          </Methods>
        </Class>
      </Classes>
    </Module>
  </Modules>
</CoverageSession>