<?xml version="1.0" encoding="utf-8"?>
<CoverageSession xmlns:xsd="http://www.w3.org/2001/XMLSchema" xmlns:xsi="http://www.w3.org/2001/XMLSchema-instance" Version="0.0.0.0">
  <Summary numSequencePoints="1299" visitedSequencePoints="43" numBranchPoints="0" visitedBranchPoints="0" sequenceCoverage="3.31" branchCoverage="0.0" maxCyclomaticComplexity="0" minCyclomaticComplexity="0" maxCrapScore="0" minCrapScore="0" visitedClasses="2" numClasses="72" visitedMethods="7" numMethods="266" />
  <Modules>
    <Module>
      <Summary numSequencePoints="38" visitedSequencePoints="0" numBranchPoints="0" visitedBranchPoints="0" sequenceCoverage="0.0" branchCoverage="0.0" maxCyclomaticComplexity="0" minCyclomaticComplexity="0" maxCrapScore="0" minCrapScore="0" visitedClasses="0" numClasses="4" visitedMethods="0" numMethods="4" />
      <ModuleTime>0001-01-01T00:00:00</ModuleTime>
      <ModuleName>Assembly-CSharp</ModuleName>
      <Files>
        <File uid="1" fullPath="C:/Users/kk/Desktop/repositories/Mabworld/Assets/Scripts/Actor.cs" />
        <File uid="2" fullPath="C:/Users/kk/Desktop/repositories/Mabworld/Assets/Scripts/ActorMovementStateMachine.cs" />
        <File uid="3" fullPath="C:/Users/kk/Desktop/repositories/Mabworld/Assets/Scripts/ActorSkillStateMachine.cs" />
        <File uid="4" fullPath="C:/Users/kk/Desktop/repositories/Mabworld/Assets/Scripts/AudioController.cs" />
        <File uid="5" fullPath="C:/Users/kk/Desktop/repositories/Mabworld/Assets/Scripts/EventManager.cs" />
        <File uid="6" fullPath="C:/Users/kk/Desktop/repositories/Mabworld/Assets/Scripts/GameManager.cs" />
        <File uid="7" fullPath="C:/Users/kk/Desktop/repositories/Mabworld/Assets/Scripts/InputController.cs" />
        <File uid="8" fullPath="C:/Users/kk/Desktop/repositories/Mabworld/Assets/Scripts/InventoryBag.cs" />
        <File uid="9" fullPath="C:/Users/kk/Desktop/repositories/Mabworld/Assets/Scripts/InventoryItem.cs" />
        <File uid="10" fullPath="C:/Users/kk/Desktop/repositories/Mabworld/Assets/Scripts/InventoryManager.cs" />
        <File uid="11" fullPath="C:/Users/kk/Desktop/repositories/Mabworld/Assets/Scripts/Item.cs" />
        <File uid="12" fullPath="C:/Users/kk/Desktop/repositories/Mabworld/Assets/Scripts/LightController.cs" />
        <File uid="13" fullPath="C:/Users/kk/Desktop/repositories/Mabworld/Assets/Scripts/LootGenerator.cs" />
        <File uid="14" fullPath="C:/Users/kk/Desktop/repositories/Mabworld/Assets/Scripts/MapResource.cs" />
        <File uid="15" fullPath="C:/Users/kk/Desktop/repositories/Mabworld/Assets/Scripts/Mob.cs" />
        <File uid="16" fullPath="C:/Users/kk/Desktop/repositories/Mabworld/Assets/Scripts/MobStateMachine.cs" />
        <File uid="17" fullPath="C:/Users/kk/Desktop/repositories/Mabworld/Assets/Scripts/NumberRangeValidator.cs" />
        <File uid="18" fullPath="C:/Users/kk/Desktop/repositories/Mabworld/Assets/Scripts/Player.cs" />
        <File uid="19" fullPath="C:/Users/kk/Desktop/repositories/Mabworld/Assets/Scripts/PlayerStateMachine.cs" />
        <File uid="20" fullPath="C:/Users/kk/Desktop/repositories/Mabworld/Assets/Scripts/PrefabFactory.cs" />
        <File uid="21" fullPath="C:/Users/kk/Desktop/repositories/Mabworld/Assets/Scripts/ProgressBar.cs" />
        <File uid="22" fullPath="C:/Users/kk/Desktop/repositories/Mabworld/Assets/Scripts/ResultHandler.cs" />
        <File uid="23" fullPath="C:/Users/kk/Desktop/repositories/Mabworld/Assets/Scripts/ShadowCaster2DCreator.cs" />
        <File uid="24" fullPath="C:/Users/kk/Desktop/repositories/Mabworld/Assets/Scripts/Skill.cs" />
        <File uid="25" fullPath="C:/Users/kk/Desktop/repositories/Mabworld/Assets/Scripts/SkillBubble.cs" />
        <File uid="26" fullPath="C:/Users/kk/Desktop/repositories/Mabworld/Assets/Scripts/SkillManager.cs" />
        <File uid="27" fullPath="C:/Users/kk/Desktop/repositories/Mabworld/Assets/Scripts/SkillSlot.cs" />
        <File uid="28" fullPath="C:/Users/kk/Desktop/repositories/Mabworld/Assets/Scripts/SkillTrainingMethod.cs" />
        <File uid="29" fullPath="C:/Users/kk/Desktop/repositories/Mabworld/Assets/Scripts/StateMachine.cs" />
        <File uid="30" fullPath="C:/Users/kk/Desktop/repositories/Mabworld/Assets/Scripts/Window.cs" />
        <File uid="31" fullPath="C:/Users/kk/Desktop/repositories/Mabworld/Assets/Scripts/WindowCharacter.cs" />
        <File uid="32" fullPath="C:/Users/kk/Desktop/repositories/Mabworld/Assets/Scripts/WindowInventory.cs" />
        <File uid="33" fullPath="C:/Users/kk/Desktop/repositories/Mabworld/Assets/Scripts/WindowInventoryItem.cs" />
        <File uid="34" fullPath="C:/Users/kk/Desktop/repositories/Mabworld/Assets/Scripts/WindowInventoryItemTooltip.cs" />
        <File uid="35" fullPath="C:/Users/kk/Desktop/repositories/Mabworld/Assets/Scripts/WindowInventorySplitStack.cs" />
        <File uid="36" fullPath="C:/Users/kk/Desktop/repositories/Mabworld/Assets/Scripts/WindowSkill.cs" />
        <File uid="37" fullPath="C:/Users/kk/Desktop/repositories/Mabworld/Assets/Scripts/WindowSkillAdvance.cs" />
        <File uid="38" fullPath="C:/Users/kk/Desktop/repositories/Mabworld/Assets/Scripts/WindowSkillDetailed.cs" />
        <File uid="39" fullPath="C:/Users/kk/Desktop/repositories/Mabworld/Assets/Scripts/WindowSkillRow.cs" />
        <File uid="40" fullPath="C:/Users/kk/Desktop/repositories/Mabworld/Assets/Scripts/WindowSkillStat.cs" />
        <File uid="41" fullPath="C:/Users/kk/Desktop/repositories/Mabworld/Assets/Scripts/WindowSkillTrainingMethod.cs" />
      </Files>
      <Classes>
        <Class>
          <Summary numSequencePoints="9" visitedSequencePoints="0" numBranchPoints="0" visitedBranchPoints="0" sequenceCoverage="0.0" branchCoverage="0.0" maxCyclomaticComplexity="0" minCyclomaticComplexity="0" maxCrapScore="0" minCrapScore="0" visitedClasses="0" numClasses="1" visitedMethods="0" numMethods="1" />
          <FullName>AudioController</FullName>
          <Methods>
            <Method visited="false" cyclomaticComplexity="0" nPathComplexity="0" sequenceCoverage="0.0" branchCoverage="0" crapScore="0" isConstructor="false" isStatic="false" isGetter="false" isSetter="false">
              <Summary numSequencePoints="9" visitedSequencePoints="0" numBranchPoints="0" visitedBranchPoints="0" sequenceCoverage="0.0" branchCoverage="0" maxCyclomaticComplexity="0" minCyclomaticComplexity="0" maxCrapScore="0" minCrapScore="0" visitedClasses="0" numClasses="0" visitedMethods="0" numMethods="1" />
              <MetadataToken>100663339</MetadataToken>
              <Name>System.Void AudioController::PlayResultSFX[T](T)</Name>
              <FileRef uid="4" />
              <SequencePoints>
                <SequencePoint vc="0" uspid="15183" ordinal="0" offset="0" sl="44" sc="0" el="44" ec="0" bec="0" bev="0" fileid="4" />
                <SequencePoint vc="0" uspid="15184" ordinal="0" offset="1" sl="45" sc="0" el="45" ec="0" bec="0" bev="0" fileid="4" />
                <SequencePoint vc="0" uspid="15185" ordinal="0" offset="16" sl="46" sc="0" el="46" ec="0" bec="0" bev="0" fileid="4" />
                <SequencePoint vc="0" uspid="15186" ordinal="0" offset="17" sl="47" sc="0" el="47" ec="0" bec="0" bev="0" fileid="4" />
                <SequencePoint vc="0" uspid="15187" ordinal="0" offset="35" sl="48" sc="0" el="48" ec="0" bec="0" bev="0" fileid="4" />
                <SequencePoint vc="0" uspid="15188" ordinal="0" offset="38" sl="50" sc="0" el="50" ec="0" bec="0" bev="0" fileid="4" />
                <SequencePoint vc="0" uspid="15189" ordinal="0" offset="39" sl="51" sc="0" el="51" ec="0" bec="0" bev="0" fileid="4" />
                <SequencePoint vc="0" uspid="15190" ordinal="0" offset="57" sl="52" sc="0" el="52" ec="0" bec="0" bev="0" fileid="4" />
                <SequencePoint vc="0" uspid="15191" ordinal="0" offset="58" sl="53" sc="0" el="53" ec="0" bec="0" bev="0" fileid="4" />
              </SequencePoints>
              <BranchPoints />
            </Method>
          </Methods>
        </Class>
        <Class>
          <Summary numSequencePoints="4" visitedSequencePoints="0" numBranchPoints="0" visitedBranchPoints="0" sequenceCoverage="0.0" branchCoverage="0.0" maxCyclomaticComplexity="0" minCyclomaticComplexity="0" maxCrapScore="0" minCrapScore="0" visitedClasses="0" numClasses="1" visitedMethods="0" numMethods="1" />
          <FullName>GameManager</FullName>
          <Methods>
            <Method visited="false" cyclomaticComplexity="0" nPathComplexity="0" sequenceCoverage="0.0" branchCoverage="0" crapScore="0" isConstructor="false" isStatic="false" isGetter="false" isSetter="false">
              <Summary numSequencePoints="4" visitedSequencePoints="0" numBranchPoints="0" visitedBranchPoints="0" sequenceCoverage="0.0" branchCoverage="0" maxCyclomaticComplexity="0" minCyclomaticComplexity="0" maxCrapScore="0" minCrapScore="0" visitedClasses="0" numClasses="0" visitedMethods="0" numMethods="1" />
              <MetadataToken>100663378</MetadataToken>
              <Name>T GameManager::LoadAsset[T](System.String)</Name>
              <FileRef uid="6" />
              <SequencePoints>
                <SequencePoint vc="0" uspid="15413" ordinal="0" offset="0" sl="269" sc="0" el="269" ec="0" bec="0" bev="0" fileid="6" />
                <SequencePoint vc="0" uspid="15414" ordinal="0" offset="1" sl="270" sc="0" el="270" ec="0" bec="0" bev="0" fileid="6" />
                <SequencePoint vc="0" uspid="15415" ordinal="0" offset="16" sl="271" sc="0" el="271" ec="0" bec="0" bev="0" fileid="6" />
                <SequencePoint vc="0" uspid="15416" ordinal="0" offset="20" sl="272" sc="0" el="272" ec="0" bec="0" bev="0" fileid="6" />
              </SequencePoints>
              <BranchPoints />
            </Method>
          </Methods>
        </Class>
        <Class>
          <Summary numSequencePoints="3" visitedSequencePoints="0" numBranchPoints="0" visitedBranchPoints="0" sequenceCoverage="0.0" branchCoverage="0.0" maxCyclomaticComplexity="0" minCyclomaticComplexity="0" maxCrapScore="0" minCrapScore="0" visitedClasses="0" numClasses="1" visitedMethods="0" numMethods="1" />
          <FullName>SkillManager</FullName>
          <Methods>
            <Method visited="false" cyclomaticComplexity="0" nPathComplexity="0" sequenceCoverage="0.0" branchCoverage="0" crapScore="0" isConstructor="false" isStatic="false" isGetter="false" isSetter="false">
              <Summary numSequencePoints="3" visitedSequencePoints="0" numBranchPoints="0" visitedBranchPoints="0" sequenceCoverage="0.0" branchCoverage="0" maxCyclomaticComplexity="0" minCyclomaticComplexity="0" maxCrapScore="0" minCrapScore="0" visitedClasses="0" numClasses="0" visitedMethods="0" numMethods="1" />
              <MetadataToken>100663513</MetadataToken>
              <Name>System.Collections.IEnumerator SkillManager::Use[T](Skill, T)</Name>
              <FileRef uid="26" />
              <SequencePoints>
                <SequencePoint vc="0" uspid="16418" ordinal="0" offset="0" sl="121" sc="0" el="121" ec="0" bec="0" bev="0" fileid="26" />
                <SequencePoint vc="0" uspid="16419" ordinal="0" offset="1" sl="122" sc="0" el="122" ec="0" bec="0" bev="0" fileid="26" />
                <SequencePoint vc="0" uspid="16420" ordinal="0" offset="11" sl="123" sc="0" el="123" ec="0" bec="0" bev="0" fileid="26" />
              </SequencePoints>
              <BranchPoints />
            </Method>
          </Methods>
        </Class>
        <Class>
          <Summary numSequencePoints="22" visitedSequencePoints="0" numBranchPoints="0" visitedBranchPoints="0" sequenceCoverage="0.0" branchCoverage="0.0" maxCyclomaticComplexity="0" minCyclomaticComplexity="0" maxCrapScore="0" minCrapScore="0" visitedClasses="0" numClasses="1" visitedMethods="0" numMethods="1" />
          <FullName>Skill&lt;Use&gt;d__42[T]</FullName>
          <Methods>
            <Method visited="false" cyclomaticComplexity="0" nPathComplexity="0" sequenceCoverage="0.0" branchCoverage="0" crapScore="0" isConstructor="false" isStatic="false" isGetter="false" isSetter="false">
              <Summary numSequencePoints="22" visitedSequencePoints="0" numBranchPoints="0" visitedBranchPoints="0" sequenceCoverage="0.0" branchCoverage="0" maxCyclomaticComplexity="0" minCyclomaticComplexity="0" maxCrapScore="0" minCrapScore="0" visitedClasses="0" numClasses="0" visitedMethods="0" numMethods="1" />
              <MetadataToken>100663729</MetadataToken>
              <Name>System.Boolean Skill&lt;Use&gt;d__42[T]::MoveNext()</Name>
              <FileRef uid="24" />
              <SequencePoints>
                <SequencePoint vc="0" uspid="17692" ordinal="0" offset="34" sl="288" sc="0" el="288" ec="0" bec="0" bev="0" fileid="24" />
                <SequencePoint vc="0" uspid="17693" ordinal="0" offset="35" sl="290" sc="0" el="290" ec="0" bec="0" bev="0" fileid="24" />
                <SequencePoint vc="0" uspid="17694" ordinal="0" offset="52" sl="291" sc="0" el="291" ec="0" bec="0" bev="0" fileid="24" />
                <SequencePoint vc="0" uspid="17695" ordinal="0" offset="63" sl="293" sc="0" el="293" ec="0" bec="0" bev="0" fileid="24" />
                <SequencePoint vc="0" uspid="17696" ordinal="0" offset="74" sl="294" sc="0" el="294" ec="0" bec="0" bev="0" fileid="24" />
                <SequencePoint vc="0" uspid="17697" ordinal="0" offset="100" sl="297" sc="0" el="297" ec="0" bec="0" bev="0" fileid="24" />
                <SequencePoint vc="0" uspid="17698" ordinal="0" offset="101" sl="299" sc="0" el="299" ec="0" bec="0" bev="0" fileid="24" />
                <SequencePoint vc="0" uspid="17699" ordinal="0" offset="131" sl="300" sc="0" el="300" ec="0" bec="0" bev="0" fileid="24" />
                <SequencePoint vc="0" uspid="17700" ordinal="0" offset="164" sl="303" sc="0" el="303" ec="0" bec="0" bev="0" fileid="24" />
                <SequencePoint vc="0" uspid="17701" ordinal="0" offset="188" sl="304" sc="0" el="304" ec="0" bec="0" bev="0" fileid="24" />
                <SequencePoint vc="0" uspid="17702" ordinal="0" offset="189" sl="305" sc="0" el="305" ec="0" bec="0" bev="0" fileid="24" />
                <SequencePoint vc="0" uspid="17703" ordinal="0" offset="212" sl="306" sc="0" el="306" ec="0" bec="0" bev="0" fileid="24" />
                <SequencePoint vc="0" uspid="17704" ordinal="0" offset="213" sl="308" sc="0" el="308" ec="0" bec="0" bev="0" fileid="24" />
                <SequencePoint vc="0" uspid="17705" ordinal="0" offset="232" sl="309" sc="0" el="309" ec="0" bec="0" bev="0" fileid="24" />
                <SequencePoint vc="0" uspid="17706" ordinal="0" offset="233" sl="296" sc="0" el="296" ec="0" bec="0" bev="0" fileid="24" />
                <SequencePoint vc="0" uspid="17707" ordinal="0" offset="260" sl="312" sc="0" el="312" ec="0" bec="0" bev="0" fileid="24" />
                <SequencePoint vc="0" uspid="17708" ordinal="0" offset="276" sl="313" sc="0" el="313" ec="0" bec="0" bev="0" fileid="24" />
                <SequencePoint vc="0" uspid="17709" ordinal="0" offset="299" sl="315" sc="0" el="315" ec="0" bec="0" bev="0" fileid="24" />
                <SequencePoint vc="0" uspid="17710" ordinal="0" offset="328" sl="318" sc="0" el="318" ec="0" bec="0" bev="0" fileid="24" />
                <SequencePoint vc="0" uspid="17711" ordinal="0" offset="346" sl="319" sc="0" el="319" ec="0" bec="0" bev="0" fileid="24" />
                <SequencePoint vc="0" uspid="17712" ordinal="0" offset="367" sl="322" sc="0" el="322" ec="0" bec="0" bev="0" fileid="24" />
                <SequencePoint vc="0" uspid="17713" ordinal="0" offset="401" sl="323" sc="0" el="323" ec="0" bec="0" bev="0" fileid="24" />
              </SequencePoints>
              <BranchPoints />
            </Method>
          </Methods>
        </Class>
      </Classes>
    </Module>
    <Module>
      <Summary numSequencePoints="1185" visitedSequencePoints="0" numBranchPoints="0" visitedBranchPoints="0" sequenceCoverage="0.0" branchCoverage="0.0" maxCyclomaticComplexity="0" minCyclomaticComplexity="0" maxCrapScore="0" minCrapScore="0" visitedClasses="0" numClasses="65" visitedMethods="0" numMethods="254" />
      <ModuleTime>0001-01-01T00:00:00</ModuleTime>
      <ModuleName>YamlDotNet</ModuleName>
      <Files>
        <File uid="49" fullPath="C:/Users/kk/Desktop/repositories/Mabworld/Assets/YamlDotNet/Portability/NullableReferences.cs" />
        <File uid="50" fullPath="C:/Users/kk/Desktop/repositories/Mabworld/Assets/YamlDotNet/Portability/netstandard2.0+netstandard2.1/include/CultureInfoAdapter.cs" />
        <File uid="51" fullPath="C:/Users/kk/Desktop/repositories/Mabworld/Assets/YamlDotNet/Portability/netstandard2.0+netstandard2.1/include/ReflectionExtensions.cs" />
        <File uid="52" fullPath="C:/Users/kk/Desktop/repositories/Mabworld/Assets/YamlDotNet/Portability/unitysubset3.5/exclude/PropertyInfoExtensions.cs" />
        <File uid="53" fullPath="C:/Users/kk/Desktop/repositories/Mabworld/Assets/YamlDotNet/Serialization/BuilderSkeleton.cs" />
        <File uid="54" fullPath="C:/Users/kk/Desktop/repositories/Mabworld/Assets/YamlDotNet/Serialization/Deserializer.cs" />
        <File uid="55" fullPath="C:/Users/kk/Desktop/repositories/Mabworld/Assets/YamlDotNet/Serialization/DeserializerBuilder.cs" />
        <File uid="56" fullPath="C:/Users/kk/Desktop/repositories/Mabworld/Assets/YamlDotNet/Serialization/EmissionPhaseObjectGraphVisitorArgs.cs" />
        <File uid="57" fullPath="C:/Users/kk/Desktop/repositories/Mabworld/Assets/YamlDotNet/Serialization/EventInfo.cs" />
        <File uid="58" fullPath="C:/Users/kk/Desktop/repositories/Mabworld/Assets/YamlDotNet/Serialization/IObjectDescriptor.cs" />
        <File uid="59" fullPath="C:/Users/kk/Desktop/repositories/Mabworld/Assets/YamlDotNet/Serialization/LazyComponentRegistrationList.cs" />
        <File uid="60" fullPath="C:/Users/kk/Desktop/repositories/Mabworld/Assets/YamlDotNet/Serialization/LazyComponentRegistrationListExtensions.cs" />
        <File uid="61" fullPath="C:/Users/kk/Desktop/repositories/Mabworld/Assets/YamlDotNet/Serialization/ObjectDescriptor.cs" />
        <File uid="62" fullPath="C:/Users/kk/Desktop/repositories/Mabworld/Assets/YamlDotNet/Serialization/PropertyDescriptor.cs" />
        <File uid="63" fullPath="C:/Users/kk/Desktop/repositories/Mabworld/Assets/YamlDotNet/Serialization/Serializer.cs" />
        <File uid="64" fullPath="C:/Users/kk/Desktop/repositories/Mabworld/Assets/YamlDotNet/Serialization/SerializerBuilder.cs" />
        <File uid="65" fullPath="C:/Users/kk/Desktop/repositories/Mabworld/Assets/YamlDotNet/Serialization/Settings.cs" />
        <File uid="66" fullPath="C:/Users/kk/Desktop/repositories/Mabworld/Assets/YamlDotNet/Serialization/StaticContext.cs" />
        <File uid="67" fullPath="C:/Users/kk/Desktop/repositories/Mabworld/Assets/YamlDotNet/Serialization/StreamFragment.cs" />
        <File uid="68" fullPath="C:/Users/kk/Desktop/repositories/Mabworld/Assets/YamlDotNet/Serialization/TagMappings.cs" />
        <File uid="69" fullPath="C:/Users/kk/Desktop/repositories/Mabworld/Assets/YamlDotNet/Serialization/YamlAttributeOverrides.cs" />
        <File uid="70" fullPath="C:/Users/kk/Desktop/repositories/Mabworld/Assets/YamlDotNet/Serialization/YamlAttributeOverridesInspector.cs" />
        <File uid="71" fullPath="C:/Users/kk/Desktop/repositories/Mabworld/Assets/YamlDotNet/Serialization/YamlAttributesTypeInspector.cs" />
        <File uid="72" fullPath="C:/Users/kk/Desktop/repositories/Mabworld/Assets/YamlDotNet/Serialization/YamlFormatter.cs" />
        <File uid="73" fullPath="C:/Users/kk/Desktop/repositories/Mabworld/Assets/YamlDotNet/Serialization/YamlMemberAttribute.cs" />
        <File uid="74" fullPath="C:/Users/kk/Desktop/repositories/Mabworld/Assets/YamlDotNet/Serialization/ValueDeserializers/AliasValueDeserializer.cs" />
        <File uid="75" fullPath="C:/Users/kk/Desktop/repositories/Mabworld/Assets/YamlDotNet/Serialization/ValueDeserializers/NodeValueDeserializer.cs" />
        <File uid="76" fullPath="C:/Users/kk/Desktop/repositories/Mabworld/Assets/YamlDotNet/Serialization/Utilities/ObjectAnchorCollection.cs" />
        <File uid="77" fullPath="C:/Users/kk/Desktop/repositories/Mabworld/Assets/YamlDotNet/Serialization/Utilities/ReflectionUtility.cs" />
        <File uid="78" fullPath="C:/Users/kk/Desktop/repositories/Mabworld/Assets/YamlDotNet/Serialization/Utilities/SerializerState.cs" />
        <File uid="79" fullPath="C:/Users/kk/Desktop/repositories/Mabworld/Assets/YamlDotNet/Serialization/Utilities/StringExtensions.cs" />
        <File uid="80" fullPath="C:/Users/kk/Desktop/repositories/Mabworld/Assets/YamlDotNet/Serialization/Utilities/TypeConverter.cs" />
        <File uid="81" fullPath="C:/Users/kk/Desktop/repositories/Mabworld/Assets/YamlDotNet/Serialization/TypeResolvers/DynamicTypeResolver.cs" />
        <File uid="82" fullPath="C:/Users/kk/Desktop/repositories/Mabworld/Assets/YamlDotNet/Serialization/TypeResolvers/StaticTypeResolver.cs" />
        <File uid="83" fullPath="C:/Users/kk/Desktop/repositories/Mabworld/Assets/YamlDotNet/Serialization/TypeInspectors/CachedTypeInspector.cs" />
        <File uid="84" fullPath="C:/Users/kk/Desktop/repositories/Mabworld/Assets/YamlDotNet/Serialization/TypeInspectors/CompositeTypeInspector.cs" />
        <File uid="85" fullPath="C:/Users/kk/Desktop/repositories/Mabworld/Assets/YamlDotNet/Serialization/TypeInspectors/NamingConventionTypeInspector.cs" />
        <File uid="86" fullPath="C:/Users/kk/Desktop/repositories/Mabworld/Assets/YamlDotNet/Serialization/TypeInspectors/ReadableAndWritablePropertiesTypeInspector.cs" />
        <File uid="87" fullPath="C:/Users/kk/Desktop/repositories/Mabworld/Assets/YamlDotNet/Serialization/TypeInspectors/ReadableFieldsTypeInspector.cs" />
        <File uid="88" fullPath="C:/Users/kk/Desktop/repositories/Mabworld/Assets/YamlDotNet/Serialization/TypeInspectors/ReadablePropertiesTypeInspector.cs" />
        <File uid="89" fullPath="C:/Users/kk/Desktop/repositories/Mabworld/Assets/YamlDotNet/Serialization/TypeInspectors/TypeInspectorSkeleton.cs" />
        <File uid="90" fullPath="C:/Users/kk/Desktop/repositories/Mabworld/Assets/YamlDotNet/Serialization/TypeInspectors/WritablePropertiesTypeInspector.cs" />
        <File uid="91" fullPath="C:/Users/kk/Desktop/repositories/Mabworld/Assets/YamlDotNet/Serialization/ObjectGraphVisitors/AnchorAssigner.cs" />
        <File uid="92" fullPath="C:/Users/kk/Desktop/repositories/Mabworld/Assets/YamlDotNet/Serialization/ObjectGraphVisitors/AnchorAssigningObjectGraphVisitor.cs" />
        <File uid="93" fullPath="C:/Users/kk/Desktop/repositories/Mabworld/Assets/YamlDotNet/Serialization/ObjectGraphVisitors/ChainedObjectGraphVisitor.cs" />
        <File uid="94" fullPath="C:/Users/kk/Desktop/repositories/Mabworld/Assets/YamlDotNet/Serialization/ObjectGraphVisitors/CommentsObjectGraphVisitor.cs" />
        <File uid="95" fullPath="C:/Users/kk/Desktop/repositories/Mabworld/Assets/YamlDotNet/Serialization/ObjectGraphVisitors/CustomSerializationObjectGraphVisitor.cs" />
        <File uid="96" fullPath="C:/Users/kk/Desktop/repositories/Mabworld/Assets/YamlDotNet/Serialization/ObjectGraphVisitors/DefaultExclusiveObjectGraphVisitor.cs" />
        <File uid="97" fullPath="C:/Users/kk/Desktop/repositories/Mabworld/Assets/YamlDotNet/Serialization/ObjectGraphVisitors/DefaultValuesObjectGraphVisitor.cs" />
        <File uid="98" fullPath="C:/Users/kk/Desktop/repositories/Mabworld/Assets/YamlDotNet/Serialization/ObjectGraphVisitors/EmittingObjectGraphVisitor.cs" />
        <File uid="99" fullPath="C:/Users/kk/Desktop/repositories/Mabworld/Assets/YamlDotNet/Serialization/ObjectGraphVisitors/PreProcessingPhaseObjectGraphVisitorSkeleton.cs" />
        <File uid="100" fullPath="C:/Users/kk/Desktop/repositories/Mabworld/Assets/YamlDotNet/Serialization/ObjectGraphTraversalStrategies/FullObjectGraphTraversalStrategy.cs" />
        <File uid="101" fullPath="C:/Users/kk/Desktop/repositories/Mabworld/Assets/YamlDotNet/Serialization/ObjectGraphTraversalStrategies/RoundtripObjectGraphTraversalStrategy.cs" />
        <File uid="102" fullPath="C:/Users/kk/Desktop/repositories/Mabworld/Assets/YamlDotNet/Serialization/ObjectFactories/DefaultObjectFactory.cs" />
        <File uid="103" fullPath="C:/Users/kk/Desktop/repositories/Mabworld/Assets/YamlDotNet/Serialization/ObjectFactories/LambdaObjectFactory.cs" />
        <File uid="104" fullPath="C:/Users/kk/Desktop/repositories/Mabworld/Assets/YamlDotNet/Serialization/NodeTypeResolvers/DefaultContainersNodeTypeResolver.cs" />
        <File uid="105" fullPath="C:/Users/kk/Desktop/repositories/Mabworld/Assets/YamlDotNet/Serialization/NodeTypeResolvers/MappingNodeTypeResolver.cs" />
        <File uid="106" fullPath="C:/Users/kk/Desktop/repositories/Mabworld/Assets/YamlDotNet/Serialization/NodeTypeResolvers/RejectUnknownTagsNodeTypeResolver.cs" />
        <File uid="107" fullPath="C:/Users/kk/Desktop/repositories/Mabworld/Assets/YamlDotNet/Serialization/NodeTypeResolvers/TagNodeTypeResolver.cs" />
        <File uid="108" fullPath="C:/Users/kk/Desktop/repositories/Mabworld/Assets/YamlDotNet/Serialization/NodeTypeResolvers/TypeNameInTagNodeTypeResolver.cs" />
        <File uid="109" fullPath="C:/Users/kk/Desktop/repositories/Mabworld/Assets/YamlDotNet/Serialization/NodeTypeResolvers/YamlConvertibleTypeResolver.cs" />
        <File uid="110" fullPath="C:/Users/kk/Desktop/repositories/Mabworld/Assets/YamlDotNet/Serialization/NodeTypeResolvers/YamlSerializableTypeResolver.cs" />
        <File uid="111" fullPath="C:/Users/kk/Desktop/repositories/Mabworld/Assets/YamlDotNet/Serialization/NodeDeserializers/ArrayNodeDeserializer.cs" />
        <File uid="112" fullPath="C:/Users/kk/Desktop/repositories/Mabworld/Assets/YamlDotNet/Serialization/NodeDeserializers/CollectionNodeDeserializer.cs" />
        <File uid="113" fullPath="C:/Users/kk/Desktop/repositories/Mabworld/Assets/YamlDotNet/Serialization/NodeDeserializers/DictionaryNodeDeserializer.cs" />
        <File uid="114" fullPath="C:/Users/kk/Desktop/repositories/Mabworld/Assets/YamlDotNet/Serialization/NodeDeserializers/EnumerableNodeDeserializer.cs" />
        <File uid="115" fullPath="C:/Users/kk/Desktop/repositories/Mabworld/Assets/YamlDotNet/Serialization/NodeDeserializers/NullNodeDeserializer.cs" />
        <File uid="116" fullPath="C:/Users/kk/Desktop/repositories/Mabworld/Assets/YamlDotNet/Serialization/NodeDeserializers/ObjectNodeDeserializer.cs" />
        <File uid="117" fullPath="C:/Users/kk/Desktop/repositories/Mabworld/Assets/YamlDotNet/Serialization/NodeDeserializers/ScalarNodeDeserializer.cs" />
        <File uid="118" fullPath="C:/Users/kk/Desktop/repositories/Mabworld/Assets/YamlDotNet/Serialization/NodeDeserializers/StaticDictionaryNodeDeserializer.cs" />
        <File uid="119" fullPath="C:/Users/kk/Desktop/repositories/Mabworld/Assets/YamlDotNet/Serialization/NodeDeserializers/TypeConverterNodeDeserializer.cs" />
        <File uid="120" fullPath="C:/Users/kk/Desktop/repositories/Mabworld/Assets/YamlDotNet/Serialization/NodeDeserializers/YamlConvertibleNodeDeserializer.cs" />
        <File uid="121" fullPath="C:/Users/kk/Desktop/repositories/Mabworld/Assets/YamlDotNet/Serialization/NodeDeserializers/YamlSerializableNodeDeserializer.cs" />
        <File uid="122" fullPath="C:/Users/kk/Desktop/repositories/Mabworld/Assets/YamlDotNet/Serialization/NamingConventions/CamelCaseNamingConvention.cs" />
        <File uid="123" fullPath="C:/Users/kk/Desktop/repositories/Mabworld/Assets/YamlDotNet/Serialization/NamingConventions/HyphenatedNamingConvention.cs" />
        <File uid="124" fullPath="C:/Users/kk/Desktop/repositories/Mabworld/Assets/YamlDotNet/Serialization/NamingConventions/LowerCaseNamingConvention.cs" />
        <File uid="125" fullPath="C:/Users/kk/Desktop/repositories/Mabworld/Assets/YamlDotNet/Serialization/NamingConventions/NullNamingConvention.cs" />
        <File uid="126" fullPath="C:/Users/kk/Desktop/repositories/Mabworld/Assets/YamlDotNet/Serialization/NamingConventions/PascalCaseNamingConvention.cs" />
        <File uid="127" fullPath="C:/Users/kk/Desktop/repositories/Mabworld/Assets/YamlDotNet/Serialization/NamingConventions/UnderscoredNamingConvention.cs" />
        <File uid="128" fullPath="C:/Users/kk/Desktop/repositories/Mabworld/Assets/YamlDotNet/Serialization/EventEmitters/ChainedEventEmitter.cs" />
        <File uid="129" fullPath="C:/Users/kk/Desktop/repositories/Mabworld/Assets/YamlDotNet/Serialization/EventEmitters/JsonEventEmitter.cs" />
        <File uid="130" fullPath="C:/Users/kk/Desktop/repositories/Mabworld/Assets/YamlDotNet/Serialization/EventEmitters/TypeAssigningEventEmitter.cs" />
        <File uid="131" fullPath="C:/Users/kk/Desktop/repositories/Mabworld/Assets/YamlDotNet/Serialization/EventEmitters/WriterEventEmitter.cs" />
        <File uid="132" fullPath="C:/Users/kk/Desktop/repositories/Mabworld/Assets/YamlDotNet/Serialization/Converters/DateTimeConverter.cs" />
        <File uid="133" fullPath="C:/Users/kk/Desktop/repositories/Mabworld/Assets/YamlDotNet/Serialization/Converters/GuidConverter.cs" />
        <File uid="134" fullPath="C:/Users/kk/Desktop/repositories/Mabworld/Assets/YamlDotNet/Serialization/Converters/SystemTypeConverter.cs" />
        <File uid="135" fullPath="C:/Users/kk/Desktop/repositories/Mabworld/Assets/YamlDotNet/RepresentationModel/DocumentLoadingState.cs" />
        <File uid="136" fullPath="C:/Users/kk/Desktop/repositories/Mabworld/Assets/YamlDotNet/RepresentationModel/EmitterState.cs" />
        <File uid="137" fullPath="C:/Users/kk/Desktop/repositories/Mabworld/Assets/YamlDotNet/RepresentationModel/LibYamlEventStream.cs" />
        <File uid="138" fullPath="C:/Users/kk/Desktop/repositories/Mabworld/Assets/YamlDotNet/RepresentationModel/YamlAliasNode.cs" />
        <File uid="139" fullPath="C:/Users/kk/Desktop/repositories/Mabworld/Assets/YamlDotNet/RepresentationModel/YamlDocument.cs" />
        <File uid="140" fullPath="C:/Users/kk/Desktop/repositories/Mabworld/Assets/YamlDotNet/RepresentationModel/YamlMappingNode.cs" />
        <File uid="141" fullPath="C:/Users/kk/Desktop/repositories/Mabworld/Assets/YamlDotNet/RepresentationModel/YamlNode.cs" />
        <File uid="142" fullPath="C:/Users/kk/Desktop/repositories/Mabworld/Assets/YamlDotNet/RepresentationModel/YamlNodeIdentityEqualityComparer.cs" />
        <File uid="143" fullPath="C:/Users/kk/Desktop/repositories/Mabworld/Assets/YamlDotNet/RepresentationModel/YamlScalarNode.cs" />
        <File uid="144" fullPath="C:/Users/kk/Desktop/repositories/Mabworld/Assets/YamlDotNet/RepresentationModel/YamlSequenceNode.cs" />
        <File uid="145" fullPath="C:/Users/kk/Desktop/repositories/Mabworld/Assets/YamlDotNet/RepresentationModel/YamlStream.cs" />
        <File uid="146" fullPath="C:/Users/kk/Desktop/repositories/Mabworld/Assets/YamlDotNet/RepresentationModel/YamlVisitor.cs" />
        <File uid="147" fullPath="C:/Users/kk/Desktop/repositories/Mabworld/Assets/YamlDotNet/RepresentationModel/YamlVisitorBase.cs" />
        <File uid="148" fullPath="C:/Users/kk/Desktop/repositories/Mabworld/Assets/YamlDotNet/Helpers/ConcurrentObjectPool.cs" />
        <File uid="149" fullPath="C:/Users/kk/Desktop/repositories/Mabworld/Assets/YamlDotNet/Helpers/ExpressionExtensions.cs" />
        <File uid="150" fullPath="C:/Users/kk/Desktop/repositories/Mabworld/Assets/YamlDotNet/Helpers/GenericCollectionToNonGenericAdapter.cs" />
        <File uid="151" fullPath="C:/Users/kk/Desktop/repositories/Mabworld/Assets/YamlDotNet/Helpers/GenericDictionaryToNonGenericAdapter.cs" />
        <File uid="152" fullPath="C:/Users/kk/Desktop/repositories/Mabworld/Assets/YamlDotNet/Helpers/NumberExtensions.cs" />
        <File uid="153" fullPath="C:/Users/kk/Desktop/repositories/Mabworld/Assets/YamlDotNet/Helpers/OrderedDictionary.cs" />
        <File uid="154" fullPath="C:/Users/kk/Desktop/repositories/Mabworld/Assets/YamlDotNet/Helpers/StringBuilderPool.cs" />
        <File uid="155" fullPath="C:/Users/kk/Desktop/repositories/Mabworld/Assets/YamlDotNet/Helpers/ThrowHelper.cs" />
        <File uid="156" fullPath="C:/Users/kk/Desktop/repositories/Mabworld/Assets/YamlDotNet/Core/AnchorName.cs" />
        <File uid="157" fullPath="C:/Users/kk/Desktop/repositories/Mabworld/Assets/YamlDotNet/Core/AnchorNotFoundException.cs" />
        <File uid="158" fullPath="C:/Users/kk/Desktop/repositories/Mabworld/Assets/YamlDotNet/Core/CharacterAnalyzer.cs" />
        <File uid="159" fullPath="C:/Users/kk/Desktop/repositories/Mabworld/Assets/YamlDotNet/Core/Constants.cs" />
        <File uid="160" fullPath="C:/Users/kk/Desktop/repositories/Mabworld/Assets/YamlDotNet/Core/Cursor.cs" />
        <File uid="161" fullPath="C:/Users/kk/Desktop/repositories/Mabworld/Assets/YamlDotNet/Core/Emitter.cs" />
        <File uid="162" fullPath="C:/Users/kk/Desktop/repositories/Mabworld/Assets/YamlDotNet/Core/EmitterSettings.cs" />
        <File uid="163" fullPath="C:/Users/kk/Desktop/repositories/Mabworld/Assets/YamlDotNet/Core/ForwardAnchorNotSupportedException.cs" />
        <File uid="164" fullPath="C:/Users/kk/Desktop/repositories/Mabworld/Assets/YamlDotNet/Core/HashCode.cs" />
        <File uid="165" fullPath="C:/Users/kk/Desktop/repositories/Mabworld/Assets/YamlDotNet/Core/InsertionQueue.cs" />
        <File uid="166" fullPath="C:/Users/kk/Desktop/repositories/Mabworld/Assets/YamlDotNet/Core/LookAheadBuffer.cs" />
        <File uid="167" fullPath="C:/Users/kk/Desktop/repositories/Mabworld/Assets/YamlDotNet/Core/Mark.cs" />
        <File uid="168" fullPath="C:/Users/kk/Desktop/repositories/Mabworld/Assets/YamlDotNet/Core/MaximumRecursionLevelReachedException.cs" />
        <File uid="169" fullPath="C:/Users/kk/Desktop/repositories/Mabworld/Assets/YamlDotNet/Core/MergingParser.cs" />
        <File uid="170" fullPath="C:/Users/kk/Desktop/repositories/Mabworld/Assets/YamlDotNet/Core/Parser.cs" />
        <File uid="171" fullPath="C:/Users/kk/Desktop/repositories/Mabworld/Assets/YamlDotNet/Core/ParserExtensions.cs" />
        <File uid="172" fullPath="C:/Users/kk/Desktop/repositories/Mabworld/Assets/YamlDotNet/Core/RecursionLevel.cs" />
        <File uid="173" fullPath="C:/Users/kk/Desktop/repositories/Mabworld/Assets/YamlDotNet/Core/Scanner.cs" />
        <File uid="174" fullPath="C:/Users/kk/Desktop/repositories/Mabworld/Assets/YamlDotNet/Core/SemanticErrorException.cs" />
        <File uid="175" fullPath="C:/Users/kk/Desktop/repositories/Mabworld/Assets/YamlDotNet/Core/SimpleKey.cs" />
        <File uid="176" fullPath="C:/Users/kk/Desktop/repositories/Mabworld/Assets/YamlDotNet/Core/StringLookAheadBuffer.cs" />
        <File uid="177" fullPath="C:/Users/kk/Desktop/repositories/Mabworld/Assets/YamlDotNet/Core/SyntaxErrorException.cs" />
        <File uid="178" fullPath="C:/Users/kk/Desktop/repositories/Mabworld/Assets/YamlDotNet/Core/TagDirectiveCollection.cs" />
        <File uid="179" fullPath="C:/Users/kk/Desktop/repositories/Mabworld/Assets/YamlDotNet/Core/TagName.cs" />
        <File uid="180" fullPath="C:/Users/kk/Desktop/repositories/Mabworld/Assets/YamlDotNet/Core/Version.cs" />
        <File uid="181" fullPath="C:/Users/kk/Desktop/repositories/Mabworld/Assets/YamlDotNet/Core/YamlException.cs" />
        <File uid="182" fullPath="C:/Users/kk/Desktop/repositories/Mabworld/Assets/YamlDotNet/Core/Tokens/Anchor.cs" />
        <File uid="183" fullPath="C:/Users/kk/Desktop/repositories/Mabworld/Assets/YamlDotNet/Core/Tokens/AnchorAlias.cs" />
        <File uid="184" fullPath="C:/Users/kk/Desktop/repositories/Mabworld/Assets/YamlDotNet/Core/Tokens/BlockEnd.cs" />
        <File uid="185" fullPath="C:/Users/kk/Desktop/repositories/Mabworld/Assets/YamlDotNet/Core/Tokens/BlockEntry.cs" />
        <File uid="186" fullPath="C:/Users/kk/Desktop/repositories/Mabworld/Assets/YamlDotNet/Core/Tokens/BlockMappingStart.cs" />
        <File uid="187" fullPath="C:/Users/kk/Desktop/repositories/Mabworld/Assets/YamlDotNet/Core/Tokens/BlockSequenceStart.cs" />
        <File uid="188" fullPath="C:/Users/kk/Desktop/repositories/Mabworld/Assets/YamlDotNet/Core/Tokens/Comment.cs" />
        <File uid="189" fullPath="C:/Users/kk/Desktop/repositories/Mabworld/Assets/YamlDotNet/Core/Tokens/DocumentEnd.cs" />
        <File uid="190" fullPath="C:/Users/kk/Desktop/repositories/Mabworld/Assets/YamlDotNet/Core/Tokens/DocumentStart.cs" />
        <File uid="191" fullPath="C:/Users/kk/Desktop/repositories/Mabworld/Assets/YamlDotNet/Core/Tokens/Error.cs" />
        <File uid="192" fullPath="C:/Users/kk/Desktop/repositories/Mabworld/Assets/YamlDotNet/Core/Tokens/FlowEntry.cs" />
        <File uid="193" fullPath="C:/Users/kk/Desktop/repositories/Mabworld/Assets/YamlDotNet/Core/Tokens/FlowMappingEnd.cs" />
        <File uid="194" fullPath="C:/Users/kk/Desktop/repositories/Mabworld/Assets/YamlDotNet/Core/Tokens/FlowMappingStart.cs" />
        <File uid="195" fullPath="C:/Users/kk/Desktop/repositories/Mabworld/Assets/YamlDotNet/Core/Tokens/FlowSequenceEnd.cs" />
        <File uid="196" fullPath="C:/Users/kk/Desktop/repositories/Mabworld/Assets/YamlDotNet/Core/Tokens/FlowSequenceStart.cs" />
        <File uid="197" fullPath="C:/Users/kk/Desktop/repositories/Mabworld/Assets/YamlDotNet/Core/Tokens/Key.cs" />
        <File uid="198" fullPath="C:/Users/kk/Desktop/repositories/Mabworld/Assets/YamlDotNet/Core/Tokens/Scalar.cs" />
        <File uid="199" fullPath="C:/Users/kk/Desktop/repositories/Mabworld/Assets/YamlDotNet/Core/Tokens/StreamEnd.cs" />
        <File uid="200" fullPath="C:/Users/kk/Desktop/repositories/Mabworld/Assets/YamlDotNet/Core/Tokens/StreamStart.cs" />
        <File uid="201" fullPath="C:/Users/kk/Desktop/repositories/Mabworld/Assets/YamlDotNet/Core/Tokens/Tag.cs" />
        <File uid="202" fullPath="C:/Users/kk/Desktop/repositories/Mabworld/Assets/YamlDotNet/Core/Tokens/TagDirective.cs" />
        <File uid="203" fullPath="C:/Users/kk/Desktop/repositories/Mabworld/Assets/YamlDotNet/Core/Tokens/Token.cs" />
        <File uid="204" fullPath="C:/Users/kk/Desktop/repositories/Mabworld/Assets/YamlDotNet/Core/Tokens/Value.cs" />
        <File uid="205" fullPath="C:/Users/kk/Desktop/repositories/Mabworld/Assets/YamlDotNet/Core/Tokens/VersionDirective.cs" />
        <File uid="206" fullPath="C:/Users/kk/Desktop/repositories/Mabworld/Assets/YamlDotNet/Core/Events/AnchorAlias.cs" />
        <File uid="207" fullPath="C:/Users/kk/Desktop/repositories/Mabworld/Assets/YamlDotNet/Core/Events/Comment.cs" />
        <File uid="208" fullPath="C:/Users/kk/Desktop/repositories/Mabworld/Assets/YamlDotNet/Core/Events/DocumentEnd.cs" />
        <File uid="209" fullPath="C:/Users/kk/Desktop/repositories/Mabworld/Assets/YamlDotNet/Core/Events/DocumentStart.cs" />
        <File uid="210" fullPath="C:/Users/kk/Desktop/repositories/Mabworld/Assets/YamlDotNet/Core/Events/MappingEnd.cs" />
        <File uid="211" fullPath="C:/Users/kk/Desktop/repositories/Mabworld/Assets/YamlDotNet/Core/Events/MappingStart.cs" />
        <File uid="212" fullPath="C:/Users/kk/Desktop/repositories/Mabworld/Assets/YamlDotNet/Core/Events/NodeEvent.cs" />
        <File uid="213" fullPath="C:/Users/kk/Desktop/repositories/Mabworld/Assets/YamlDotNet/Core/Events/ParsingEvent.cs" />
        <File uid="214" fullPath="C:/Users/kk/Desktop/repositories/Mabworld/Assets/YamlDotNet/Core/Events/Scalar.cs" />
        <File uid="215" fullPath="C:/Users/kk/Desktop/repositories/Mabworld/Assets/YamlDotNet/Core/Events/SequenceEnd.cs" />
        <File uid="216" fullPath="C:/Users/kk/Desktop/repositories/Mabworld/Assets/YamlDotNet/Core/Events/SequenceStart.cs" />
        <File uid="217" fullPath="C:/Users/kk/Desktop/repositories/Mabworld/Assets/YamlDotNet/Core/Events/StreamEnd.cs" />
        <File uid="218" fullPath="C:/Users/kk/Desktop/repositories/Mabworld/Assets/YamlDotNet/Core/Events/StreamStart.cs" />
        <File uid="219" fullPath="C:/Users/kk/Desktop/repositories/Mabworld/Assets/YamlDotNet/Serialization/Schemas/FailsafeSchema.cs" />
      </Files>
      <Classes>
        <Class>
          <Summary numSequencePoints="11" visitedSequencePoints="0" numBranchPoints="0" visitedBranchPoints="0" sequenceCoverage="0.0" branchCoverage="0.0" maxCyclomaticComplexity="0" minCyclomaticComplexity="0" maxCrapScore="0" minCrapScore="0" visitedClasses="0" numClasses="1" visitedMethods="0" numMethods="1" />
          <FullName>YamlDotNet.ReflectionExtensions</FullName>
          <Methods>
            <Method visited="false" cyclomaticComplexity="0" nPathComplexity="0" sequenceCoverage="0.0" branchCoverage="0" crapScore="0" isConstructor="false" isStatic="true" isGetter="false" isSetter="false">
              <Summary numSequencePoints="11" visitedSequencePoints="0" numBranchPoints="0" visitedBranchPoints="0" sequenceCoverage="0.0" branchCoverage="0" maxCyclomaticComplexity="0" minCyclomaticComplexity="0" maxCrapScore="0" minCrapScore="0" visitedClasses="0" numClasses="0" visitedMethods="0" numMethods="1" />
              <MetadataToken>100663335</MetadataToken>
              <Name>static System.Attribute[] YamlDotNet.ReflectionExtensions::GetAllCustomAttributes[TAttribute](System.Reflection.PropertyInfo)</Name>
              <FileRef uid="51" />
              <SequencePoints>
                <SequencePoint vc="0" uspid="18268" ordinal="0" offset="0" sl="267" sc="0" el="267" ec="0" bec="0" bev="0" fileid="51" />
                <SequencePoint vc="0" uspid="18269" ordinal="0" offset="1" sl="271" sc="0" el="271" ec="0" bec="0" bev="0" fileid="51" />
                <SequencePoint vc="0" uspid="18270" ordinal="0" offset="7" sl="272" sc="0" el="272" ec="0" bec="0" bev="0" fileid="51" />
                <SequencePoint vc="0" uspid="18271" ordinal="0" offset="16" sl="275" sc="0" el="275" ec="0" bec="0" bev="0" fileid="51" />
                <SequencePoint vc="0" uspid="18272" ordinal="0" offset="17" sl="276" sc="0" el="276" ec="0" bec="0" bev="0" fileid="51" />
                <SequencePoint vc="0" uspid="18273" ordinal="0" offset="30" sl="277" sc="0" el="277" ec="0" bec="0" bev="0" fileid="51" />
                <SequencePoint vc="0" uspid="18274" ordinal="0" offset="53" sl="280" sc="0" el="280" ec="0" bec="0" bev="0" fileid="51" />
                <SequencePoint vc="0" uspid="18275" ordinal="0" offset="60" sl="282" sc="0" el="282" ec="0" bec="0" bev="0" fileid="51" />
                <SequencePoint vc="0" uspid="18276" ordinal="0" offset="61" sl="274" sc="0" el="274" ec="0" bec="0" bev="0" fileid="51" />
                <SequencePoint vc="0" uspid="18277" ordinal="0" offset="72" sl="284" sc="0" el="284" ec="0" bec="0" bev="0" fileid="51" />
                <SequencePoint vc="0" uspid="18278" ordinal="0" offset="81" sl="285" sc="0" el="285" ec="0" bec="0" bev="0" fileid="51" />
              </SequencePoints>
              <BranchPoints />
            </Method>
          </Methods>
        </Class>
        <Class>
          <Summary numSequencePoints="107" visitedSequencePoints="0" numBranchPoints="0" visitedBranchPoints="0" sequenceCoverage="0.0" branchCoverage="0.0" maxCyclomaticComplexity="0" minCyclomaticComplexity="0" maxCrapScore="0" minCrapScore="0" visitedClasses="0" numClasses="1" visitedMethods="0" numMethods="19" />
          <FullName>YamlDotNet.Serialization.BuilderSkeleton[TBuilder]</FullName>
          <Methods>
            <Method visited="false" cyclomaticComplexity="0" nPathComplexity="0" sequenceCoverage="0.0" branchCoverage="0" crapScore="0" isConstructor="false" isStatic="false" isGetter="false" isSetter="false">
              <Summary numSequencePoints="4" visitedSequencePoints="0" numBranchPoints="0" visitedBranchPoints="0" sequenceCoverage="0.0" branchCoverage="0" maxCyclomaticComplexity="0" minCyclomaticComplexity="0" maxCrapScore="0" minCrapScore="0" visitedClasses="0" numClasses="0" visitedMethods="0" numMethods="1" />
              <MetadataToken>100663340</MetadataToken>
              <Name>TBuilder YamlDotNet.Serialization.BuilderSkeleton[TBuilder]::IgnoreFields()</Name>
              <FileRef uid="53" />
              <SequencePoints>
                <SequencePoint vc="0" uspid="18284" ordinal="0" offset="0" sl="68" sc="0" el="68" ec="0" bec="0" bev="0" fileid="53" />
                <SequencePoint vc="0" uspid="18285" ordinal="0" offset="1" sl="69" sc="0" el="69" ec="0" bec="0" bev="0" fileid="53" />
                <SequencePoint vc="0" uspid="18286" ordinal="0" offset="8" sl="70" sc="0" el="70" ec="0" bec="0" bev="0" fileid="53" />
                <SequencePoint vc="0" uspid="18287" ordinal="0" offset="17" sl="71" sc="0" el="71" ec="0" bec="0" bev="0" fileid="53" />
              </SequencePoints>
              <BranchPoints />
            </Method>
            <Method visited="false" cyclomaticComplexity="0" nPathComplexity="0" sequenceCoverage="0.0" branchCoverage="0" crapScore="0" isConstructor="false" isStatic="false" isGetter="false" isSetter="false">
              <Summary numSequencePoints="4" visitedSequencePoints="0" numBranchPoints="0" visitedBranchPoints="0" sequenceCoverage="0.0" branchCoverage="0" maxCyclomaticComplexity="0" minCyclomaticComplexity="0" maxCrapScore="0" minCrapScore="0" visitedClasses="0" numClasses="0" visitedMethods="0" numMethods="1" />
              <MetadataToken>100663341</MetadataToken>
              <Name>TBuilder YamlDotNet.Serialization.BuilderSkeleton[TBuilder]::IncludeNonPublicProperties()</Name>
              <FileRef uid="53" />
              <SequencePoints>
                <SequencePoint vc="0" uspid="18288" ordinal="0" offset="0" sl="77" sc="0" el="77" ec="0" bec="0" bev="0" fileid="53" />
                <SequencePoint vc="0" uspid="18289" ordinal="0" offset="1" sl="78" sc="0" el="78" ec="0" bec="0" bev="0" fileid="53" />
                <SequencePoint vc="0" uspid="18290" ordinal="0" offset="8" sl="79" sc="0" el="79" ec="0" bec="0" bev="0" fileid="53" />
                <SequencePoint vc="0" uspid="18291" ordinal="0" offset="17" sl="80" sc="0" el="80" ec="0" bec="0" bev="0" fileid="53" />
              </SequencePoints>
              <BranchPoints />
            </Method>
            <Method visited="false" cyclomaticComplexity="0" nPathComplexity="0" sequenceCoverage="0.0" branchCoverage="0" crapScore="0" isConstructor="false" isStatic="false" isGetter="false" isSetter="false">
              <Summary numSequencePoints="4" visitedSequencePoints="0" numBranchPoints="0" visitedBranchPoints="0" sequenceCoverage="0.0" branchCoverage="0" maxCyclomaticComplexity="0" minCyclomaticComplexity="0" maxCrapScore="0" minCrapScore="0" visitedClasses="0" numClasses="0" visitedMethods="0" numMethods="1" />
              <MetadataToken>100663342</MetadataToken>
              <Name>TBuilder YamlDotNet.Serialization.BuilderSkeleton[TBuilder]::EnablePrivateConstructors()</Name>
              <FileRef uid="53" />
              <SequencePoints>
                <SequencePoint vc="0" uspid="18292" ordinal="0" offset="0" sl="86" sc="0" el="86" ec="0" bec="0" bev="0" fileid="53" />
                <SequencePoint vc="0" uspid="18293" ordinal="0" offset="1" sl="87" sc="0" el="87" ec="0" bec="0" bev="0" fileid="53" />
                <SequencePoint vc="0" uspid="18294" ordinal="0" offset="14" sl="88" sc="0" el="88" ec="0" bec="0" bev="0" fileid="53" />
                <SequencePoint vc="0" uspid="18295" ordinal="0" offset="23" sl="89" sc="0" el="89" ec="0" bec="0" bev="0" fileid="53" />
              </SequencePoints>
              <BranchPoints />
            </Method>
            <Method visited="false" cyclomaticComplexity="0" nPathComplexity="0" sequenceCoverage="0.0" branchCoverage="0" crapScore="0" isConstructor="false" isStatic="false" isGetter="false" isSetter="false">
              <Summary numSequencePoints="4" visitedSequencePoints="0" numBranchPoints="0" visitedBranchPoints="0" sequenceCoverage="0.0" branchCoverage="0" maxCyclomaticComplexity="0" minCyclomaticComplexity="0" maxCrapScore="0" minCrapScore="0" visitedClasses="0" numClasses="0" visitedMethods="0" numMethods="1" />
              <MetadataToken>100663343</MetadataToken>
              <Name>TBuilder YamlDotNet.Serialization.BuilderSkeleton[TBuilder]::WithNamingConvention(YamlDotNet.Serialization.INamingConvention)</Name>
              <FileRef uid="53" />
              <SequencePoints>
                <SequencePoint vc="0" uspid="18296" ordinal="0" offset="0" sl="95" sc="0" el="95" ec="0" bec="0" bev="0" fileid="53" />
                <SequencePoint vc="0" uspid="18297" ordinal="0" offset="1" sl="96" sc="0" el="96" ec="0" bec="0" bev="0" fileid="53" />
                <SequencePoint vc="0" uspid="18298" ordinal="0" offset="23" sl="97" sc="0" el="97" ec="0" bec="0" bev="0" fileid="53" />
                <SequencePoint vc="0" uspid="18299" ordinal="0" offset="32" sl="98" sc="0" el="98" ec="0" bec="0" bev="0" fileid="53" />
              </SequencePoints>
              <BranchPoints />
            </Method>
            <Method visited="false" cyclomaticComplexity="0" nPathComplexity="0" sequenceCoverage="0.0" branchCoverage="0" crapScore="0" isConstructor="false" isStatic="false" isGetter="false" isSetter="false">
              <Summary numSequencePoints="4" visitedSequencePoints="0" numBranchPoints="0" visitedBranchPoints="0" sequenceCoverage="0.0" branchCoverage="0" maxCyclomaticComplexity="0" minCyclomaticComplexity="0" maxCrapScore="0" minCrapScore="0" visitedClasses="0" numClasses="0" visitedMethods="0" numMethods="1" />
              <MetadataToken>100663344</MetadataToken>
              <Name>TBuilder YamlDotNet.Serialization.BuilderSkeleton[TBuilder]::WithTypeResolver(YamlDotNet.Serialization.ITypeResolver)</Name>
              <FileRef uid="53" />
              <SequencePoints>
                <SequencePoint vc="0" uspid="18300" ordinal="0" offset="0" sl="104" sc="0" el="104" ec="0" bec="0" bev="0" fileid="53" />
                <SequencePoint vc="0" uspid="18301" ordinal="0" offset="1" sl="105" sc="0" el="105" ec="0" bec="0" bev="0" fileid="53" />
                <SequencePoint vc="0" uspid="18302" ordinal="0" offset="23" sl="106" sc="0" el="106" ec="0" bec="0" bev="0" fileid="53" />
                <SequencePoint vc="0" uspid="18303" ordinal="0" offset="32" sl="107" sc="0" el="107" ec="0" bec="0" bev="0" fileid="53" />
              </SequencePoints>
              <BranchPoints />
            </Method>
            <Method visited="false" cyclomaticComplexity="0" nPathComplexity="0" sequenceCoverage="0.0" branchCoverage="0" crapScore="0" isConstructor="false" isStatic="false" isGetter="false" isSetter="false">
              <Summary numSequencePoints="4" visitedSequencePoints="0" numBranchPoints="0" visitedBranchPoints="0" sequenceCoverage="0.0" branchCoverage="0" maxCyclomaticComplexity="0" minCyclomaticComplexity="0" maxCrapScore="0" minCrapScore="0" visitedClasses="0" numClasses="0" visitedMethods="0" numMethods="1" />
              <MetadataToken>100663346</MetadataToken>
              <Name>TBuilder YamlDotNet.Serialization.BuilderSkeleton[TBuilder]::WithAttributeOverride[TClass](System.Linq.Expressions.Expression[Func`2], System.Attribute)</Name>
              <FileRef uid="53" />
              <SequencePoints>
                <SequencePoint vc="0" uspid="18304" ordinal="0" offset="0" sl="120" sc="0" el="120" ec="0" bec="0" bev="0" fileid="53" />
                <SequencePoint vc="0" uspid="18305" ordinal="0" offset="1" sl="121" sc="0" el="121" ec="0" bec="0" bev="0" fileid="53" />
                <SequencePoint vc="0" uspid="18306" ordinal="0" offset="15" sl="122" sc="0" el="122" ec="0" bec="0" bev="0" fileid="53" />
                <SequencePoint vc="0" uspid="18307" ordinal="0" offset="24" sl="123" sc="0" el="123" ec="0" bec="0" bev="0" fileid="53" />
              </SequencePoints>
              <BranchPoints />
            </Method>
            <Method visited="false" cyclomaticComplexity="0" nPathComplexity="0" sequenceCoverage="0.0" branchCoverage="0" crapScore="0" isConstructor="false" isStatic="false" isGetter="false" isSetter="false">
              <Summary numSequencePoints="4" visitedSequencePoints="0" numBranchPoints="0" visitedBranchPoints="0" sequenceCoverage="0.0" branchCoverage="0" maxCyclomaticComplexity="0" minCyclomaticComplexity="0" maxCrapScore="0" minCrapScore="0" visitedClasses="0" numClasses="0" visitedMethods="0" numMethods="1" />
              <MetadataToken>100663347</MetadataToken>
              <Name>TBuilder YamlDotNet.Serialization.BuilderSkeleton[TBuilder]::WithAttributeOverride(System.Type, System.String, System.Attribute)</Name>
              <FileRef uid="53" />
              <SequencePoints>
                <SequencePoint vc="0" uspid="18308" ordinal="0" offset="0" sl="130" sc="0" el="130" ec="0" bec="0" bev="0" fileid="53" />
                <SequencePoint vc="0" uspid="18309" ordinal="0" offset="1" sl="131" sc="0" el="131" ec="0" bec="0" bev="0" fileid="53" />
                <SequencePoint vc="0" uspid="18310" ordinal="0" offset="16" sl="132" sc="0" el="132" ec="0" bec="0" bev="0" fileid="53" />
                <SequencePoint vc="0" uspid="18311" ordinal="0" offset="25" sl="133" sc="0" el="133" ec="0" bec="0" bev="0" fileid="53" />
              </SequencePoints>
              <BranchPoints />
            </Method>
            <Method visited="false" cyclomaticComplexity="0" nPathComplexity="0" sequenceCoverage="0.0" branchCoverage="0" crapScore="0" isConstructor="false" isStatic="false" isGetter="false" isSetter="false">
              <Summary numSequencePoints="3" visitedSequencePoints="0" numBranchPoints="0" visitedBranchPoints="0" sequenceCoverage="0.0" branchCoverage="0" maxCyclomaticComplexity="0" minCyclomaticComplexity="0" maxCrapScore="0" minCrapScore="0" visitedClasses="0" numClasses="0" visitedMethods="0" numMethods="1" />
              <MetadataToken>100663348</MetadataToken>
              <Name>TBuilder YamlDotNet.Serialization.BuilderSkeleton[TBuilder]::WithTypeConverter(YamlDotNet.Serialization.IYamlTypeConverter)</Name>
              <FileRef uid="53" />
              <SequencePoints>
                <SequencePoint vc="0" uspid="18312" ordinal="0" offset="0" sl="139" sc="0" el="139" ec="0" bec="0" bev="0" fileid="53" />
                <SequencePoint vc="0" uspid="18313" ordinal="0" offset="1" sl="140" sc="0" el="140" ec="0" bec="0" bev="0" fileid="53" />
                <SequencePoint vc="0" uspid="18314" ordinal="0" offset="42" sl="141" sc="0" el="141" ec="0" bec="0" bev="0" fileid="53" />
              </SequencePoints>
              <BranchPoints />
            </Method>
            <Method visited="false" cyclomaticComplexity="0" nPathComplexity="0" sequenceCoverage="0.0" branchCoverage="0" crapScore="0" isConstructor="false" isStatic="false" isGetter="false" isSetter="false">
              <Summary numSequencePoints="10" visitedSequencePoints="0" numBranchPoints="0" visitedBranchPoints="0" sequenceCoverage="0.0" branchCoverage="0" maxCyclomaticComplexity="0" minCyclomaticComplexity="0" maxCrapScore="0" minCrapScore="0" visitedClasses="0" numClasses="0" visitedMethods="0" numMethods="1" />
              <MetadataToken>100663349</MetadataToken>
              <Name>TBuilder YamlDotNet.Serialization.BuilderSkeleton[TBuilder]::WithTypeConverter(YamlDotNet.Serialization.IYamlTypeConverter, System.Action[IRegistrationLocationSelectionSyntax`1])</Name>
              <FileRef uid="53" />
              <SequencePoints>
                <SequencePoint vc="0" uspid="18315" ordinal="0" offset="13" sl="152" sc="0" el="152" ec="0" bec="0" bev="0" fileid="53" />
                <SequencePoint vc="0" uspid="18316" ordinal="0" offset="14" sl="153" sc="0" el="153" ec="0" bec="0" bev="0" fileid="53" />
                <SequencePoint vc="0" uspid="18317" ordinal="0" offset="27" sl="154" sc="0" el="154" ec="0" bec="0" bev="0" fileid="53" />
                <SequencePoint vc="0" uspid="18318" ordinal="0" offset="28" sl="155" sc="0" el="155" ec="0" bec="0" bev="0" fileid="53" />
                <SequencePoint vc="0" uspid="18319" ordinal="0" offset="39" sl="158" sc="0" el="158" ec="0" bec="0" bev="0" fileid="53" />
                <SequencePoint vc="0" uspid="18320" ordinal="0" offset="47" sl="159" sc="0" el="159" ec="0" bec="0" bev="0" fileid="53" />
                <SequencePoint vc="0" uspid="18321" ordinal="0" offset="48" sl="160" sc="0" el="160" ec="0" bec="0" bev="0" fileid="53" />
                <SequencePoint vc="0" uspid="18322" ordinal="0" offset="59" sl="163" sc="0" el="163" ec="0" bec="0" bev="0" fileid="53" />
                <SequencePoint vc="0" uspid="18323" ordinal="0" offset="100" sl="164" sc="0" el="164" ec="0" bec="0" bev="0" fileid="53" />
                <SequencePoint vc="0" uspid="18324" ordinal="0" offset="109" sl="165" sc="0" el="165" ec="0" bec="0" bev="0" fileid="53" />
              </SequencePoints>
              <BranchPoints />
            </Method>
            <Method visited="false" cyclomaticComplexity="0" nPathComplexity="0" sequenceCoverage="0.0" branchCoverage="0" crapScore="0" isConstructor="false" isStatic="false" isGetter="false" isSetter="false">
              <Summary numSequencePoints="10" visitedSequencePoints="0" numBranchPoints="0" visitedBranchPoints="0" sequenceCoverage="0.0" branchCoverage="0" maxCyclomaticComplexity="0" minCyclomaticComplexity="0" maxCrapScore="0" minCrapScore="0" visitedClasses="0" numClasses="0" visitedMethods="0" numMethods="1" />
              <MetadataToken>100663350</MetadataToken>
              <Name>TBuilder YamlDotNet.Serialization.BuilderSkeleton[TBuilder]::WithTypeConverter[TYamlTypeConverter](YamlDotNet.Serialization.WrapperFactory[IYamlTypeConverter,IYamlTypeConverter], System.Action[ITrackingRegistrationLocationSelectionSyntax`1])</Name>
              <FileRef uid="53" />
              <SequencePoints>
                <SequencePoint vc="0" uspid="18325" ordinal="0" offset="13" sl="177" sc="0" el="177" ec="0" bec="0" bev="0" fileid="53" />
                <SequencePoint vc="0" uspid="18326" ordinal="0" offset="14" sl="178" sc="0" el="178" ec="0" bec="0" bev="0" fileid="53" />
                <SequencePoint vc="0" uspid="18327" ordinal="0" offset="27" sl="179" sc="0" el="179" ec="0" bec="0" bev="0" fileid="53" />
                <SequencePoint vc="0" uspid="18328" ordinal="0" offset="28" sl="180" sc="0" el="180" ec="0" bec="0" bev="0" fileid="53" />
                <SequencePoint vc="0" uspid="18329" ordinal="0" offset="39" sl="183" sc="0" el="183" ec="0" bec="0" bev="0" fileid="53" />
                <SequencePoint vc="0" uspid="18330" ordinal="0" offset="47" sl="184" sc="0" el="184" ec="0" bec="0" bev="0" fileid="53" />
                <SequencePoint vc="0" uspid="18331" ordinal="0" offset="48" sl="185" sc="0" el="185" ec="0" bec="0" bev="0" fileid="53" />
                <SequencePoint vc="0" uspid="18332" ordinal="0" offset="59" sl="188" sc="0" el="188" ec="0" bec="0" bev="0" fileid="53" />
                <SequencePoint vc="0" uspid="18333" ordinal="0" offset="99" sl="189" sc="0" el="189" ec="0" bec="0" bev="0" fileid="53" />
                <SequencePoint vc="0" uspid="18334" ordinal="0" offset="108" sl="190" sc="0" el="190" ec="0" bec="0" bev="0" fileid="53" />
              </SequencePoints>
              <BranchPoints />
            </Method>
            <Method visited="false" cyclomaticComplexity="0" nPathComplexity="0" sequenceCoverage="0.0" branchCoverage="0" crapScore="0" isConstructor="false" isStatic="false" isGetter="false" isSetter="false">
              <Summary numSequencePoints="3" visitedSequencePoints="0" numBranchPoints="0" visitedBranchPoints="0" sequenceCoverage="0.0" branchCoverage="0" maxCyclomaticComplexity="0" minCyclomaticComplexity="0" maxCrapScore="0" minCrapScore="0" visitedClasses="0" numClasses="0" visitedMethods="0" numMethods="1" />
              <MetadataToken>100663351</MetadataToken>
              <Name>TBuilder YamlDotNet.Serialization.BuilderSkeleton[TBuilder]::WithoutTypeConverter[TYamlTypeConverter]()</Name>
              <FileRef uid="53" />
              <SequencePoints>
                <SequencePoint vc="0" uspid="18335" ordinal="0" offset="0" sl="197" sc="0" el="197" ec="0" bec="0" bev="0" fileid="53" />
                <SequencePoint vc="0" uspid="18336" ordinal="0" offset="1" sl="198" sc="0" el="198" ec="0" bec="0" bev="0" fileid="53" />
                <SequencePoint vc="0" uspid="18337" ordinal="0" offset="20" sl="199" sc="0" el="199" ec="0" bec="0" bev="0" fileid="53" />
              </SequencePoints>
              <BranchPoints />
            </Method>
            <Method visited="false" cyclomaticComplexity="0" nPathComplexity="0" sequenceCoverage="0.0" branchCoverage="0" crapScore="0" isConstructor="false" isStatic="false" isGetter="false" isSetter="false">
              <Summary numSequencePoints="7" visitedSequencePoints="0" numBranchPoints="0" visitedBranchPoints="0" sequenceCoverage="0.0" branchCoverage="0" maxCyclomaticComplexity="0" minCyclomaticComplexity="0" maxCrapScore="0" minCrapScore="0" visitedClasses="0" numClasses="0" visitedMethods="0" numMethods="1" />
              <MetadataToken>100663352</MetadataToken>
              <Name>TBuilder YamlDotNet.Serialization.BuilderSkeleton[TBuilder]::WithoutTypeConverter(System.Type)</Name>
              <FileRef uid="53" />
              <SequencePoints>
                <SequencePoint vc="0" uspid="18338" ordinal="0" offset="0" sl="205" sc="0" el="205" ec="0" bec="0" bev="0" fileid="53" />
                <SequencePoint vc="0" uspid="18339" ordinal="0" offset="1" sl="206" sc="0" el="206" ec="0" bec="0" bev="0" fileid="53" />
                <SequencePoint vc="0" uspid="18340" ordinal="0" offset="12" sl="207" sc="0" el="207" ec="0" bec="0" bev="0" fileid="53" />
                <SequencePoint vc="0" uspid="18341" ordinal="0" offset="13" sl="208" sc="0" el="208" ec="0" bec="0" bev="0" fileid="53" />
                <SequencePoint vc="0" uspid="18342" ordinal="0" offset="24" sl="211" sc="0" el="211" ec="0" bec="0" bev="0" fileid="53" />
                <SequencePoint vc="0" uspid="18343" ordinal="0" offset="37" sl="212" sc="0" el="212" ec="0" bec="0" bev="0" fileid="53" />
                <SequencePoint vc="0" uspid="18344" ordinal="0" offset="46" sl="213" sc="0" el="213" ec="0" bec="0" bev="0" fileid="53" />
              </SequencePoints>
              <BranchPoints />
            </Method>
            <Method visited="false" cyclomaticComplexity="0" nPathComplexity="0" sequenceCoverage="0.0" branchCoverage="0" crapScore="0" isConstructor="false" isStatic="false" isGetter="false" isSetter="false">
              <Summary numSequencePoints="3" visitedSequencePoints="0" numBranchPoints="0" visitedBranchPoints="0" sequenceCoverage="0.0" branchCoverage="0" maxCyclomaticComplexity="0" minCyclomaticComplexity="0" maxCrapScore="0" minCrapScore="0" visitedClasses="0" numClasses="0" visitedMethods="0" numMethods="1" />
              <MetadataToken>100663353</MetadataToken>
              <Name>TBuilder YamlDotNet.Serialization.BuilderSkeleton[TBuilder]::WithTypeInspector[TTypeInspector](System.Func[ITypeInspector,TTypeInspector])</Name>
              <FileRef uid="53" />
              <SequencePoints>
                <SequencePoint vc="0" uspid="18345" ordinal="0" offset="0" sl="221" sc="0" el="221" ec="0" bec="0" bev="0" fileid="53" />
                <SequencePoint vc="0" uspid="18346" ordinal="0" offset="1" sl="222" sc="0" el="222" ec="0" bec="0" bev="0" fileid="53" />
                <SequencePoint vc="0" uspid="18347" ordinal="0" offset="42" sl="223" sc="0" el="223" ec="0" bec="0" bev="0" fileid="53" />
              </SequencePoints>
              <BranchPoints />
            </Method>
            <Method visited="false" cyclomaticComplexity="0" nPathComplexity="0" sequenceCoverage="0.0" branchCoverage="0" crapScore="0" isConstructor="false" isStatic="false" isGetter="false" isSetter="false">
              <Summary numSequencePoints="10" visitedSequencePoints="0" numBranchPoints="0" visitedBranchPoints="0" sequenceCoverage="0.0" branchCoverage="0" maxCyclomaticComplexity="0" minCyclomaticComplexity="0" maxCrapScore="0" minCrapScore="0" visitedClasses="0" numClasses="0" visitedMethods="0" numMethods="1" />
              <MetadataToken>100663354</MetadataToken>
              <Name>TBuilder YamlDotNet.Serialization.BuilderSkeleton[TBuilder]::WithTypeInspector[TTypeInspector](System.Func[ITypeInspector,TTypeInspector], System.Action[IRegistrationLocationSelectionSyntax`1])</Name>
              <FileRef uid="53" />
              <SequencePoints>
                <SequencePoint vc="0" uspid="18348" ordinal="0" offset="13" sl="235" sc="0" el="235" ec="0" bec="0" bev="0" fileid="53" />
                <SequencePoint vc="0" uspid="18349" ordinal="0" offset="14" sl="236" sc="0" el="236" ec="0" bec="0" bev="0" fileid="53" />
                <SequencePoint vc="0" uspid="18350" ordinal="0" offset="27" sl="237" sc="0" el="237" ec="0" bec="0" bev="0" fileid="53" />
                <SequencePoint vc="0" uspid="18351" ordinal="0" offset="28" sl="238" sc="0" el="238" ec="0" bec="0" bev="0" fileid="53" />
                <SequencePoint vc="0" uspid="18352" ordinal="0" offset="39" sl="241" sc="0" el="241" ec="0" bec="0" bev="0" fileid="53" />
                <SequencePoint vc="0" uspid="18353" ordinal="0" offset="47" sl="242" sc="0" el="242" ec="0" bec="0" bev="0" fileid="53" />
                <SequencePoint vc="0" uspid="18354" ordinal="0" offset="48" sl="243" sc="0" el="243" ec="0" bec="0" bev="0" fileid="53" />
                <SequencePoint vc="0" uspid="18355" ordinal="0" offset="59" sl="246" sc="0" el="246" ec="0" bec="0" bev="0" fileid="53" />
                <SequencePoint vc="0" uspid="18356" ordinal="0" offset="99" sl="247" sc="0" el="247" ec="0" bec="0" bev="0" fileid="53" />
                <SequencePoint vc="0" uspid="18357" ordinal="0" offset="108" sl="248" sc="0" el="248" ec="0" bec="0" bev="0" fileid="53" />
              </SequencePoints>
              <BranchPoints />
            </Method>
            <Method visited="false" cyclomaticComplexity="0" nPathComplexity="0" sequenceCoverage="0.0" branchCoverage="0" crapScore="0" isConstructor="false" isStatic="false" isGetter="false" isSetter="false">
              <Summary numSequencePoints="10" visitedSequencePoints="0" numBranchPoints="0" visitedBranchPoints="0" sequenceCoverage="0.0" branchCoverage="0" maxCyclomaticComplexity="0" minCyclomaticComplexity="0" maxCrapScore="0" minCrapScore="0" visitedClasses="0" numClasses="0" visitedMethods="0" numMethods="1" />
              <MetadataToken>100663355</MetadataToken>
              <Name>TBuilder YamlDotNet.Serialization.BuilderSkeleton[TBuilder]::WithTypeInspector[TTypeInspector](YamlDotNet.Serialization.WrapperFactory[ITypeInspector,ITypeInspector,TTypeInspector], System.Action[ITrackingRegistrationLocationSelectionSyntax`1])</Name>
              <FileRef uid="53" />
              <SequencePoints>
                <SequencePoint vc="0" uspid="18358" ordinal="0" offset="13" sl="260" sc="0" el="260" ec="0" bec="0" bev="0" fileid="53" />
                <SequencePoint vc="0" uspid="18359" ordinal="0" offset="14" sl="261" sc="0" el="261" ec="0" bec="0" bev="0" fileid="53" />
                <SequencePoint vc="0" uspid="18360" ordinal="0" offset="27" sl="262" sc="0" el="262" ec="0" bec="0" bev="0" fileid="53" />
                <SequencePoint vc="0" uspid="18361" ordinal="0" offset="28" sl="263" sc="0" el="263" ec="0" bec="0" bev="0" fileid="53" />
                <SequencePoint vc="0" uspid="18362" ordinal="0" offset="39" sl="266" sc="0" el="266" ec="0" bec="0" bev="0" fileid="53" />
                <SequencePoint vc="0" uspid="18363" ordinal="0" offset="47" sl="267" sc="0" el="267" ec="0" bec="0" bev="0" fileid="53" />
                <SequencePoint vc="0" uspid="18364" ordinal="0" offset="48" sl="268" sc="0" el="268" ec="0" bec="0" bev="0" fileid="53" />
                <SequencePoint vc="0" uspid="18365" ordinal="0" offset="59" sl="271" sc="0" el="271" ec="0" bec="0" bev="0" fileid="53" />
                <SequencePoint vc="0" uspid="18366" ordinal="0" offset="99" sl="272" sc="0" el="272" ec="0" bec="0" bev="0" fileid="53" />
                <SequencePoint vc="0" uspid="18367" ordinal="0" offset="108" sl="273" sc="0" el="273" ec="0" bec="0" bev="0" fileid="53" />
              </SequencePoints>
              <BranchPoints />
            </Method>
            <Method visited="false" cyclomaticComplexity="0" nPathComplexity="0" sequenceCoverage="0.0" branchCoverage="0" crapScore="0" isConstructor="false" isStatic="false" isGetter="false" isSetter="false">
              <Summary numSequencePoints="3" visitedSequencePoints="0" numBranchPoints="0" visitedBranchPoints="0" sequenceCoverage="0.0" branchCoverage="0" maxCyclomaticComplexity="0" minCyclomaticComplexity="0" maxCrapScore="0" minCrapScore="0" visitedClasses="0" numClasses="0" visitedMethods="0" numMethods="1" />
              <MetadataToken>100663356</MetadataToken>
              <Name>TBuilder YamlDotNet.Serialization.BuilderSkeleton[TBuilder]::WithoutTypeInspector[TTypeInspector]()</Name>
              <FileRef uid="53" />
              <SequencePoints>
                <SequencePoint vc="0" uspid="18368" ordinal="0" offset="0" sl="280" sc="0" el="280" ec="0" bec="0" bev="0" fileid="53" />
                <SequencePoint vc="0" uspid="18369" ordinal="0" offset="1" sl="281" sc="0" el="281" ec="0" bec="0" bev="0" fileid="53" />
                <SequencePoint vc="0" uspid="18370" ordinal="0" offset="20" sl="282" sc="0" el="282" ec="0" bec="0" bev="0" fileid="53" />
              </SequencePoints>
              <BranchPoints />
            </Method>
            <Method visited="false" cyclomaticComplexity="0" nPathComplexity="0" sequenceCoverage="0.0" branchCoverage="0" crapScore="0" isConstructor="false" isStatic="false" isGetter="false" isSetter="false">
              <Summary numSequencePoints="7" visitedSequencePoints="0" numBranchPoints="0" visitedBranchPoints="0" sequenceCoverage="0.0" branchCoverage="0" maxCyclomaticComplexity="0" minCyclomaticComplexity="0" maxCrapScore="0" minCrapScore="0" visitedClasses="0" numClasses="0" visitedMethods="0" numMethods="1" />
              <MetadataToken>100663357</MetadataToken>
              <Name>TBuilder YamlDotNet.Serialization.BuilderSkeleton[TBuilder]::WithoutTypeInspector(System.Type)</Name>
              <FileRef uid="53" />
              <SequencePoints>
                <SequencePoint vc="0" uspid="18371" ordinal="0" offset="0" sl="288" sc="0" el="288" ec="0" bec="0" bev="0" fileid="53" />
                <SequencePoint vc="0" uspid="18372" ordinal="0" offset="1" sl="289" sc="0" el="289" ec="0" bec="0" bev="0" fileid="53" />
                <SequencePoint vc="0" uspid="18373" ordinal="0" offset="12" sl="290" sc="0" el="290" ec="0" bec="0" bev="0" fileid="53" />
                <SequencePoint vc="0" uspid="18374" ordinal="0" offset="13" sl="291" sc="0" el="291" ec="0" bec="0" bev="0" fileid="53" />
                <SequencePoint vc="0" uspid="18375" ordinal="0" offset="24" sl="294" sc="0" el="294" ec="0" bec="0" bev="0" fileid="53" />
                <SequencePoint vc="0" uspid="18376" ordinal="0" offset="37" sl="295" sc="0" el="295" ec="0" bec="0" bev="0" fileid="53" />
                <SequencePoint vc="0" uspid="18377" ordinal="0" offset="46" sl="296" sc="0" el="296" ec="0" bec="0" bev="0" fileid="53" />
              </SequencePoints>
              <BranchPoints />
            </Method>
            <Method visited="false" cyclomaticComplexity="0" nPathComplexity="0" sequenceCoverage="0.0" branchCoverage="0" crapScore="0" isConstructor="false" isStatic="false" isGetter="false" isSetter="false">
              <Summary numSequencePoints="3" visitedSequencePoints="0" numBranchPoints="0" visitedBranchPoints="0" sequenceCoverage="0.0" branchCoverage="0" maxCyclomaticComplexity="0" minCyclomaticComplexity="0" maxCrapScore="0" minCrapScore="0" visitedClasses="0" numClasses="0" visitedMethods="0" numMethods="1" />
              <MetadataToken>100663358</MetadataToken>
              <Name>System.Collections.Generic.IEnumerable[IYamlTypeConverter] YamlDotNet.Serialization.BuilderSkeleton[TBuilder]::BuildTypeConverters()</Name>
              <FileRef uid="53" />
              <SequencePoints>
                <SequencePoint vc="0" uspid="18378" ordinal="0" offset="0" sl="299" sc="0" el="299" ec="0" bec="0" bev="0" fileid="53" />
                <SequencePoint vc="0" uspid="18379" ordinal="0" offset="1" sl="300" sc="0" el="300" ec="0" bec="0" bev="0" fileid="53" />
                <SequencePoint vc="0" uspid="18380" ordinal="0" offset="15" sl="301" sc="0" el="301" ec="0" bec="0" bev="0" fileid="53" />
              </SequencePoints>
              <BranchPoints />
            </Method>
            <Method visited="false" cyclomaticComplexity="0" nPathComplexity="0" sequenceCoverage="0.0" branchCoverage="0" crapScore="0" isConstructor="true" isStatic="false" isGetter="false" isSetter="false">
              <Summary numSequencePoints="10" visitedSequencePoints="0" numBranchPoints="0" visitedBranchPoints="0" sequenceCoverage="0.0" branchCoverage="0" maxCyclomaticComplexity="0" minCyclomaticComplexity="0" maxCrapScore="0" minCrapScore="0" visitedClasses="0" numClasses="0" visitedMethods="0" numMethods="1" />
              <MetadataToken>100663338</MetadataToken>
              <Name>YamlDotNet.Serialization.BuilderSkeleton[TBuilder]::BuilderSkeleton(YamlDotNet.Serialization.ITypeResolver)</Name>
              <FileRef uid="53" />
              <SequencePoints>
                <SequencePoint vc="0" uspid="18381" ordinal="0" offset="0" sl="37" sc="0" el="37" ec="0" bec="0" bev="0" fileid="53" />
                <SequencePoint vc="0" uspid="18382" ordinal="0" offset="11" sl="43" sc="0" el="43" ec="0" bec="0" bev="0" fileid="53" />
                <SequencePoint vc="0" uspid="18383" ordinal="0" offset="18" sl="46" sc="0" el="46" ec="0" bec="0" bev="0" fileid="53" />
                <SequencePoint vc="0" uspid="18384" ordinal="0" offset="25" sl="47" sc="0" el="47" ec="0" bec="0" bev="0" fileid="53" />
                <SequencePoint vc="0" uspid="18385" ordinal="0" offset="26" sl="48" sc="0" el="48" ec="0" bec="0" bev="0" fileid="53" />
                <SequencePoint vc="0" uspid="18386" ordinal="0" offset="37" sl="50" sc="0" el="50" ec="0" bec="0" bev="0" fileid="53" />
                <SequencePoint vc="0" uspid="18387" ordinal="0" offset="146" sl="56" sc="0" el="56" ec="0" bec="0" bev="0" fileid="53" />
                <SequencePoint vc="0" uspid="18388" ordinal="0" offset="157" sl="57" sc="0" el="57" ec="0" bec="0" bev="0" fileid="53" />
                <SequencePoint vc="0" uspid="18389" ordinal="0" offset="179" sl="58" sc="0" el="58" ec="0" bec="0" bev="0" fileid="53" />
                <SequencePoint vc="0" uspid="18390" ordinal="0" offset="190" sl="59" sc="0" el="59" ec="0" bec="0" bev="0" fileid="53" />
              </SequencePoints>
              <BranchPoints />
            </Method>
          </Methods>
        </Class>
        <Class>
          <Summary numSequencePoints="10" visitedSequencePoints="0" numBranchPoints="0" visitedBranchPoints="0" sequenceCoverage="0.0" branchCoverage="0.0" maxCyclomaticComplexity="0" minCyclomaticComplexity="0" maxCrapScore="0" minCrapScore="0" visitedClasses="0" numClasses="1" visitedMethods="0" numMethods="3" />
          <FullName>YamlDotNet.Serialization.Deserializer</FullName>
          <Methods>
            <Method visited="false" cyclomaticComplexity="0" nPathComplexity="0" sequenceCoverage="0.0" branchCoverage="0" crapScore="0" isConstructor="false" isStatic="false" isGetter="false" isSetter="false">
              <Summary numSequencePoints="4" visitedSequencePoints="0" numBranchPoints="0" visitedBranchPoints="0" sequenceCoverage="0.0" branchCoverage="0" maxCyclomaticComplexity="0" minCyclomaticComplexity="0" maxCrapScore="0" minCrapScore="0" visitedClasses="0" numClasses="0" visitedMethods="0" numMethods="1" />
              <MetadataToken>100663370</MetadataToken>
              <Name>T YamlDotNet.Serialization.Deserializer::Deserialize[T](System.String)</Name>
              <FileRef uid="54" />
              <SequencePoints>
                <SequencePoint vc="0" uspid="18394" ordinal="0" offset="0" sl="70" sc="0" el="70" ec="0" bec="0" bev="0" fileid="54" />
                <SequencePoint vc="0" uspid="18395" ordinal="0" offset="1" sl="71" sc="0" el="71" ec="0" bec="0" bev="0" fileid="54" />
                <SequencePoint vc="0" uspid="18396" ordinal="0" offset="8" sl="72" sc="0" el="72" ec="0" bec="0" bev="0" fileid="54" />
                <SequencePoint vc="0" uspid="18397" ordinal="0" offset="29" sl="73" sc="0" el="73" ec="0" bec="0" bev="0" fileid="54" />
              </SequencePoints>
              <BranchPoints />
            </Method>
            <Method visited="false" cyclomaticComplexity="0" nPathComplexity="0" sequenceCoverage="0.0" branchCoverage="0" crapScore="0" isConstructor="false" isStatic="false" isGetter="false" isSetter="false">
              <Summary numSequencePoints="3" visitedSequencePoints="0" numBranchPoints="0" visitedBranchPoints="0" sequenceCoverage="0.0" branchCoverage="0" maxCyclomaticComplexity="0" minCyclomaticComplexity="0" maxCrapScore="0" minCrapScore="0" visitedClasses="0" numClasses="0" visitedMethods="0" numMethods="1" />
              <MetadataToken>100663371</MetadataToken>
              <Name>T YamlDotNet.Serialization.Deserializer::Deserialize[T](System.IO.TextReader)</Name>
              <FileRef uid="54" />
              <SequencePoints>
                <SequencePoint vc="0" uspid="18398" ordinal="0" offset="0" sl="76" sc="0" el="76" ec="0" bec="0" bev="0" fileid="54" />
                <SequencePoint vc="0" uspid="18399" ordinal="0" offset="1" sl="77" sc="0" el="77" ec="0" bec="0" bev="0" fileid="54" />
                <SequencePoint vc="0" uspid="18400" ordinal="0" offset="16" sl="78" sc="0" el="78" ec="0" bec="0" bev="0" fileid="54" />
              </SequencePoints>
              <BranchPoints />
            </Method>
            <Method visited="false" cyclomaticComplexity="0" nPathComplexity="0" sequenceCoverage="0.0" branchCoverage="0" crapScore="0" isConstructor="false" isStatic="false" isGetter="false" isSetter="false">
              <Summary numSequencePoints="3" visitedSequencePoints="0" numBranchPoints="0" visitedBranchPoints="0" sequenceCoverage="0.0" branchCoverage="0" maxCyclomaticComplexity="0" minCyclomaticComplexity="0" maxCrapScore="0" minCrapScore="0" visitedClasses="0" numClasses="0" visitedMethods="0" numMethods="1" />
              <MetadataToken>100663375</MetadataToken>
              <Name>T YamlDotNet.Serialization.Deserializer::Deserialize[T](YamlDotNet.Core.IParser)</Name>
              <FileRef uid="54" />
              <SequencePoints>
                <SequencePoint vc="0" uspid="18411" ordinal="0" offset="0" sl="97" sc="0" el="97" ec="0" bec="0" bev="0" fileid="54" />
[...]
            </Method>
            <Method visited="true" cyclomaticComplexity="0" nPathComplexity="0" sequenceCoverage="100.0" branchCoverage="0" crapScore="0" isConstructor="false" isStatic="false" isGetter="true" isSetter="false">
              <Summary numSequencePoints="3" visitedSequencePoints="3" numBranchPoints="0" visitedBranchPoints="0" sequenceCoverage="100.0" branchCoverage="0" maxCyclomaticComplexity="0" minCyclomaticComplexity="0" maxCrapScore="0" minCrapScore="0" visitedClasses="0" numClasses="0" visitedMethods="1" numMethods="1" />
              <MetadataToken>100663389</MetadataToken>
              <Name>UnityEngine.AI.NavMeshData NavMeshPlus.Components.NavMeshSurface::get_navMeshData()</Name>
              <FileRef uid="224" />
              <SequencePoints>
                <SequencePoint vc="64" uspid="27664" ordinal="0" offset="0" sl="87" sc="46" el="87" ec="46" bec="0" bev="0" fileid="224" />
                <SequencePoint vc="64" uspid="27665" ordinal="0" offset="1" sl="87" sc="48" el="87" ec="48" bec="0" bev="0" fileid="224" />
                <SequencePoint vc="64" uspid="27666" ordinal="0" offset="10" sl="87" sc="70" el="87" ec="70" bec="0" bev="0" fileid="224" />
              </SequencePoints>
              <BranchPoints />
            </Method>
            <Method visited="true" cyclomaticComplexity="0" nPathComplexity="0" sequenceCoverage="100.0" branchCoverage="0" crapScore="0" isConstructor="false" isStatic="true" isGetter="false" isSetter="false">
              <Summary numSequencePoints="6" visitedSequencePoints="6" numBranchPoints="0" visitedBranchPoints="0" sequenceCoverage="100.0" branchCoverage="0" maxCyclomaticComplexity="0" minCyclomaticComplexity="0" maxCrapScore="0" minCrapScore="0" visitedClasses="0" numClasses="0" visitedMethods="1" numMethods="1" />
              <MetadataToken>100663405</MetadataToken>
              <Name>static System.Void NavMeshPlus.Components.NavMeshSurface::UpdateActive()</Name>
              <FileRef uid="224" />
              <SequencePoints>
                <SequencePoint vc="9" uspid="27792" ordinal="0" offset="0" sl="268" sc="9" el="268" ec="9" bec="0" bev="0" fileid="224" />
                <SequencePoint vc="9" uspid="27793" ordinal="0" offset="1" sl="269" sc="18" el="269" ec="18" bec="0" bev="0" fileid="224" />
                <SequencePoint vc="18" uspid="27794" ordinal="0" offset="5" sl="270" sc="17" el="270" ec="17" bec="0" bev="0" fileid="224" />
                <SequencePoint vc="18" uspid="27795" ordinal="0" offset="22" sl="269" sc="58" el="269" ec="58" bec="0" bev="0" fileid="224" />
                <SequencePoint vc="27" uspid="27796" ordinal="0" offset="26" sl="269" sc="29" el="269" ec="29" bec="0" bev="0" fileid="224" />
                <SequencePoint vc="9" uspid="27797" ordinal="0" offset="43" sl="271" sc="9" el="271" ec="9" bec="0" bev="0" fileid="224" />
              </SequencePoints>
              <BranchPoints />
            </Method>
            <Method visited="true" cyclomaticComplexity="0" nPathComplexity="0" sequenceCoverage="71.43" branchCoverage="0" crapScore="0" isConstructor="false" isStatic="false" isGetter="false" isSetter="false">
              <Summary numSequencePoints="7" visitedSequencePoints="5" numBranchPoints="0" visitedBranchPoints="0" sequenceCoverage="71.43" branchCoverage="0" maxCyclomaticComplexity="0" minCyclomaticComplexity="0" maxCrapScore="0" minCrapScore="0" visitedClasses="0" numClasses="0" visitedMethods="1" numMethods="1" />
              <MetadataToken>100663411</MetadataToken>
              <Name>System.Boolean NavMeshPlus.Components.NavMeshSurface::HasTransformChanged()</Name>
              <FileRef uid="224" />
              <SequencePoints>
                <SequencePoint vc="18" uspid="27954" ordinal="0" offset="0" sl="466" sc="9" el="466" ec="9" bec="0" bev="0" fileid="224" />
                <SequencePoint vc="18" uspid="27955" ordinal="0" offset="1" sl="467" sc="13" el="467" ec="13" bec="0" bev="0" fileid="224" />
                <SequencePoint vc="0" uspid="27956" ordinal="0" offset="27" sl="467" sc="55" el="467" ec="55" bec="0" bev="0" fileid="224" />
                <SequencePoint vc="18" uspid="27957" ordinal="0" offset="31" sl="468" sc="13" el="468" ec="13" bec="0" bev="0" fileid="224" />
                <SequencePoint vc="0" uspid="27958" ordinal="0" offset="57" sl="468" sc="55" el="468" ec="55" bec="0" bev="0" fileid="224" />
                <SequencePoint vc="18" uspid="27959" ordinal="0" offset="61" sl="469" sc="13" el="469" ec="13" bec="0" bev="0" fileid="224" />
                <SequencePoint vc="18" uspid="27960" ordinal="0" offset="65" sl="470" sc="9" el="470" ec="9" bec="0" bev="0" fileid="224" />
              </SequencePoints>
              <BranchPoints />
            </Method>
            <Method visited="true" cyclomaticComplexity="0" nPathComplexity="0" sequenceCoverage="42.86" branchCoverage="0" crapScore="0" isConstructor="false" isStatic="false" isGetter="false" isSetter="false">
              <Summary numSequencePoints="7" visitedSequencePoints="3" numBranchPoints="0" visitedBranchPoints="0" sequenceCoverage="42.86" branchCoverage="0" maxCyclomaticComplexity="0" minCyclomaticComplexity="0" maxCrapScore="0" minCrapScore="0" visitedClasses="0" numClasses="0" visitedMethods="1" numMethods="1" />
              <MetadataToken>100663412</MetadataToken>
              <Name>System.Void NavMeshPlus.Components.NavMeshSurface::UpdateDataIfTransformChanged()</Name>
              <FileRef uid="224" />
              <SequencePoints>
                <SequencePoint vc="18" uspid="27961" ordinal="0" offset="0" sl="473" sc="9" el="473" ec="9" bec="0" bev="0" fileid="224" />
                <SequencePoint vc="18" uspid="27962" ordinal="0" offset="1" sl="474" sc="13" el="474" ec="13" bec="0" bev="0" fileid="224" />
                <SequencePoint vc="0" uspid="27963" ordinal="0" offset="11" sl="475" sc="13" el="475" ec="13" bec="0" bev="0" fileid="224" />
                <SequencePoint vc="0" uspid="27964" ordinal="0" offset="12" sl="476" sc="17" el="476" ec="17" bec="0" bev="0" fileid="224" />
                <SequencePoint vc="0" uspid="27965" ordinal="0" offset="19" sl="477" sc="17" el="477" ec="17" bec="0" bev="0" fileid="224" />
                <SequencePoint vc="0" uspid="27966" ordinal="0" offset="26" sl="478" sc="13" el="478" ec="13" bec="0" bev="0" fileid="224" />
                <SequencePoint vc="18" uspid="27967" ordinal="0" offset="27" sl="479" sc="9" el="479" ec="9" bec="0" bev="0" fileid="224" />
              </SequencePoints>
              <BranchPoints />
            </Method>
          </Methods>
        </Class>
        <Class>
          <Summary numSequencePoints="16" visitedSequencePoints="0" numBranchPoints="0" visitedBranchPoints="0" sequenceCoverage="0.0" branchCoverage="0.0" maxCyclomaticComplexity="0" minCyclomaticComplexity="0" maxCrapScore="0" minCrapScore="0" visitedClasses="0" numClasses="1" visitedMethods="0" numMethods="1" />
          <FullName>NavMeshPlus.Extensions.NavMeshBuilderState</FullName>
          <Methods>
            <Method visited="false" cyclomaticComplexity="0" nPathComplexity="0" sequenceCoverage="0.0" branchCoverage="0" crapScore="0" isConstructor="false" isStatic="false" isGetter="false" isSetter="false">
              <Summary numSequencePoints="16" visitedSequencePoints="0" numBranchPoints="0" visitedBranchPoints="0" sequenceCoverage="0.0" branchCoverage="0" maxCyclomaticComplexity="0" minCyclomaticComplexity="0" maxCrapScore="0" minCrapScore="0" visitedClasses="0" numClasses="0" visitedMethods="0" numMethods="1" />
              <MetadataToken>100663489</MetadataToken>
              <Name>T NavMeshPlus.Extensions.NavMeshBuilderState::GetExtraState[T](System.Boolean)</Name>
              <FileRef uid="232" />
              <SequencePoints>
                <SequencePoint vc="0" uspid="28563" ordinal="0" offset="0" sl="17" sc="0" el="17" ec="0" bec="0" bev="0" fileid="232" />
                <SequencePoint vc="0" uspid="28564" ordinal="0" offset="1" sl="18" sc="0" el="18" ec="0" bec="0" bev="0" fileid="232" />
                <SequencePoint vc="0" uspid="28565" ordinal="0" offset="14" sl="19" sc="0" el="19" ec="0" bec="0" bev="0" fileid="232" />
                <SequencePoint vc="0" uspid="28566" ordinal="0" offset="15" sl="20" sc="0" el="20" ec="0" bec="0" bev="0" fileid="232" />
                <SequencePoint vc="0" uspid="28567" ordinal="0" offset="26" sl="21" sc="0" el="21" ec="0" bec="0" bev="0" fileid="232" />
                <SequencePoint vc="0" uspid="28568" ordinal="0" offset="37" sl="22" sc="0" el="22" ec="0" bec="0" bev="0" fileid="232" />
                <SequencePoint vc="0" uspid="28569" ordinal="0" offset="38" sl="23" sc="0" el="23" ec="0" bec="0" bev="0" fileid="232" />
                <SequencePoint vc="0" uspid="28570" ordinal="0" offset="68" sl="24" sc="0" el="24" ec="0" bec="0" bev="0" fileid="232" />
                <SequencePoint vc="0" uspid="28571" ordinal="0" offset="69" sl="25" sc="0" el="25" ec="0" bec="0" bev="0" fileid="232" />
                <SequencePoint vc="0" uspid="28572" ordinal="0" offset="105" sl="26" sc="0" el="26" ec="0" bec="0" bev="0" fileid="232" />
                <SequencePoint vc="0" uspid="28573" ordinal="0" offset="112" sl="27" sc="0" el="27" ec="0" bec="0" bev="0" fileid="232" />
                <SequencePoint vc="0" uspid="28574" ordinal="0" offset="113" sl="28" sc="0" el="28" ec="0" bec="0" bev="0" fileid="232" />
                <SequencePoint vc="0" uspid="28575" ordinal="0" offset="126" sl="29" sc="0" el="29" ec="0" bec="0" bev="0" fileid="232" />
                <SequencePoint vc="0" uspid="28576" ordinal="0" offset="127" sl="30" sc="0" el="30" ec="0" bec="0" bev="0" fileid="232" />
                <SequencePoint vc="0" uspid="28577" ordinal="0" offset="128" sl="32" sc="0" el="32" ec="0" bec="0" bev="0" fileid="232" />
                <SequencePoint vc="0" uspid="28578" ordinal="0" offset="143" sl="33" sc="0" el="33" ec="0" bec="0" bev="0" fileid="232" />
              </SequencePoints>
              <BranchPoints />
            </Method>
          </Methods>
        </Class>
      </Classes>
    </Module>
    <Module>
      <Summary numSequencePoints="34" visitedSequencePoints="23" numBranchPoints="0" visitedBranchPoints="0" sequenceCoverage="67.65" branchCoverage="0.0" maxCyclomaticComplexity="0" minCyclomaticComplexity="0" maxCrapScore="0" minCrapScore="0" visitedClasses="1" numClasses="1" visitedMethods="2" numMethods="2" />
      <ModuleTime>0001-01-01T00:00:00</ModuleTime>
      <ModuleName>NavMeshPlusEditor</ModuleName>
      <Files>
        <File uid="238" fullPath="C:/Users/kk/Desktop/repositories/Mabworld/Assets/NavMeshComponents/Editor/NavMeshAssetManager.cs" />
        <File uid="239" fullPath="C:/Users/kk/Desktop/repositories/Mabworld/Assets/NavMeshComponents/Editor/NavMeshComponentsGUIUtility.cs" />
        <File uid="240" fullPath="C:/Users/kk/Desktop/repositories/Mabworld/Assets/NavMeshComponents/Editor/NavMeshLinkEditor.cs" />
        <File uid="241" fullPath="C:/Users/kk/Desktop/repositories/Mabworld/Assets/NavMeshComponents/Editor/NavMeshModifierEditor.cs" />
        <File uid="242" fullPath="C:/Users/kk/Desktop/repositories/Mabworld/Assets/NavMeshComponents/Editor/NavMeshModifierTilemapEditor.cs" />
        <File uid="243" fullPath="C:/Users/kk/Desktop/repositories/Mabworld/Assets/NavMeshComponents/Editor/NavMeshModifierVolumeEditor.cs" />
        <File uid="244" fullPath="C:/Users/kk/Desktop/repositories/Mabworld/Assets/NavMeshComponents/Editor/NavMeshSurfaceEditor.cs" />
        <File uid="245" fullPath="C:/Users/kk/Desktop/repositories/Mabworld/Assets/NavMeshComponents/Editor/AgentOverride2dEditor.cs" />
        <File uid="246" fullPath="C:/Users/kk/Desktop/repositories/Mabworld/Assets/NavMeshComponents/Editor/CollectSources2dEditor.cs" />
        <File uid="247" fullPath="C:/Users/kk/Desktop/repositories/Mabworld/Assets/NavMeshComponents/Editor/CollectSourcesCache2dEditor.cs" />
        <File uid="248" fullPath="C:/Users/kk/Desktop/repositories/Mabworld/Assets/NavMeshComponents/Editor/NavMeshAgentAttributePropertyDrawer.cs" />
        <File uid="249" fullPath="C:/Users/kk/Desktop/repositories/Mabworld/Assets/NavMeshComponents/Editor/NavMeshAreaAttributePropertyDrawer.cs" />
        <File uid="250" fullPath="C:/Users/kk/Desktop/repositories/Mabworld/Assets/NavMeshComponents/Editor/RootSources2dEditor.cs" />
      </Files>
      <Classes>
        <Class>
          <Summary numSequencePoints="34" visitedSequencePoints="23" numBranchPoints="0" visitedBranchPoints="0" sequenceCoverage="67.65" branchCoverage="0.0" maxCyclomaticComplexity="0" minCyclomaticComplexity="0" maxCrapScore="0" minCrapScore="0" visitedClasses="1" numClasses="1" visitedMethods="2" numMethods="2" />
          <FullName>NavMeshPlus.Components.Editors.NavMeshSurfaceEditor</FullName>
          <Methods>
            <Method visited="true" cyclomaticComplexity="0" nPathComplexity="0" sequenceCoverage="100.0" branchCoverage="0" crapScore="0" isConstructor="false" isStatic="true" isGetter="false" isSetter="false">
              <Summary numSequencePoints="3" visitedSequencePoints="3" numBranchPoints="0" visitedBranchPoints="0" sequenceCoverage="100.0" branchCoverage="0" maxCyclomaticComplexity="0" minCyclomaticComplexity="0" maxCrapScore="0" minCrapScore="0" visitedClasses="0" numClasses="0" visitedMethods="1" numMethods="1" />
              <MetadataToken>100663362</MetadataToken>
              <Name>static System.Void NavMeshPlus.Components.Editors.NavMeshSurfaceEditor::RenderBoxGizmoNotSelected(NavMeshPlus.Components.NavMeshSurface, UnityEditor.GizmoType)</Name>
              <FileRef uid="244" />
              <SequencePoints>
                <SequencePoint vc="32" uspid="29780" ordinal="0" offset="0" sl="316" sc="9" el="316" ec="9" bec="0" bev="0" fileid="244" />
                <SequencePoint vc="32" uspid="29781" ordinal="0" offset="1" sl="317" sc="17" el="317" ec="17" bec="0" bev="0" fileid="244" />
                <SequencePoint vc="32" uspid="29782" ordinal="0" offset="10" sl="318" sc="9" el="318" ec="9" bec="0" bev="0" fileid="244" />
              </SequencePoints>
              <BranchPoints />
            </Method>
            <Method visited="true" cyclomaticComplexity="0" nPathComplexity="0" sequenceCoverage="64.52" branchCoverage="0" crapScore="0" isConstructor="false" isStatic="true" isGetter="false" isSetter="false">
              <Summary numSequencePoints="31" visitedSequencePoints="20" numBranchPoints="0" visitedBranchPoints="0" sequenceCoverage="64.52" branchCoverage="0" maxCyclomaticComplexity="0" minCyclomaticComplexity="0" maxCrapScore="0" minCrapScore="0" visitedClasses="0" numClasses="0" visitedMethods="1" numMethods="1" />
              <MetadataToken>100663363</MetadataToken>
              <Name>static System.Void NavMeshPlus.Components.Editors.NavMeshSurfaceEditor::RenderBoxGizmo(NavMeshPlus.Components.NavMeshSurface, UnityEditor.GizmoType, System.Boolean)</Name>
              <FileRef uid="244" />
              <SequencePoints>
                <SequencePoint vc="32" uspid="29783" ordinal="0" offset="0" sl="321" sc="9" el="321" ec="9" bec="0" bev="0" fileid="244" />
                <SequencePoint vc="32" uspid="29784" ordinal="0" offset="1" sl="322" sc="13" el="322" ec="13" bec="0" bev="0" fileid="244" />
                <SequencePoint vc="32" uspid="29785" ordinal="0" offset="17" sl="323" sc="13" el="323" ec="13" bec="0" bev="0" fileid="244" />
                <SequencePoint vc="0" uspid="29786" ordinal="0" offset="32" sl="324" sc="17" el="324" ec="17" bec="0" bev="0" fileid="244" />
                <SequencePoint vc="32" uspid="29787" ordinal="0" offset="38" sl="326" sc="13" el="326" ec="13" bec="0" bev="0" fileid="244" />
                <SequencePoint vc="32" uspid="29788" ordinal="0" offset="44" sl="327" sc="13" el="327" ec="13" bec="0" bev="0" fileid="244" />
                <SequencePoint vc="32" uspid="29789" ordinal="0" offset="50" sl="330" sc="13" el="330" ec="13" bec="0" bev="0" fileid="244" />
                <SequencePoint vc="32" uspid="29790" ordinal="0" offset="83" sl="331" sc="13" el="331" ec="13" bec="0" bev="0" fileid="244" />
                <SequencePoint vc="32" uspid="29791" ordinal="0" offset="90" sl="333" sc="13" el="333" ec="13" bec="0" bev="0" fileid="244" />
                <SequencePoint vc="0" uspid="29792" ordinal="0" offset="108" sl="334" sc="13" el="334" ec="13" bec="0" bev="0" fileid="244" />
                <SequencePoint vc="0" uspid="29793" ordinal="0" offset="109" sl="335" sc="17" el="335" ec="17" bec="0" bev="0" fileid="244" />
                <SequencePoint vc="0" uspid="29794" ordinal="0" offset="116" sl="336" sc="17" el="336" ec="17" bec="0" bev="0" fileid="244" />
                <SequencePoint vc="0" uspid="29795" ordinal="0" offset="134" sl="338" sc="17" el="338" ec="17" bec="0" bev="0" fileid="244" />
                <SequencePoint vc="0" uspid="29796" ordinal="0" offset="152" sl="339" sc="17" el="339" ec="17" bec="0" bev="0" fileid="244" />
                <SequencePoint vc="0" uspid="29797" ordinal="0" offset="153" sl="340" sc="21" el="340" ec="21" bec="0" bev="0" fileid="244" />
                <SequencePoint vc="0" uspid="29798" ordinal="0" offset="208" sl="341" sc="21" el="341" ec="21" bec="0" bev="0" fileid="244" />
                <SequencePoint vc="0" uspid="29799" ordinal="0" offset="216" sl="342" sc="21" el="342" ec="21" bec="0" bev="0" fileid="244" />
                <SequencePoint vc="0" uspid="29800" ordinal="0" offset="234" sl="343" sc="17" el="343" ec="17" bec="0" bev="0" fileid="244" />
                <SequencePoint vc="0" uspid="29801" ordinal="0" offset="235" sl="344" sc="13" el="344" ec="13" bec="0" bev="0" fileid="244" />
                <SequencePoint vc="32" uspid="29802" ordinal="0" offset="238" sl="346" sc="13" el="346" ec="13" bec="0" bev="0" fileid="244" />
                <SequencePoint vc="32" uspid="29803" ordinal="0" offset="239" sl="347" sc="17" el="347" ec="17" bec="0" bev="0" fileid="244" />
                <SequencePoint vc="32" uspid="29804" ordinal="0" offset="257" sl="348" sc="17" el="348" ec="17" bec="0" bev="0" fileid="244" />
                <SequencePoint vc="32" uspid="29805" ordinal="0" offset="258" sl="349" sc="21" el="349" ec="21" bec="0" bev="0" fileid="244" />
                <SequencePoint vc="32" uspid="29806" ordinal="0" offset="271" sl="350" sc="21" el="350" ec="21" bec="0" bev="0" fileid="244" />
                <SequencePoint vc="32" uspid="29807" ordinal="0" offset="282" sl="351" sc="21" el="351" ec="21" bec="0" bev="0" fileid="244" />
                <SequencePoint vc="32" uspid="29808" ordinal="0" offset="302" sl="352" sc="17" el="352" ec="17" bec="0" bev="0" fileid="244" />
                <SequencePoint vc="32" uspid="29809" ordinal="0" offset="303" sl="353" sc="13" el="353" ec="13" bec="0" bev="0" fileid="244" />
                <SequencePoint vc="32" uspid="29810" ordinal="0" offset="304" sl="355" sc="13" el="355" ec="13" bec="0" bev="0" fileid="244" />
                <SequencePoint vc="32" uspid="29811" ordinal="0" offset="311" sl="356" sc="13" el="356" ec="13" bec="0" bev="0" fileid="244" />
                <SequencePoint vc="32" uspid="29812" ordinal="0" offset="318" sl="358" sc="13" el="358" ec="13" bec="0" bev="0" fileid="244" />
                <SequencePoint vc="32" uspid="29813" ordinal="0" offset="341" sl="359" sc="9" el="359" ec="9" bec="0" bev="0" fileid="244" />
              </SequencePoints>
              <BranchPoints />
            </Method>
          </Methods>
        </Class>
      </Classes>
    </Module>
  </Modules>
</CoverageSession>